#
# There is insufficient memory for the Java Runtime Environment to continue.
# Native memory allocation (mmap) failed to map 268435456 bytes for G1 virtual space
# Possible reasons:
#   The system is out of physical RAM or swap space
#   The process is running with CompressedOops enabled, and the Java Heap may be blocking the growth of the native heap
# Possible solutions:
#   Reduce memory load on the system
#   Increase physical memory or swap space
#   Check if swap backing store is full
#   Decrease Java heap size (-Xmx/-Xms)
#   Decrease number of Java threads
#   Decrease Java thread stack sizes (-Xss)
#   Set larger code cache with -XX:ReservedCodeCacheSize=
#   JVM is running with Zero Based Compressed Oops mode in which the Java heap is
#     placed in the first 32GB address space. The Java Heap base address is the
#     maximum limit for the native heap growth. Please use -XX:HeapBaseMinAddress
#     to set the Java Heap base and to place the Java Heap above 32GB virtual address.
# This output file may be truncated or incomplete.
#
#  Out of Memory Error (os_windows.cpp:3613), pid=15232, tid=27380
#
# JRE version:  (17.0.9+8) (build )
# Java VM: OpenJDK 64-Bit Server VM (17.0.9+8-LTS, mixed mode, emulated-client, sharing, tiered, compressed oops, compressed class ptrs, g1 gc, windows-amd64)
# No core dump will be written. Minidumps are not enabled by default on client versions of Windows
#

---------------  S U M M A R Y ------------

Command Line: -Dvisualvm.id=426380206234300 -XX:TieredStopAtLevel=1 -Dspring.output.ansi.enabled=always -Dcom.sun.management.jmxremote -Dspring.jmx.enabled=true -Dspring.liveBeansView.mbeanDomain -Dspring.application.admin.enabled=true -Dmanagement.endpoints.jmx.exposure.include=* -javaagent:D:\IntelliJ IDEA 2023.1.1\lib\idea_rt.jar=53106:D:\IntelliJ IDEA 2023.1.1\bin -Dfile.encoding=UTF-8 com.onlineshopping.order.OnlineshoppingOrderApplication

Host: Intel(R) Core(TM) i7-8550U CPU @ 1.80GHz, 8 cores, 15G,  Windows 11 , 64 bit Build 22621 (10.0.22621.2506)
Time: Tue Jan 16 12:57:55 2024  Windows 11 , 64 bit Build 22621 (10.0.22621.2506) elapsed time: 0.032755 seconds (0d 0h 0m 0s)

---------------  T H R E A D  ---------------

Current thread (0x000002a11d031080):  JavaThread "Unknown thread" [_thread_in_vm, id=27380, stack(0x000000ec22f00000,0x000000ec23000000)]

Stack: [0x000000ec22f00000,0x000000ec23000000]
Native frames: (J=compiled Java code, j=interpreted, Vv=VM code, C=native code)
V  [jvm.dll+0x67cb49]
V  [jvm.dll+0x8344da]
V  [jvm.dll+0x835f9e]
V  [jvm.dll+0x836603]
V  [jvm.dll+0x247b5f]
V  [jvm.dll+0x679969]
V  [jvm.dll+0x66e2ba]
V  [jvm.dll+0x307a5b]
V  [jvm.dll+0x30ef06]
V  [jvm.dll+0x35ecee]
V  [jvm.dll+0x35ef1f]
V  [jvm.dll+0x2de658]
V  [jvm.dll+0x2df5c4]
V  [jvm.dll+0x805d51]
V  [jvm.dll+0x36cb51]
V  [jvm.dll+0x7e47dc]
V  [jvm.dll+0x3f03cf]
V  [jvm.dll+0x3f2001]
C  [jli.dll+0x528f]
C  [ucrtbase.dll+0x29363]
C  [KERNEL32.DLL+0x1257d]
C  [ntdll.dll+0x5aa58]


---------------  P R O C E S S  ---------------

Threads class SMR info:
_java_thread_list=0x00007ff8ac08ee98, length=0, elements={
}

Java Threads: ( => current thread )

Other Threads:
  0x000002a11d09c7f0 GCTaskThread "GC Thread#0" [stack: 0x000000ec23000000,0x000000ec23100000] [id=21328]
  0x000002a11d0ae560 ConcurrentGCThread "G1 Main Marker" [stack: 0x000000ec23100000,0x000000ec23200000] [id=8580]
  0x000002a11d0af720 ConcurrentGCThread "G1 Conc#0" [stack: 0x000000ec23200000,0x000000ec23300000] [id=28480]

[error occurred during error reporting (printing all threads), id 0xc0000005, EXCEPTION_ACCESS_VIOLATION (0xc0000005) at pc=0x00007ff8ab84f097]

VM state: not at safepoint (not fully initialized)

VM Mutex/Monitor currently owned by a thread:  ([mutex/lock_event])
[0x000002a11d02bec0] Heap_lock - owner thread: 0x000002a11d031080

Heap address: 0x0000000701e00000, size: 4066 MB, Compressed Oops mode: Zero based, Oop shift amount: 3

CDS archive(s) mapped at: [0x0000000000000000-0x0000000000000000-0x0000000000000000), size 0, SharedBaseAddress: 0x0000000800000000, ArchiveRelocationMode: 1.
Narrow klass base: 0x0000000000000000, Narrow klass shift: 0, Narrow klass range: 0x0

GC Precious Log:
<Empty>

Heap:
 garbage-first heap   total 0K, used 0K [0x0000000701e00000, 0x0000000800000000)
  region size 2048K, 0 young (0K), 0 survivors (0K)

[error occurred during error reporting (printing heap information), id 0xc0000005, EXCEPTION_ACCESS_VIOLATION (0xc0000005) at pc=0x00007ff8abc368f9]

GC Heap History (0 events):
No events

Dll operation events (1 events):
Event: 0.022 Loaded shared library C:\Users\26449\.jdks\corretto-17.0.9\bin\java.dll

Deoptimization events (0 events):
No events

Classes unloaded (0 events):
No events

Classes redefined (0 events):
No events

Internal exceptions (0 events):
No events

VM Operations (0 events):
No events

Events (0 events):
No events


Dynamic libraries:
0x00007ff7ea530000 - 0x00007ff7ea53e000 	C:\Users\26449\.jdks\corretto-17.0.9\bin\java.exe
0x00007ff954190000 - 0x00007ff9543a7000 	C:\WINDOWS\SYSTEM32\ntdll.dll
0x00007ff952d10000 - 0x00007ff952dd4000 	C:\WINDOWS\System32\KERNEL32.DLL
0x00007ff9519f0000 - 0x00007ff951d96000 	C:\WINDOWS\System32\KERNELBASE.dll
0x00007ff9514d0000 - 0x00007ff9515e1000 	C:\WINDOWS\System32\ucrtbase.dll
0x00007ff93c720000 - 0x00007ff93c73b000 	C:\Users\26449\.jdks\corretto-17.0.9\bin\VCRUNTIME140.dll
0x00007ff93c750000 - 0x00007ff93c767000 	C:\Users\26449\.jdks\corretto-17.0.9\bin\jli.dll
0x00007ff953310000 - 0x00007ff9534be000 	C:\WINDOWS\System32\USER32.dll
0x00007ff9518a0000 - 0x00007ff9518c6000 	C:\WINDOWS\System32\win32u.dll
0x00007ff934f00000 - 0x00007ff935193000 	C:\WINDOWS\WinSxS\amd64_microsoft.windows.common-controls_6595b64144ccf1df_6.0.22621.2506_none_270c5ae97388e100\COMCTL32.dll
0x00007ff952de0000 - 0x00007ff952e09000 	C:\WINDOWS\System32\GDI32.dll
0x00007ff9527a0000 - 0x00007ff952847000 	C:\WINDOWS\System32\msvcrt.dll
0x00007ff9518d0000 - 0x00007ff9519e8000 	C:\WINDOWS\System32\gdi32full.dll
0x00007ff951790000 - 0x00007ff95182a000 	C:\WINDOWS\System32\msvcp_win.dll
0x00007ff9522c0000 - 0x00007ff9522f1000 	C:\WINDOWS\System32\IMM32.DLL
0x00007ff93c710000 - 0x00007ff93c71c000 	C:\Users\26449\.jdks\corretto-17.0.9\bin\vcruntime140_1.dll
0x00007ff92ac50000 - 0x00007ff92acdd000 	C:\Users\26449\.jdks\corretto-17.0.9\bin\msvcp140.dll
0x00007ff8ab560000 - 0x00007ff8ac1c1000 	C:\Users\26449\.jdks\corretto-17.0.9\bin\server\jvm.dll
0x00007ff952460000 - 0x00007ff952513000 	C:\WINDOWS\System32\ADVAPI32.dll
0x00007ff953690000 - 0x00007ff953738000 	C:\WINDOWS\System32\sechost.dll
0x00007ff951760000 - 0x00007ff951788000 	C:\WINDOWS\System32\bcrypt.dll
0x00007ff952bf0000 - 0x00007ff952d07000 	C:\WINDOWS\System32\RPCRT4.dll
0x00007ff945510000 - 0x00007ff945519000 	C:\WINDOWS\SYSTEM32\WSOCK32.dll
0x00007ff950310000 - 0x00007ff95035d000 	C:\WINDOWS\SYSTEM32\POWRPROF.dll
0x00007ff952e10000 - 0x00007ff952e81000 	C:\WINDOWS\System32\WS2_32.dll
0x00007ff94a430000 - 0x00007ff94a464000 	C:\WINDOWS\SYSTEM32\WINMM.dll
0x00007ff948120000 - 0x00007ff94812a000 	C:\WINDOWS\SYSTEM32\VERSION.dll
0x00007ff9502f0000 - 0x00007ff950303000 	C:\WINDOWS\SYSTEM32\UMPDC.dll
0x00007ff9505b0000 - 0x00007ff9505c8000 	C:\WINDOWS\SYSTEM32\kernel.appcore.dll
0x00007ff931db0000 - 0x00007ff931dba000 	C:\Users\26449\.jdks\corretto-17.0.9\bin\jimage.dll
0x00007ff94ef70000 - 0x00007ff94f1a3000 	C:\WINDOWS\SYSTEM32\DBGHELP.DLL
0x00007ff952860000 - 0x00007ff952be9000 	C:\WINDOWS\System32\combase.dll
0x00007ff951ee0000 - 0x00007ff951fb7000 	C:\WINDOWS\System32\OLEAUT32.dll
0x00007ff948d20000 - 0x00007ff948d52000 	C:\WINDOWS\SYSTEM32\dbgcore.DLL
0x00007ff951e60000 - 0x00007ff951eda000 	C:\WINDOWS\System32\bcryptPrimitives.dll
0x00007ff931300000 - 0x00007ff93130e000 	C:\Users\26449\.jdks\corretto-17.0.9\bin\instrument.dll
0x00007ff931cb0000 - 0x00007ff931cd5000 	C:\Users\26449\.jdks\corretto-17.0.9\bin\java.dll

dbghelp: loaded successfully - version: 4.0.5 - missing functions: none
symbol engine: initialized successfully - sym options: 0x614 - pdb path: .;C:\Users\26449\.jdks\corretto-17.0.9\bin;C:\WINDOWS\SYSTEM32;C:\WINDOWS\WinSxS\amd64_microsoft.windows.common-controls_6595b64144ccf1df_6.0.22621.2506_none_270c5ae97388e100;C:\Users\26449\.jdks\corretto-17.0.9\bin\server

VM Arguments:
jvm_args: -Dvisualvm.id=426380206234300 -XX:TieredStopAtLevel=1 -Dspring.output.ansi.enabled=always -Dcom.sun.management.jmxremote -Dspring.jmx.enabled=true -Dspring.liveBeansView.mbeanDomain -Dspring.application.admin.enabled=true -Dmanagement.endpoints.jmx.exposure.include=* -javaagent:D:\IntelliJ IDEA 2023.1.1\lib\idea_rt.jar=53106:D:\IntelliJ IDEA 2023.1.1\bin -Dfile.encoding=UTF-8 
java_command: com.onlineshopping.order.OnlineshoppingOrderApplication
java_class_path (initial): C:\Users\26449\IdeaProjects\onlineshopping\onlineshopping-order\target\classes;C:\Users\26449\.m2\repository\org\springframework\boot\spring-boot-starter-web\3.2.1\spring-boot-starter-web-3.2.1.jar;C:\Users\26449\.m2\repository\org\springframework\boot\spring-boot-starter\3.2.1\spring-boot-starter-3.2.1.jar;C:\Users\26449\.m2\repository\org\springframework\boot\spring-boot\3.2.1\spring-boot-3.2.1.jar;C:\Users\26449\.m2\repository\org\springframework\boot\spring-boot-starter-logging\3.2.1\spring-boot-starter-logging-3.2.1.jar;C:\Users\26449\.m2\repository\ch\qos\logback\logback-classic\1.4.14\logback-classic-1.4.14.jar;C:\Users\26449\.m2\repository\ch\qos\logback\logback-core\1.4.14\logback-core-1.4.14.jar;C:\Users\26449\.m2\repository\org\apache\logging\log4j\log4j-to-slf4j\2.21.1\log4j-to-slf4j-2.21.1.jar;C:\Users\26449\.m2\repository\org\slf4j\jul-to-slf4j\2.0.9\jul-to-slf4j-2.0.9.jar;C:\Users\26449\.m2\repository\jakarta\annotation\jakarta.annotation-api\2.1.1\jakarta.annotation-api-2.1.1.jar;C:\Users\26449\.m2\repository\org\yaml\snakeyaml\2.2\snakeyaml-2.2.jar;C:\Users\26449\.m2\repository\org\springframework\boot\spring-boot-starter-json\3.2.1\spring-boot-starter-json-3.2.1.jar;C:\Users\26449\.m2\repository\com\fasterxml\jackson\core\jackson-databind\2.15.3\jackson-databind-2.15.3.jar;C:\Users\26449\.m2\repository\com\fasterxml\jackson\core\jackson-annotations\2.15.3\jackson-annotations-2.15.3.jar;C:\Users\26449\.m2\repository\com\fasterxml\jackson\core\jackson-core\2.15.3\jackson-core-2.15.3.jar;C:\Users\26449\.m2\repository\com\fasterxml\jackson\datatype\jackson-datatype-jdk8\2.15.3\jackson-datatype-jdk8-2.15.3.jar;C:\Users\26449\.m2\repository\com\fasterxml\jackson\datatype\jackson-datatype-jsr310\2.15.3\jackson-datatype-jsr310-2.15.3.jar;C:\Users\26449\.m2\repository\com\fasterxml\jackson\module\jackson-module-parameter-names\2.15.3\jackson-module-parameter-names-2.15.3.jar;C:\Users\26449\.m2\repository\org\springframework\boot
Launcher Type: SUN_STANDARD

[Global flags]
     intx CICompilerCount                          = 4                                         {product} {ergonomic}
     uint ConcGCThreads                            = 2                                         {product} {ergonomic}
     uint G1ConcRefinementThreads                  = 8                                         {product} {ergonomic}
   size_t G1HeapRegionSize                         = 2097152                                   {product} {ergonomic}
    uintx GCDrainStackTargetSize                   = 64                                        {product} {ergonomic}
   size_t InitialHeapSize                          = 268435456                                 {product} {ergonomic}
     bool ManagementServer                         = true                                      {product} {command line}
   size_t MarkStackSize                            = 4194304                                   {product} {ergonomic}
   size_t MaxHeapSize                              = 4263510016                                {product} {ergonomic}
   size_t MinHeapDeltaBytes                        = 2097152                                   {product} {ergonomic}
   size_t MinHeapSize                              = 8388608                                   {product} {ergonomic}
    uintx NonProfiledCodeHeapSize                  = 0                                      {pd product} {ergonomic}
     bool ProfileInterpreter                       = false                                  {pd product} {command line}
    uintx ProfiledCodeHeapSize                     = 0                                      {pd product} {ergonomic}
   size_t SoftMaxHeapSize                          = 4263510016                             {manageable} {ergonomic}
     intx TieredStopAtLevel                        = 1                                         {product} {command line}
     bool UseCompressedClassPointers               = true                           {product lp64_product} {ergonomic}
     bool UseCompressedOops                        = true                           {product lp64_product} {ergonomic}
     bool UseG1GC                                  = true                                      {product} {ergonomic}
     bool UseLargePagesIndividualAllocation        = false                                  {pd product} {ergonomic}

Logging:
Log output configuration:
 #0: stdout all=warning uptime,level,tags
 #1: stderr all=off uptime,level,tags

Environment Variables:
PATH=D:\VMware Workstation\bin\;C:\Program Files (x86)\Common Files\Oracle\Java\javapath;C:\Program Files\Java\jdk-17\bin;C:\WINDOWS\system32;C:\WINDOWS;C:\WINDOWS\System32\Wbem;C:\WINDOWS\System32\WindowsPowerShell\v1.0\;C:\WINDOWS\System32\OpenSSH\;D:\Xftp7\;D:\Xshell\;C:\Program Files\Git\cmd;D:\nodejs\;C:\Users\26449\.windows-build-tools\python27\;C:\Users\26449\AppData\Local\Microsoft\WindowsApps;;D:\IntelliJ IDEA 2023.1.1\bin;;D:\Microsoft VS Code\bin;C:\Users\26449\AppData\Roaming\npm
USERNAME=123
OS=Windows_NT
PROCESSOR_IDENTIFIER=Intel64 Family 6 Model 142 Stepping 10, GenuineIntel
TMP=C:\Users\26449\AppData\Local\Temp
TEMP=C:\Users\26449\AppData\Local\Temp



Periodic native trim disabled


---------------  S Y S T E M  ---------------

OS:
 Windows 11 , 64 bit Build 22621 (10.0.22621.2506)
OS uptime: 4 days 22:26 hours
Hyper-V role detected

CPU: total 8 (initial active 8) (4 cores per cpu, 2 threads per core) family 6 model 142 stepping 10 microcode 0xe0, cx8, cmov, fxsr, ht, mmx, 3dnowpref, sse, sse2, sse3, ssse3, sse4.1, sse4.2, popcnt, lzcnt, tsc, tscinvbit, avx, avx2, aes, erms, clmul, bmi1, bmi2, adx, fma, vzeroupper, clflush, clflushopt, hv
Processor Information for all 8 processors :
  Max Mhz: 2001, Current Mhz: 2000, Mhz Limit: 1980

Memory: 4k page, system-wide physical 16261M (522M free)
TotalPageFile size 33826M (AvailPageFile size 58M)
current process WorkingSet (physical memory assigned to process): 12M, peak: 12M
current process commit charge ("private bytes"): 55M, peak: 311M

vm_info: OpenJDK 64-Bit Server VM (17.0.9+8-LTS) for windows-amd64 JRE (17.0.9+8-LTS), built on Oct 12 2023 16:15:33 by "Administrator" with MS VC++ 16.10 / 16.11 (VS2019)

END.
