#
# There is insufficient memory for the Java Runtime Environment to continue.
# Native memory allocation (mmap) failed to map 65536 bytes for Failed to commit metaspace.
# Possible reasons:
#   The system is out of physical RAM or swap space
#   The process is running with CompressedOops enabled, and the Java Heap may be blocking the growth of the native heap
# Possible solutions:
#   Reduce memory load on the system
#   Increase physical memory or swap space
#   Check if swap backing store is full
#   Decrease Java heap size (-Xmx/-Xms)
#   Decrease number of Java threads
#   Decrease Java thread stack sizes (-Xss)
#   Set larger code cache with -XX:ReservedCodeCacheSize=
#   JVM is running with Zero Based Compressed Oops mode in which the Java heap is
#     placed in the first 32GB address space. The Java Heap base address is the
#     maximum limit for the native heap growth. Please use -XX:HeapBaseMinAddress
#     to set the Java Heap base and to place the Java Heap above 32GB virtual address.
# This output file may be truncated or incomplete.
#
#  Out of Memory Error (virtualSpaceNode.cpp:110), pid=10908, tid=17532
#
# JRE version: OpenJDK Runtime Environment Corretto-17.0.9.8.1 (17.0.9+8) (build 17.0.9+8-LTS)
# Java VM: OpenJDK 64-Bit Server VM Corretto-17.0.9.8.1 (17.0.9+8-LTS, mixed mode, emulated-client, sharing, tiered, compressed oops, compressed class ptrs, g1 gc, windows-amd64)
# No core dump will be written. Minidumps are not enabled by default on client versions of Windows
#

---------------  S U M M A R Y ------------

Command Line: -Dvisualvm.id=450891489395000 -XX:TieredStopAtLevel=1 -Dspring.output.ansi.enabled=always -Dcom.sun.management.jmxremote -Dspring.jmx.enabled=true -Dspring.liveBeansView.mbeanDomain -Dspring.application.admin.enabled=true -Dmanagement.endpoints.jmx.exposure.include=* -javaagent:D:\IntelliJ IDEA 2023.1.1\lib\idea_rt.jar=65045:D:\IntelliJ IDEA 2023.1.1\bin -Dfile.encoding=UTF-8 com.onlineshopping.order.OnlineshoppingOrderApplication

Host: Intel(R) Core(TM) i7-8550U CPU @ 1.80GHz, 8 cores, 15G,  Windows 11 , 64 bit Build 22621 (10.0.22621.2506)
Time: Tue Jan 16 19:46:38 2024  Windows 11 , 64 bit Build 22621 (10.0.22621.2506) elapsed time: 11.311519 seconds (0d 0h 0m 11s)

---------------  T H R E A D  ---------------

Current thread (0x000001963a182020):  JavaThread "main" [_thread_in_vm, id=17532, stack(0x00000049cca00000,0x00000049ccb00000)]

Stack: [0x00000049cca00000,0x00000049ccb00000]
Native frames: (J=compiled Java code, j=interpreted, Vv=VM code, C=native code)
V  [jvm.dll+0x67cb49]
V  [jvm.dll+0x8344da]
V  [jvm.dll+0x835f9e]
V  [jvm.dll+0x836603]
V  [jvm.dll+0x247b5f]
V  [jvm.dll+0x83019b]
V  [jvm.dll+0x621376]
V  [jvm.dll+0x1c1ede]
V  [jvm.dll+0x623cd1]
V  [jvm.dll+0x621d16]
V  [jvm.dll+0x23c0af]
V  [jvm.dll+0x62bbc5]
V  [jvm.dll+0x1ebebb]
V  [jvm.dll+0x1ec3f5]
V  [jvm.dll+0x1eceb0]
V  [jvm.dll+0x1e22b1]
V  [jvm.dll+0x542c8e]
V  [jvm.dll+0x7ae4d8]
V  [jvm.dll+0x7ae5c4]
V  [jvm.dll+0x410d85]
V  [jvm.dll+0x416f09]
C  [java.dll+0x17ec]

Java frames: (J=compiled Java code, j=interpreted, Vv=VM code)
J 1205  java.lang.ClassLoader.defineClass1(Ljava/lang/ClassLoader;Ljava/lang/String;[BIILjava/security/ProtectionDomain;Ljava/lang/String;)Ljava/lang/Class; java.base@17.0.9 (0 bytes) @ 0x000001964205ed63 [0x000001964205eca0+0x00000000000000c3]
J 1230 c1 java.lang.ClassLoader.defineClass(Ljava/lang/String;[BIILjava/security/ProtectionDomain;)Ljava/lang/Class; java.base@17.0.9 (43 bytes) @ 0x000001964206ad6c [0x000001964206ac60+0x000000000000010c]
J 1219 c1 jdk.internal.loader.BuiltinClassLoader.defineClass(Ljava/lang/String;Ljdk/internal/loader/Resource;)Ljava/lang/Class; java.base@17.0.9 (121 bytes) @ 0x0000019642065ef4 [0x0000019642065a20+0x00000000000004d4]
J 1208 c1 jdk.internal.loader.BuiltinClassLoader.findClassOnClassPathOrNull(Ljava/lang/String;)Ljava/lang/Class; java.base@17.0.9 (64 bytes) @ 0x00000196420616ec [0x0000019642061420+0x00000000000002cc]
J 1020 c1 jdk.internal.loader.BuiltinClassLoader.loadClassOrNull(Ljava/lang/String;Z)Ljava/lang/Class; java.base@17.0.9 (143 bytes) @ 0x0000019642005a04 [0x0000019642005580+0x0000000000000484]
J 1125 c1 jdk.internal.loader.ClassLoaders$AppClassLoader.loadClass(Ljava/lang/String;Z)Ljava/lang/Class; java.base@17.0.9 (40 bytes) @ 0x000001964203bcac [0x000001964203bb60+0x000000000000014c]
J 1122 c1 java.lang.ClassLoader.loadClass(Ljava/lang/String;)Ljava/lang/Class; java.base@17.0.9 (7 bytes) @ 0x000001964203b0e4 [0x000001964203b0a0+0x0000000000000044]
v  ~StubRoutines::call_stub
j  java.lang.Class.getDeclaredFields0(Z)[Ljava/lang/reflect/Field;+0 java.base@17.0.9
j  java.lang.Class.privateGetDeclaredFields(Z)[Ljava/lang/reflect/Field;+34 java.base@17.0.9
j  java.lang.Class.getDeclaredField(Ljava/lang/String;)Ljava/lang/reflect/Field;+25 java.base@17.0.9
j  org.springframework.boot.context.properties.bind.DefaultBindConstructorProvider$Constructors.isInnerClass(Ljava/lang/Class;)Z+3
j  org.springframework.boot.context.properties.bind.DefaultBindConstructorProvider$Constructors.getCandidateConstructors(Ljava/lang/Class;)[Ljava/lang/reflect/Constructor;+1
j  org.springframework.boot.context.properties.bind.DefaultBindConstructorProvider$Constructors.getConstructors(Ljava/lang/Class;Z)Lorg/springframework/boot/context/properties/bind/DefaultBindConstructorProvider$Constructors;+14
j  org.springframework.boot.context.properties.bind.DefaultBindConstructorProvider.getBindConstructor(Ljava/lang/Class;Z)Ljava/lang/reflect/Constructor;+2
j  org.springframework.boot.context.properties.ConfigurationPropertiesBean.deduceBindMethod(Ljava/lang/Class;)Lorg/springframework/boot/context/properties/bind/BindMethod;+5
j  org.springframework.boot.context.properties.ConfigurationPropertiesBeanRegistrar.createBeanDefinition(Ljava/lang/String;Ljava/lang/Class;)Lorg/springframework/beans/factory/config/BeanDefinition;+1
j  org.springframework.boot.context.properties.ConfigurationPropertiesBeanRegistrar.registerBeanDefinition(Ljava/lang/String;Ljava/lang/Class;Lorg/springframework/core/annotation/MergedAnnotation;)V+23
j  org.springframework.boot.context.properties.ConfigurationPropertiesBeanRegistrar.register(Ljava/lang/Class;Lorg/springframework/core/annotation/MergedAnnotation;)V+19
j  org.springframework.boot.context.properties.ConfigurationPropertiesBeanRegistrar.register(Ljava/lang/Class;)V+18
j  org.springframework.boot.context.properties.EnableConfigurationPropertiesRegistrar$$Lambda$457+0x000001965229c688.accept(Ljava/lang/Object;)V+8
j  java.lang.Iterable.forEach(Ljava/util/function/Consumer;)V+30 java.base@17.0.9
j  org.springframework.boot.context.properties.EnableConfigurationPropertiesRegistrar.registerBeanDefinitions(Lorg/springframework/core/type/AnnotationMetadata;Lorg/springframework/beans/factory/support/BeanDefinitionRegistry;)V+33
j  org.springframework.context.annotation.ImportBeanDefinitionRegistrar.registerBeanDefinitions(Lorg/springframework/core/type/AnnotationMetadata;Lorg/springframework/beans/factory/support/BeanDefinitionRegistry;Lorg/springframework/beans/factory/support/BeanNameGenerator;)V+3
j  org.springframework.context.annotation.ConfigurationClassBeanDefinitionReader.lambda$loadBeanDefinitionsFromRegistrars$1(Lorg/springframework/context/annotation/ImportBeanDefinitionRegistrar;Lorg/springframework/core/type/AnnotationMetadata;)V+10
j  org.springframework.context.annotation.ConfigurationClassBeanDefinitionReader$$Lambda$454+0x00000196522962a0.accept(Ljava/lang/Object;Ljava/lang/Object;)V+12
J 3309 c1 java.util.LinkedHashMap.forEach(Ljava/util/function/BiConsumer;)V java.base@17.0.9 (65 bytes) @ 0x00000196422062cc [0x0000019642206240+0x000000000000008c]
j  org.springframework.context.annotation.ConfigurationClassBeanDefinitionReader.loadBeanDefinitionsFromRegistrars(Ljava/util/Map;)V+7
j  org.springframework.context.annotation.ConfigurationClassBeanDefinitionReader.loadBeanDefinitionsForConfigurationClass(Lorg/springframework/context/annotation/ConfigurationClass;Lorg/springframework/context/annotation/ConfigurationClassBeanDefinitionReader$TrackedConditionEvaluator;)V+126
j  org.springframework.context.annotation.ConfigurationClassBeanDefinitionReader.loadBeanDefinitions(Ljava/util/Set;)V+40
j  org.springframework.context.annotation.ConfigurationClassPostProcessor.processConfigBeanDefinitions(Lorg/springframework/beans/factory/support/BeanDefinitionRegistry;)V+379
j  org.springframework.context.annotation.ConfigurationClassPostProcessor.postProcessBeanDefinitionRegistry(Lorg/springframework/beans/factory/support/BeanDefinitionRegistry;)V+81
j  org.springframework.context.support.PostProcessorRegistrationDelegate.invokeBeanDefinitionRegistryPostProcessors(Ljava/util/Collection;Lorg/springframework/beans/factory/support/BeanDefinitionRegistry;Lorg/springframework/core/metrics/ApplicationStartup;)V+59
j  org.springframework.context.support.PostProcessorRegistrationDelegate.invokeBeanFactoryPostProcessors(Lorg/springframework/beans/factory/config/ConfigurableListableBeanFactory;Ljava/util/List;)V+238
j  org.springframework.context.support.AbstractApplicationContext.invokeBeanFactoryPostProcessors(Lorg/springframework/beans/factory/config/ConfigurableListableBeanFactory;)V+5
j  org.springframework.context.support.AbstractApplicationContext.refresh()V+62
j  org.springframework.boot.web.servlet.context.ServletWebServerApplicationContext.refresh()V+1
j  org.springframework.boot.SpringApplication.refresh(Lorg/springframework/context/ConfigurableApplicationContext;)V+1
j  org.springframework.boot.SpringApplication.refreshContext(Lorg/springframework/context/ConfigurableApplicationContext;)V+16
j  org.springframework.boot.SpringApplication.run([Ljava/lang/String;)Lorg/springframework/context/ConfigurableApplicationContext;+110
j  org.springframework.boot.SpringApplication.run([Ljava/lang/Class;[Ljava/lang/String;)Lorg/springframework/context/ConfigurableApplicationContext;+9
j  org.springframework.boot.SpringApplication.run(Ljava/lang/Class;[Ljava/lang/String;)Lorg/springframework/context/ConfigurableApplicationContext;+9
j  com.onlineshopping.order.OnlineshoppingOrderApplication.main([Ljava/lang/String;)V+3
v  ~StubRoutines::call_stub

Compiled method (n/a)   11351 1205     n 0       java.lang.ClassLoader::defineClass1 (native)
 total in heap  [0x000001964205eb10,0x000001964205eff0] = 1248
 relocation     [0x000001964205ec68,0x000001964205eca0] = 56
 main code      [0x000001964205eca0,0x000001964205eff0] = 848

[Constant Pool (empty)]

[MachCode]
[Entry Point]
  # {method} {0x0000019651010f28} 'defineClass1' '(Ljava/lang/ClassLoader;Ljava/lang/String;[BIILjava/security/ProtectionDomain;Ljava/lang/String;)Ljava/lang/Class;' in 'java/lang/ClassLoader'
  # parm0:    rdx:rdx   = 'java/lang/ClassLoader'
  # parm1:    r8:r8     = 'java/lang/String'
  # parm2:    r9:r9     = '[B'
  # parm3:    rdi       = int
  # parm4:    rsi       = int
  # parm5:    rcx:rcx   = 'java/security/ProtectionDomain'
  # parm6:    [sp+0xa0]   = 'java/lang/String'  (sp of caller)
  0x000001964205eca0: 448b 5208 | 49bb 0000 | 0051 9601 | 0000 4d03 | d349 3bc2 | 0f84 0600 

  0x000001964205ecb8: ;   {runtime_call ic_miss_stub}
  0x000001964205ecb8: 0000 e9c1 | 23c6 ff90 
[Verified Entry Point]
  0x000001964205ecc0: 8984 2400 | 90ff ff55 | 488b ec48 | 81ec 9000 | 0000 4881 | 7d10 0000 | 0000 488d | 4510 480f 
  0x000001964205ece0: 4445 1048 | 8944 2440 | 4889 4c24 | 7048 83f9 | 0048 8d44 | 2470 480f | 4444 2470 | 4889 4424 
  0x000001964205ed00: 3848 8974 | 2430 4889 | 7c24 284c | 894c 2458 | 4983 f900 | 488d 4424 | 5848 0f44 | 4424 5848 
  0x000001964205ed20: 8944 2420 | 4c89 4424 | 5049 83f8 | 004c 8d4c | 2450 4c0f | 444c 2450 | 4889 5424 | 4848 83fa 
  0x000001964205ed40: 004c 8d44 | 2448 4c0f | 4444 2448 

  0x000001964205ed4c: ;   {oop(a 'java/lang/Class'{0x0000000702830640} = 'java/lang/ClassLoader')}
  0x000001964205ed4c: 49be 4006 | 8302 0700 | 0000 4c89 | 7424 784c | 8d74 2478 | 498b d6c5 

  0x000001964205ed64: ;   {internal_word}
  0x000001964205ed64: f877 49ba | 63ed 0542 | 9601 0000 | 4d89 97a0 | 0200 0049 | 89a7 9802 

  0x000001964205ed7c: ;   {external_word}
  0x000001964205ed7c: 0000 49ba | 6e35 0eac | f87f 0000 | 4180 3a00 | 0f84 5200 | 0000 5241 

  0x000001964205ed94: ;   {metadata({method} {0x0000019651010f28} 'defineClass1' '(Ljava/lang/ClassLoader;Ljava/lang/String;[BIILjava/security/ProtectionDomain;Ljava/lang/String;)Ljava/lang/Class;' in 'java/lang/ClassLoader')}
  0x000001964205ed94: 5041 5148 | ba20 0f01 | 5196 0100 | 0049 8bcf | 4883 ec20 | f7c4 0f00 | 0000 0f84 | 1a00 0000 
  0x000001964205edb4: 4883 ec08 

  0x000001964205edb8: ;   {runtime_call}
  0x000001964205edb8: 49ba 4029 | c4ab f87f | 0000 41ff | d248 83c4 | 08e9 0d00 

  0x000001964205edcc: ;   {runtime_call}
  0x000001964205edcc: 0000 49ba | 4029 c4ab | f87f 0000 | 41ff d248 | 83c4 2041 | 5941 585a | 498d 8fb8 | 0200 0041 
  0x000001964205edec: c787 4803 | 0000 0400 

  0x000001964205edf4: ;   {runtime_call}
  0x000001964205edf4: 0000 49ba | ac16 cb31 | f97f 0000 | 41ff d2c5 | f877 41c7 | 8748 0300 | 0005 0000 | 00f0 8344 
  0x000001964205ee14: 24c0 0049 | 3baf 5003 | 0000 0f87 | 1100 0000 | 4181 bf38 | 0300 0000 | 0000 000f | 842c 0000 
  0x000001964205ee34: 00c5 f877 | 4889 45f8 | 498b cf4c | 8be4 4883 | ec20 4883 

  0x000001964205ee48: ;   {runtime_call}
  0x000001964205ee48: e4f0 49ba | 203e d4ab | f87f 0000 | 41ff d249 | 8be4 4d33 | e448 8b45 | f841 c787 | 4803 0000 
  0x000001964205ee68: 0800 0000 | 4181 bfb8 | 0300 0002 | 0000 000f | 843f 0100 

  0x000001964205ee7c: ;   {external_word}
  0x000001964205ee7c: 0049 ba6e | 350e acf8 | 7f00 0041 | 803a 000f | 8450 0000 | 0048 8945 

  0x000001964205ee94: ;   {metadata({method} {0x0000019651010f28} 'defineClass1' '(Ljava/lang/ClassLoader;Ljava/lang/String;[BIILjava/security/ProtectionDomain;Ljava/lang/String;)Ljava/lang/Class;' in 'java/lang/ClassLoader')}
  0x000001964205ee94: f848 ba20 | 0f01 5196 | 0100 0049 | 8bcf 4883 | ec20 f7c4 | 0f00 0000 | 0f84 1a00 | 0000 4883 
  0x000001964205eeb4: ;   {runtime_call}
  0x000001964205eeb4: ec08 49ba | 4029 c4ab | f87f 0000 | 41ff d248 | 83c4 08e9 | 0d00 0000 

  0x000001964205eecc: ;   {runtime_call}
  0x000001964205eecc: 49ba 4029 | c4ab f87f | 0000 41ff | d248 83c4 | 2048 8b45 | f849 c787 | 9802 0000 | 0000 0000 
  0x000001964205eeec: 49c7 87a0 | 0200 0000 | 0000 00c5 | f877 4885 | c00f 8493 | 0000 0048 | f7c0 0100 | 0000 0f84 
  0x000001964205ef0c: 8300 0000 | 488b 40ff | 4180 7f38 | 000f 846f | 0000 0048 | 83f8 000f | 8465 0000 | 0049 8b4f 
  0x000001964205ef2c: 2048 83f9 | 000f 8414 | 0000 0048 | 83e9 0849 | 894f 2049 | 034f 3048 | 8901 e943 | 0000 0050 
  0x000001964205ef4c: 498b d748 | 8bc8 4883 | ec20 f7c4 | 0f00 0000 | 0f84 1a00 | 0000 4883 

  0x000001964205ef64: ;   {runtime_call}
  0x000001964205ef64: ec08 49ba | 604c 83ab | f87f 0000 | 41ff d248 | 83c4 08e9 | 0d00 0000 

  0x000001964205ef7c: ;   {runtime_call}
  0x000001964205ef7c: 49ba 604c | 83ab f87f | 0000 41ff | d248 83c4 | 2058 e903 | 0000 0048 | 8b00 498b | 8fd8 0000 
  0x000001964205ef9c: 00c7 8100 | 0100 0000 | 0000 00c9 | 4981 7f08 | 0000 0000 | 0f85 0100 

  0x000001964205efb4: ;   {runtime_call StubRoutines (1)}
  0x000001964205efb4: 0000 c3e9 | 441f c1ff | c5f8 7748 | 8945 f84c | 8be4 4883 | ec20 4883 

  0x000001964205efcc: ;   {runtime_call}
  0x000001964205efcc: e4f0 49ba | d059 c4ab | f87f 0000 | 41ff d249 | 8be4 4d33 | e448 8b45 | f8e9 93fe | ffff f4f4 
  0x000001964205efec: f4f4 f4f4 
[/MachCode]


Compiled method (c1)   11367 1230       1       java.lang.ClassLoader::defineClass (43 bytes)
 total in heap  [0x000001964206aa90,0x000001964206b030] = 1440
 relocation     [0x000001964206abe8,0x000001964206ac48] = 96
 main code      [0x000001964206ac60,0x000001964206ae00] = 416
 stub code      [0x000001964206ae00,0x000001964206ae78] = 120
 metadata       [0x000001964206ae78,0x000001964206aea8] = 48
 scopes data    [0x000001964206aea8,0x000001964206af60] = 184
 scopes pcs     [0x000001964206af60,0x000001964206b000] = 160
 dependencies   [0x000001964206b000,0x000001964206b008] = 8
 nul chk table  [0x000001964206b008,0x000001964206b030] = 40

[Constant Pool (empty)]

[MachCode]
[Entry Point]
  # {method} {0x0000019651010cc0} 'defineClass' '(Ljava/lang/String;[BIILjava/security/ProtectionDomain;)Ljava/lang/Class;' in 'java/lang/ClassLoader'
  # this:     rdx:rdx   = 'java/lang/ClassLoader'
  # parm0:    r8:r8     = 'java/lang/String'
  # parm1:    r9:r9     = '[B'
  # parm2:    rdi       = int
  # parm3:    rsi       = int
  # parm4:    rcx:rcx   = 'java/security/ProtectionDomain'
  #           [sp+0xc0]  (sp of caller)
  0x000001964206ac60: 448b 5208 | 49bb 0000 | 0051 9601 | 0000 4d03 | d34c 3bd0 

  0x000001964206ac74: ;   {runtime_call ic_miss_stub}
  0x000001964206ac74: 0f85 0664 | c5ff 660f | 1f44 0000 
[Verified Entry Point]
  0x000001964206ac80: 8984 2400 | 90ff ff55 | 4881 ecb0 | 0000 0048 | 8954 2478 | 89b4 2494 | 0000 0089 | bc24 9000 
  0x000001964206aca0: 0000 4c89 | 8c24 8800 | 0000 498b | d84c 8bc3 | 4c8b c948 | 8bca 488b | d148 899c | 2480 0000 
  0x000001964206acc0: 0066 0f1f 

  0x000001964206acc4: ;   {optimized virtual_call}
  0x000001964206acc4: 4400 00e8 

  0x000001964206acc8: ; ImmutableOopMap {[120]=Oop [136]=Oop [128]=Oop }
                      ;*invokevirtual preDefineClass {reexecute=0 rethrow=0 return_oop=0}
                      ; - java.lang.ClassLoader::defineClass@4 (line 1015)
  0x000001964206acc8: f48a ffff | 4889 8424 | 9800 0000 

  0x000001964206acd4: ; implicit exception: dispatches to 0x000001964206adaa
  0x000001964206acd4: 448b 4010 | 49c1 e003 | 4983 f800 | 0f85 0f00 

  0x000001964206ace4: ;   {oop(NULL)}
  0x000001964206ace4: 0000 48bb | 0000 0000 | 0000 0000 | e942 0000 | 0045 8b40 | 0c49 c1e0 | 0349 83f8 | 000f 850f 
  0x000001964206ad04: ;   {oop(NULL)}
  0x000001964206ad04: 0000 0048 | bb00 0000 | 0000 0000 | 00e9 2100 | 0000 418b | 5038 48c1 | e203 483b | 0266 0f1f 
  0x000001964206ad24: ;   {optimized virtual_call}
  0x000001964206ad24: 4400 00e8 

  0x000001964206ad28: ; ImmutableOopMap {[120]=Oop [136]=Oop [128]=Oop [152]=Oop }
                      ;*invokevirtual toExternalForm {reexecute=0 rethrow=0 return_oop=0}
                      ; - java.net.URL::toExternalForm@5 (line 1039)
                      ; - java.net.URL::toString@1 (line 1025)
                      ; - java.lang.ClassLoader::defineClassSourceLocation@22 (line 917)
                      ; - java.lang.ClassLoader::defineClass@12 (line 1016)
  0x000001964206ad28: 748a fcff | 488b d848 | 8b84 2498 | 0000 008b | b424 9400 | 0000 8bbc | 2490 0000 | 004c 8b8c 
  0x000001964206ad48: 2488 0000 | 004c 8b84 | 2480 0000 | 0048 8b54 | 2478 4c8b | da49 8bd3 | 488b c848 

  0x000001964206ad64: ;   {static_call}
  0x000001964206ad64: 891c 24e8 

  0x000001964206ad68: ; ImmutableOopMap {[152]=Oop [120]=Oop }
                      ;*invokestatic defineClass1 {reexecute=0 rethrow=0 return_oop=0}
                      ; - java.lang.ClassLoader::defineClass@27 (line 1017)
  0x000001964206ad68: 543f ffff | 4c8b c04c | 8b8c 2498 | 0000 0048 | 8b54 2478 | 4889 8424 | a000 0000 

  0x000001964206ad84: ;   {optimized virtual_call}
  0x000001964206ad84: 6666 90e8 

  0x000001964206ad88: ; ImmutableOopMap {[160]=Oop }
                      ;*invokevirtual postDefineClass {reexecute=0 rethrow=0 return_oop=0}
                      ; - java.lang.ClassLoader::defineClass@37 (line 1018)
  0x000001964206ad88: 7478 ffff | 488b 8424 | a000 0000 | 4881 c4b0 | 0000 005d 

  0x000001964206ad9c: ;   {poll_return}
  0x000001964206ad9c: 493b a750 | 0300 000f | 8715 0000 

  0x000001964206ada8: ;   {runtime_call throw_null_pointer_exception Runtime1 stub}
  0x000001964206ada8: 00c3 e871 

  0x000001964206adac: ; ImmutableOopMap {[120]=Oop [136]=Oop [128]=Oop rax=Oop [152]=Oop }
                      ;*invokevirtual getCodeSource {reexecute=0 rethrow=0 return_oop=0}
                      ; - java.lang.ClassLoader::defineClassSourceLocation@1 (line 914)
                      ; - java.lang.ClassLoader::defineClass@12 (line 1016)
                      ;   {runtime_call throw_null_pointer_exception Runtime1 stub}
  0x000001964206adac: 95cf ffe8 

  0x000001964206adb0: ; ImmutableOopMap {[120]=Oop [136]=Oop [128]=Oop rax=Oop [152]=Oop }
                      ;*invokevirtual getLocation {reexecute=0 rethrow=0 return_oop=0}
                      ; - java.lang.ClassLoader::defineClassSourceLocation@12 (line 916)
                      ; - java.lang.ClassLoader::defineClass@12 (line 1016)
  0x000001964206adb0: 6c95 cfff 

  0x000001964206adb4: ;   {runtime_call throw_null_pointer_exception Runtime1 stub}
  0x000001964206adb4: e867 95cf 

  0x000001964206adb8: ; ImmutableOopMap {[120]=Oop [136]=Oop [128]=Oop [152]=Oop r8=Oop }
                      ;*invokevirtual toString {reexecute=0 rethrow=0 return_oop=0}
                      ; - java.lang.ClassLoader::defineClassSourceLocation@22 (line 917)
                      ; - java.lang.ClassLoader::defineClass@12 (line 1016)
                      ;   {runtime_call throw_null_pointer_exception Runtime1 stub}
  0x000001964206adb8: ffe8 6295 

  0x000001964206adbc: ; ImmutableOopMap {[120]=Oop [136]=Oop [128]=Oop [152]=Oop r8=Oop rdx=Oop }
                      ;*invokevirtual toExternalForm {reexecute=0 rethrow=0 return_oop=0}
                      ; - java.net.URL::toExternalForm@5 (line 1039)
                      ; - java.net.URL::toString@1 (line 1025)
                      ; - java.lang.ClassLoader::defineClassSourceLocation@22 (line 917)
                      ; - java.lang.ClassLoader::defineClass@12 (line 1016)
                      ;   {internal_word}
  0x000001964206adbc: cfff 49ba | 9cad 0642 | 9601 0000 | 4d89 9768 

  0x000001964206adcc: ;   {runtime_call SafepointBlob}
  0x000001964206adcc: 0300 00e9 | 2ccc c5ff | 9090 498b | 87e0 0300 | 0049 c787 | e003 0000 | 0000 0000 | 49c7 87e8 
  0x000001964206adec: 0300 0000 | 0000 0048 | 81c4 b000 

  0x000001964206adf8: ;   {runtime_call unwind_exception Runtime1 stub}
  0x000001964206adf8: 0000 5de9 | 0083 cfff 
[Stub Code]
  0x000001964206ae00: ;   {no_reloc}
  0x000001964206ae00: 0f1f 4400 

  0x000001964206ae04: ;   {static_stub}
  0x000001964206ae04: 0048 bb00 | 0000 0000 

  0x000001964206ae0c: ;   {runtime_call}
  0x000001964206ae0c: 0000 00e9 | fbff ffff 

  0x000001964206ae14: ;   {static_stub}
  0x000001964206ae14: 9048 bb00 | 0000 0000 

  0x000001964206ae1c: ;   {runtime_call}
  0x000001964206ae1c: 0000 00e9 | fbff ffff 

  0x000001964206ae24: ;   {static_stub}
  0x000001964206ae24: 9048 bb00 | 0000 0000 

  0x000001964206ae2c: ;   {runtime_call}
  0x000001964206ae2c: 0000 00e9 | fbff ffff 

  0x000001964206ae34: ;   {static_stub}
  0x000001964206ae34: 9048 bb00 | 0000 0000 

  0x000001964206ae3c: ;   {runtime_call}
  0x000001964206ae3c: 0000 00e9 | fbff ffff 
[Exception Handler]
  0x000001964206ae44: ;   {runtime_call handle_exception_from_callee Runtime1 stub}
  0x000001964206ae44: e8b7 b2cf 

  0x000001964206ae48: ;   {external_word}
  0x000001964206ae48: ff48 b940 | 9ae8 abf8 | 7f00 0048 

  0x000001964206ae54: ;   {runtime_call}
  0x000001964206ae54: 83e4 f049 | ba60 2bb1 | abf8 7f00 | 0041 ffd2 

  0x000001964206ae64: ;   {section_word}
  0x000001964206ae64: f449 ba65 | ae06 4296 | 0100 0041 

  0x000001964206ae70: ;   {runtime_call DeoptimizationBlob}
  0x000001964206ae70: 52e9 2abe | c5ff f4f4 
[/MachCode]


Compiled method (c1)   11381 1219       1       jdk.internal.loader.BuiltinClassLoader::defineClass (121 bytes)
 total in heap  [0x0000019642065790,0x0000019642066628] = 3736
 relocation     [0x00000196420658e8,0x0000019642065a18] = 304
 main code      [0x0000019642065a20,0x0000019642066060] = 1600
 stub code      [0x0000019642066060,0x00000196420661a8] = 328
 metadata       [0x00000196420661a8,0x00000196420661f0] = 72
 scopes data    [0x00000196420661f0,0x0000019642066448] = 600
 scopes pcs     [0x0000019642066448,0x00000196420665e8] = 416
 dependencies   [0x00000196420665e8,0x00000196420665f0] = 8
 handler table  [0x00000196420665f0,0x0000019642066608] = 24
 nul chk table  [0x0000019642066608,0x0000019642066628] = 32

[Constant Pool (empty)]

[MachCode]
[Entry Point]
  # {method} {0x0000019651434550} 'defineClass' '(Ljava/lang/String;Ljdk/internal/loader/Resource;)Ljava/lang/Class;' in 'jdk/internal/loader/BuiltinClassLoader'
  # this:     rdx:rdx   = 'jdk/internal/loader/BuiltinClassLoader'
  # parm0:    r8:r8     = 'java/lang/String'
  # parm1:    r9:r9     = 'jdk/internal/loader/Resource'
  #           [sp+0x110]  (sp of caller)
  0x0000019642065a20: 448b 5208 | 49bb 0000 | 0051 9601 | 0000 4d03 | d34c 3bd0 

  0x0000019642065a34: ;   {runtime_call ic_miss_stub}
  0x0000019642065a34: 0f85 46b6 | c5ff 660f | 1f44 0000 
[Verified Entry Point]
  0x0000019642065a40: 8984 2400 | 90ff ff55 | 4881 ec00 | 0100 0048 | 8994 24a0 | 0000 004c | 8984 2490 | 0000 004c 
  0x0000019642065a60: 898c 2498 | 0000 0049 | 8bd1 6666 | 9048 b8ff | ffff ffff 

  0x0000019642065a74: ;   {virtual_call}
  0x0000019642065a74: ffff ffe8 

  0x0000019642065a78: ; ImmutableOopMap {[152]=Oop [160]=Oop [144]=Oop }
                      ;*invokevirtual getCodeSourceURL {reexecute=0 rethrow=0 return_oop=0}
                      ; - jdk.internal.loader.BuiltinClassLoader::defineClass@1 (line 842)
  0x0000019642065a78: 5ce8 ddff | 4889 8424 | a800 0000 | 4c8b 8424 | 9000 0000 

  0x0000019642065a8c: ; implicit exception: dispatches to 0x0000019642065f53
  0x0000019642065a8c: 418b 7014 | 48c1 e603 

  0x0000019642065a94: ; implicit exception: dispatches to 0x0000019642065f58
  0x0000019642065a94: 8b56 0c45 | 0fbe 4810 | 498b c9c1 | e118 c1f9 | 18d3 fa48 | 8bfa ffcf | 4183 f900 | ba00 0000 
  0x0000019642065ab4: 000f 8505 | 0000 00ba | 0100 0000 | 83e2 0183 | fa00 488b | d641 b82e | 0000 004c | 8bcf 0f84 
  0x0000019642065ad4: 1100 0000 | 0f1f 8000 

  0x0000019642065adc: ;   {static_call}
  0x0000019642065adc: 0000 00e8 

  0x0000019642065ae0: ; ImmutableOopMap {[152]=Oop [160]=Oop [168]=Oop [144]=Oop }
                      ;*invokestatic lastIndexOf {reexecute=0 rethrow=0 return_oop=0}
                      ; - java.lang.String::lastIndexOf@13 (line 2489)
                      ; - java.lang.String::lastIndexOf@8 (line 2451)
                      ; - jdk.internal.loader.BuiltinClassLoader::defineClass@8 (line 845)
  0x0000019642065ae0: 3c16 d1ff | e90b 0000 | 0066 0f1f 

  0x0000019642065aec: ;   {static_call}
  0x0000019642065aec: 4400 00e8 

  0x0000019642065af0: ; ImmutableOopMap {[152]=Oop [160]=Oop [168]=Oop [144]=Oop }
                      ;*invokestatic lastIndexOf {reexecute=0 rethrow=0 return_oop=0}
                      ; - java.lang.String::lastIndexOf@25 (line 2490)
                      ; - java.lang.String::lastIndexOf@8 (line 2451)
                      ; - jdk.internal.loader.BuiltinClassLoader::defineClass@8 (line 845)
  0x0000019642065af0: 8cbe c5ff | 83f8 ff0f | 8467 0000 | 0041 b800 | 0000 004c | 8bc8 488b | 9424 9000 

  0x0000019642065b0c: ;   {optimized virtual_call}
  0x0000019642065b0c: 0000 90e8 

  0x0000019642065b10: ; ImmutableOopMap {[152]=Oop [160]=Oop [168]=Oop [144]=Oop }
                      ;*invokevirtual substring {reexecute=0 rethrow=0 return_oop=0}
                      ; - jdk.internal.loader.BuiltinClassLoader::defineClass@23 (line 847)
  0x0000019642065b10: 6ca5 e5ff | 488b 9424 | 9800 0000 | 4889 8424 | b000 0000 | 9048 b8ff | ffff ffff 

  0x0000019642065b2c: ;   {virtual_call}
  0x0000019642065b2c: ffff ffe8 

  0x0000019642065b30: ; ImmutableOopMap {[152]=Oop [160]=Oop [168]=Oop [144]=Oop [176]=Oop }
                      ;*invokevirtual getManifest {reexecute=0 rethrow=0 return_oop=0}
                      ; - jdk.internal.loader.BuiltinClassLoader::defineClass@29 (line 848)
  0x0000019642065b30: d4e7 ddff | 4c8b 8424 | b000 0000 | 4c8b c848 | 8bbc 24a8 | 0000 0048 | 8b94 24a0 | 0000 0066 
  0x0000019642065b50: 0f1f 4400 | 0048 b838 | dc07 5196 

  0x0000019642065b5c: ;   {virtual_call}
  0x0000019642065b5c: 0100 00e8 

  0x0000019642065b60: ; ImmutableOopMap {[152]=Oop [160]=Oop [168]=Oop [144]=Oop }
                      ;*invokevirtual defineOrCheckPackage {reexecute=0 rethrow=0 return_oop=0}
                      ; - jdk.internal.loader.BuiltinClassLoader::defineClass@40 (line 849)
  0x0000019642065b60: bcf0 ffff | 4c8b 8c24 | 9800 0000 | 488d 9424 | e000 0000 | 4c89 4a08 | 498b 0148 | 83c8 0148 
  0x0000019642065b80: 8902 f049 | 0fb1 110f | 8413 0000 | 0048 2bc4 | 4881 e007 | f0ff ff48 | 8902 0f85 | bd03 0000 
  0x0000019642065ba0: 418b 510c | 48c1 e203 | 4883 fa00 | 0f85 4700 | 0000 498b | d148 b8ff | ffff ffff 

  0x0000019642065bbc: ;   {virtual_call}
  0x0000019642065bbc: ffff ffe8 

  0x0000019642065bc0: ; ImmutableOopMap {[160]=Oop [168]=Oop [144]=Oop [152]=Oop [232]=Oop }
                      ;*invokevirtual getInputStream {reexecute=0 rethrow=0 return_oop=0}
                      ; - jdk.internal.loader.Resource::cachedInputStream@9 (line 77)
                      ; - jdk.internal.loader.Resource::getByteBuffer@1 (line 163)
                      ; - jdk.internal.loader.BuiltinClassLoader::defineClass@45 (line 853)
  0x0000019642065bc0: 3c65 d0ff | 410f be57 | 3883 fa00 | 4c8b 8c24 | 9800 0000 | 0f85 9603 | 0000 4c8b | d049 c1ea 
  0x0000019642065be0: 0345 8951 | 0c49 8bd1 | 4833 d048 | c1ea 1548 | 83fa 000f | 8597 0300 | 0041 8b51 | 0c48 c1e2 
  0x0000019642065c00: 0348 8d84 | 24e0 0000 | 0048 8b30 | 4885 f60f | 840f 0000 | 0048 8b78 | 08f0 480f | b137 0f85 
  0x0000019642065c20: 8403 0000 | 4883 fa00 | 0f84 4400 

  0x0000019642065c2c: ;   {metadata('sun/nio/ByteBuffered')}
  0x0000019642065c2c: 0000 48b8 | 40dd 0d51 | 9601 0000 | 8b5a 0849 | ba00 0000 | 5196 0100 | 0049 03da | 483b 4320 
  0x0000019642065c4c: 0f84 2500 | 0000 483b | d80f 841c | 0000 0053 

  0x0000019642065c5c: ;   {runtime_call slow_subtype_check Runtime1 stub}
  0x0000019642065c5c: 50e8 9e10 | d0ff 5b5b | 83fb 000f | 8405 0000 | 00e9 0500 | 0000 4833 | f6eb 0a48 | be01 0000 
  0x0000019642065c7c: 0000 0000 | 0083 fe00 | 0f84 6700 | 0000 4883 | fa00 0f84 | 4400 0000 

  0x0000019642065c94: ;   {metadata('sun/nio/ByteBuffered')}
  0x0000019642065c94: 48bb 40dd | 0d51 9601 | 0000 8b7a | 0849 ba00 | 0000 5196 | 0100 0049 | 03fa 483b | 5f20 0f84 
  0x0000019642065cb4: 2000 0000 | 483b fb0f | 8417 0000 

  0x0000019642065cc0: ;   {runtime_call slow_subtype_check Runtime1 stub}
  0x0000019642065cc0: 0057 53e8 | 3810 d0ff | 5f5f 83ff | 000f 84eb | 0200 00e9 | 0000 0000 | 0f1f 4400 | 0048 b8ff 
  0x0000019642065ce0: ffff ffff 

  0x0000019642065ce4: ;   {virtual_call}
  0x0000019642065ce4: ffff ffe8 

  0x0000019642065ce8: ; ImmutableOopMap {[160]=Oop [168]=Oop [144]=Oop [152]=Oop }
                      ;*invokeinterface getByteBuffer {reexecute=0 rethrow=0 return_oop=0}
                      ; - jdk.internal.loader.Resource::getByteBuffer@16 (line 165)
                      ; - jdk.internal.loader.BuiltinClassLoader::defineClass@45 (line 853)
  0x0000019642065ce8: 94b9 c5ff | e90a 0000 

  0x0000019642065cf0: ;   {oop(NULL)}
  0x0000019642065cf0: 0048 b800 | 0000 0000 | 0000 0048 | 83f8 000f | 84e5 0000 | 0048 8984 | 24b8 0000 | 0048 8b94 
  0x0000019642065d10: 2498 0000 | 0048 b8ff | ffff ffff 

  0x0000019642065d1c: ;   {virtual_call}
  0x0000019642065d1c: ffff ffe8 

  0x0000019642065d20: ; ImmutableOopMap {[160]=Oop [168]=Oop [144]=Oop [184]=Oop }
                      ;*invokevirtual getCodeSigners {reexecute=0 rethrow=0 return_oop=0}
                      ; - jdk.internal.loader.BuiltinClassLoader::defineClass@56 (line 855)
  0x0000019642065d20: 5cb9 c5ff 

  0x0000019642065d24: ;   {metadata('java/security/CodeSource')}
  0x0000019642065d24: 4c8b c848 | bab0 ee00 | 5196 0100 | 0049 8b87 | 0801 0000 | 488d 7828 | 493b bf18 | 0100 000f 
  0x0000019642065d44: 877e 0200 | 0049 89bf | 0801 0000 | 48c7 0001 | 0000 0048 | 8bca 49ba | 0000 0051 | 9601 0000 
  0x0000019642065d64: 492b ca89 | 4808 4833 | c989 480c | 4833 c948 | 8948 1048 | 8948 1848 | 8948 204c | 8b84 24a8 
  0x0000019642065d84: 0000 0048 | 8bd0 4889 | 8424 c000 | 0000 0f1f 

  0x0000019642065d94: ;   {optimized virtual_call}
  0x0000019642065d94: 4400 00e8 

  0x0000019642065d98: ; ImmutableOopMap {[160]=Oop [144]=Oop [184]=Oop [192]=Oop }
                      ;*invokespecial <init> {reexecute=0 rethrow=0 return_oop=0}
                      ; - jdk.internal.loader.BuiltinClassLoader::defineClass@68 (line 856)
  0x0000019642065d98: e4b5 c5ff | 4c8b 8424 | c000 0000 | 488b 9424 | a000 0000 

  0x0000019642065dac: ;   {optimized virtual_call}
  0x0000019642065dac: 6666 90e8 

  0x0000019642065db0: ; ImmutableOopMap {[160]=Oop [144]=Oop [184]=Oop }
                      ;*invokevirtual getProtectionDomain {reexecute=0 rethrow=0 return_oop=0}
                      ; - java.security.SecureClassLoader::defineClass@5 (line 182)
                      ; - jdk.internal.loader.BuiltinClassLoader::defineClass@79 (line 857)
  0x0000019642065db0: ccb5 c5ff | 4c8b 8424 | 9000 0000 | 4c8b 8c24 | b800 0000 | 488b f848 | 8b94 24a0 

  0x0000019642065dcc: ;   {optimized virtual_call}
  0x0000019642065dcc: 0000 00e8 

  0x0000019642065dd0: ; ImmutableOopMap {}
                      ;*invokevirtual defineClass {reexecute=0 rethrow=0 return_oop=0}
                      ; - java.security.SecureClassLoader::defineClass@8 (line 182)
                      ; - jdk.internal.loader.BuiltinClassLoader::defineClass@79 (line 857)
  0x0000019642065dd0: acb5 c5ff | 4881 c400 | 0100 005d 

  0x0000019642065ddc: ;   {poll_return}
  0x0000019642065ddc: 493b a750 | 0300 000f | 87eb 0100 | 00c3 4c8b | 8c24 9800 | 0000 498b | d148 b8ff | ffff ffff 
  0x0000019642065dfc: ;   {virtual_call}
  0x0000019642065dfc: ffff ffe8 

  0x0000019642065e00: ; ImmutableOopMap {[160]=Oop [144]=Oop [152]=Oop [168]=Oop }
                      ;*invokevirtual getBytes {reexecute=0 rethrow=0 return_oop=0}
                      ; - jdk.internal.loader.BuiltinClassLoader::defineClass@84 (line 859)
  0x0000019642065e00: d468 d0ff | 4889 8424 | c800 0000 | 488b 9424 | 9800 0000 | 9048 b8ff | ffff ffff 

  0x0000019642065e1c: ;   {virtual_call}
  0x0000019642065e1c: ffff ffe8 

  0x0000019642065e20: ; ImmutableOopMap {[160]=Oop [144]=Oop [168]=Oop [200]=Oop }
                      ;*invokevirtual getCodeSigners {reexecute=0 rethrow=0 return_oop=0}
                      ; - jdk.internal.loader.BuiltinClassLoader::defineClass@90 (line 860)
  0x0000019642065e20: 2464 d0ff 

  0x0000019642065e24: ;   {metadata('java/security/CodeSource')}
  0x0000019642065e24: 4c8b c848 | bab0 ee00 | 5196 0100 | 0049 8b87 | 0801 0000 | 488d 7828 | 493b bf18 | 0100 000f 
  0x0000019642065e44: 87a1 0100 | 0049 89bf | 0801 0000 | 48c7 0001 | 0000 0048 | 8bca 49ba | 0000 0051 | 9601 0000 
  0x0000019642065e64: 492b ca89 | 4808 4833 | c989 480c | 4833 c948 | 8948 1048 | 8948 1848 | 8948 204c | 8b84 24a8 
  0x0000019642065e84: 0000 0048 | 8bd0 4889 | 8424 d000 | 0000 0f1f 

  0x0000019642065e94: ;   {optimized virtual_call}
  0x0000019642065e94: 4400 00e8 

  0x0000019642065e98: ; ImmutableOopMap {[160]=Oop [144]=Oop [200]=Oop [208]=Oop }
                      ;*invokespecial <init> {reexecute=0 rethrow=0 return_oop=0}
                      ; - jdk.internal.loader.BuiltinClassLoader::defineClass@102 (line 861)
  0x0000019642065e98: e49d ffff | 488b 8424 | c800 0000 

  0x0000019642065ea4: ; implicit exception: dispatches to 0x0000019642065ff7
  0x0000019642065ea4: 8b70 0c4c | 8b84 24d0 | 0000 0048 | 8b94 24a0 | 0000 0089 | b424 d800 

  0x0000019642065ebc: ;   {optimized virtual_call}
  0x0000019642065ebc: 0000 90e8 

  0x0000019642065ec0: ; ImmutableOopMap {[160]=Oop [144]=Oop [200]=Oop }
                      ;*invokevirtual getProtectionDomain {reexecute=0 rethrow=0 return_oop=0}
                      ; - java.security.SecureClassLoader::defineClass@9 (line 150)
                      ; - jdk.internal.loader.BuiltinClassLoader::defineClass@117 (line 862)
  0x0000019642065ec0: 1ca4 ffff | 4c8b 8424 | 9000 0000 | 4c8b 8c24 | c800 0000 | bf00 0000 | 008b b424 | d800 0000 
  0x0000019642065ee0: 488b c848 | 8b94 24a0 | 0000 000f 

  0x0000019642065eec: ;   {optimized virtual_call}
  0x0000019642065eec: 1f40 00e8 

  0x0000019642065ef0: ; ImmutableOopMap {}
                      ;*invokevirtual defineClass {reexecute=0 rethrow=0 return_oop=0}
                      ; - java.security.SecureClassLoader::defineClass@12 (line 150)
                      ; - jdk.internal.loader.BuiltinClassLoader::defineClass@117 (line 862)
  0x0000019642065ef0: 8c4d 0000 | 4881 c400 | 0100 005d 

  0x0000019642065efc: ;   {poll_return}
  0x0000019642065efc: 493b a750 | 0300 000f | 87f3 0000 | 00c3 498b | 87e0 0300 | 004d 33d2 | 4d89 97e0 | 0300 004d 
  0x0000019642065f1c: 33d2 4d89 | 97e8 0300 | 0048 8bf0 | 488d 8424 | e000 0000 | 488b 3848 | 85ff 0f84 | 0f00 0000 
  0x0000019642065f3c: 488b 5808 | f048 0fb1 | 3b0f 85c7 | 0000 0048 | 8bc6 e9f4 

  0x0000019642065f50: ;   {runtime_call throw_null_pointer_exception Runtime1 stub}
  0x0000019642065f50: 0000 00e8 

  0x0000019642065f54: ; ImmutableOopMap {[152]=Oop [160]=Oop rax=Oop [168]=Oop r8=Oop [144]=Oop }
                      ;*invokevirtual lastIndexOf {reexecute=0 rethrow=0 return_oop=0}
                      ; - jdk.internal.loader.BuiltinClassLoader::defineClass@8 (line 845)
  0x0000019642065f54: c8e3 cfff 

  0x0000019642065f58: ;   {runtime_call throw_null_pointer_exception Runtime1 stub}
  0x0000019642065f58: e8c3 e3cf 

  0x0000019642065f5c: ; ImmutableOopMap {[152]=Oop [160]=Oop rax=Oop [168]=Oop r8=Oop [144]=Oop rsi=Oop }
                      ;*arraylength {reexecute=0 rethrow=0 return_oop=0}
                      ; - java.lang.String::length@4 (line 1481)
                      ; - java.lang.String::lastIndexOf@3 (line 2451)
                      ; - jdk.internal.loader.BuiltinClassLoader::defineClass@8 (line 845)
  0x0000019642065f5c: ff4c 894c | 2408 4889 

  0x0000019642065f64: ;   {runtime_call monitorenter_nofpu Runtime1 stub}
  0x0000019642065f64: 1424 e895 

  0x0000019642065f68: ; ImmutableOopMap {[160]=Oop [168]=Oop [144]=Oop r9=Oop [152]=Oop [232]=Oop }
                      ;*synchronization entry
                      ; - jdk.internal.loader.Resource::cachedInputStream@-1 (line 76)
                      ; - jdk.internal.loader.Resource::getByteBuffer@1 (line 163)
                      ; - jdk.internal.loader.BuiltinClassLoader::defineClass@45 (line 853)
  0x0000019642065f68: 13d0 ffe9 | 30fc ffff | 418b 510c | 48c1 e203 | 4883 fa00 | 0f84 58fc | ffff 4889 

  0x0000019642065f84: ;   {runtime_call g1_pre_barrier_slow}
  0x0000019642065f84: 1424 e875 | 3dd0 ffe9 | 4afc ffff | 4883 f800 | 0f84 5ffc | ffff 4c89 

  0x0000019642065f9c: ;   {runtime_call g1_post_barrier_slow}
  0x0000019642065f9c: 0c24 e85d | 40d0 ffe9 | 51fc ffff | 488d 8424 | e000 0000 | 4889 0424 

  0x0000019642065fb4: ;   {runtime_call monitorexit_nofpu Runtime1 stub}
  0x0000019642065fb4: e847 19d0 | ffe9 66fc | ffff 4889 

  0x0000019642065fc0: ;   {runtime_call throw_class_cast_exception Runtime1 stub}
  0x0000019642065fc0: 1424 e859 

  0x0000019642065fc4: ; ImmutableOopMap {[160]=Oop [168]=Oop [144]=Oop [152]=Oop }
                      ;*checkcast {reexecute=0 rethrow=0 return_oop=0}
                      ; - jdk.internal.loader.Resource::getByteBuffer@13 (line 165)
                      ; - jdk.internal.loader.BuiltinClassLoader::defineClass@45 (line 853)
  0x0000019642065fc4: 07d0 ff48 

  0x0000019642065fc8: ;   {runtime_call fast_new_instance Runtime1 stub}
  0x0000019642065fc8: 8bd2 e831 

  0x0000019642065fcc: ; ImmutableOopMap {[160]=Oop [168]=Oop [144]=Oop [184]=Oop r9=Oop }
                      ;*new {reexecute=0 rethrow=0 return_oop=0}
                      ; - jdk.internal.loader.BuiltinClassLoader::defineClass@61 (line 856)
  0x0000019642065fcc: eccf ffe9 | abfd ffff 

  0x0000019642065fd4: ;   {internal_word}
  0x0000019642065fd4: 49ba dc5d | 0642 9601 | 0000 4d89 | 9768 0300 

  0x0000019642065fe4: ;   {runtime_call SafepointBlob}
  0x0000019642065fe4: 00e9 161a | c6ff 488b 

  0x0000019642065fec: ;   {runtime_call fast_new_instance Runtime1 stub}
  0x0000019642065fec: d2e8 0eec 

  0x0000019642065ff0: ; ImmutableOopMap {[160]=Oop [144]=Oop [168]=Oop [200]=Oop r9=Oop }
                      ;*new {reexecute=0 rethrow=0 return_oop=0}
                      ; - jdk.internal.loader.BuiltinClassLoader::defineClass@95 (line 861)
  0x0000019642065ff0: cfff e988 

  0x0000019642065ff4: ;   {runtime_call throw_null_pointer_exception Runtime1 stub}
  0x0000019642065ff4: feff ffe8 

  0x0000019642065ff8: ; ImmutableOopMap {[160]=Oop [144]=Oop [208]=Oop rax=Oop [200]=Oop }
                      ;*arraylength {reexecute=0 rethrow=0 return_oop=0}
                      ; - jdk.internal.loader.BuiltinClassLoader::defineClass@114 (line 862)
  0x0000019642065ff8: 24e3 cfff 

  0x0000019642065ffc: ;   {internal_word}
  0x0000019642065ffc: 49ba fc5e | 0642 9601 | 0000 4d89 | 9768 0300 

  0x000001964206600c: ;   {runtime_call SafepointBlob}
  0x000001964206600c: 00e9 ee19 | c6ff 488d | 8424 e000 | 0000 4889 

  0x000001964206601c: ;   {runtime_call monitorexit_nofpu Runtime1 stub}
  0x000001964206601c: 0424 e8dd | 18d0 ffe9 | 23ff ffff | 9090 498b | 87e0 0300 | 0049 c787 | e003 0000 | 0000 0000 
  0x000001964206603c: 49c7 87e8 | 0300 0000 | 0000 0048 | 81c4 0001 

  0x000001964206604c: ;   {runtime_call unwind_exception Runtime1 stub}
  0x000001964206604c: 0000 5de9 | acd0 cfff | f4f4 f4f4 | f4f4 f4f4 | f4f4 f4f4 
[Stub Code]
  0x0000019642066060: ;   {no_reloc}
  0x0000019642066060: 0f1f 4400 

  0x0000019642066064: ;   {static_stub}
  0x0000019642066064: 0048 bb00 | 0000 0000 

  0x000001964206606c: ;   {runtime_call}
  0x000001964206606c: 0000 00e9 | fbff ffff 

  0x0000019642066074: ;   {static_stub}
  0x0000019642066074: 9048 bb00 | 0000 0000 

  0x000001964206607c: ;   {runtime_call}
  0x000001964206607c: 0000 00e9 | fbff ffff 

  0x0000019642066084: ;   {static_stub}
  0x0000019642066084: 9048 bb00 | 0000 0000 

  0x000001964206608c: ;   {runtime_call}
  0x000001964206608c: 0000 00e9 | fbff ffff 

  0x0000019642066094: ;   {static_stub}
  0x0000019642066094: 9048 bb00 | 0000 0000 

  0x000001964206609c: ;   {runtime_call}
  0x000001964206609c: 0000 00e9 | fbff ffff 

  0x00000196420660a4: ;   {static_stub}
  0x00000196420660a4: 9048 bb00 | 0000 0000 

  0x00000196420660ac: ;   {runtime_call}
  0x00000196420660ac: 0000 00e9 | fbff ffff 

  0x00000196420660b4: ;   {static_stub}
  0x00000196420660b4: 9048 bb00 | 0000 0000 

  0x00000196420660bc: ;   {runtime_call}
  0x00000196420660bc: 0000 00e9 | fbff ffff 

  0x00000196420660c4: ;   {static_stub}
  0x00000196420660c4: 9048 bb00 | 0000 0000 

  0x00000196420660cc: ;   {runtime_call}
  0x00000196420660cc: 0000 00e9 | fbff ffff 

  0x00000196420660d4: ;   {static_stub}
  0x00000196420660d4: 9048 bb00 | 0000 0000 

  0x00000196420660dc: ;   {runtime_call}
  0x00000196420660dc: 0000 00e9 | fbff ffff 

  0x00000196420660e4: ;   {static_stub}
  0x00000196420660e4: 9048 bb00 | 0000 0000 

  0x00000196420660ec: ;   {runtime_call}
  0x00000196420660ec: 0000 00e9 | fbff ffff 

  0x00000196420660f4: ;   {static_stub}
  0x00000196420660f4: 9048 bb00 | 0000 0000 

  0x00000196420660fc: ;   {runtime_call}
  0x00000196420660fc: 0000 00e9 | fbff ffff 

  0x0000019642066104: ;   {static_stub}
  0x0000019642066104: 9048 bb00 | 0000 0000 

  0x000001964206610c: ;   {runtime_call}
  0x000001964206610c: 0000 00e9 | fbff ffff 

  0x0000019642066114: ;   {static_stub}
  0x0000019642066114: 9048 bb00 | 0000 0000 

  0x000001964206611c: ;   {runtime_call}
  0x000001964206611c: 0000 00e9 | fbff ffff 

  0x0000019642066124: ;   {static_stub}
  0x0000019642066124: 9048 bb00 | 0000 0000 

  0x000001964206612c: ;   {runtime_call}
  0x000001964206612c: 0000 00e9 | fbff ffff 

  0x0000019642066134: ;   {static_stub}
  0x0000019642066134: 9048 bb00 | 0000 0000 

  0x000001964206613c: ;   {runtime_call}
  0x000001964206613c: 0000 00e9 | fbff ffff 

  0x0000019642066144: ;   {static_stub}
  0x0000019642066144: 9048 bb00 | 0000 0000 

  0x000001964206614c: ;   {runtime_call}
  0x000001964206614c: 0000 00e9 | fbff ffff 

  0x0000019642066154: ;   {static_stub}
  0x0000019642066154: 9048 bb00 | 0000 0000 

  0x000001964206615c: ;   {runtime_call}
  0x000001964206615c: 0000 00e9 | fbff ffff 

  0x0000019642066164: ;   {static_stub}
  0x0000019642066164: 9048 bb00 | 0000 0000 

  0x000001964206616c: ;   {runtime_call}
  0x000001964206616c: 0000 00e9 | fbff ffff 
[Exception Handler]
  0x0000019642066174: ;   {runtime_call handle_exception_from_callee Runtime1 stub}
  0x0000019642066174: e887 ffcf 

  0x0000019642066178: ;   {external_word}
  0x0000019642066178: ff48 b940 | 9ae8 abf8 | 7f00 0048 

  0x0000019642066184: ;   {runtime_call}
  0x0000019642066184: 83e4 f049 | ba60 2bb1 | abf8 7f00 | 0041 ffd2 

  0x0000019642066194: ;   {section_word}
  0x0000019642066194: f449 ba95 | 6106 4296 | 0100 0041 

  0x00000196420661a0: ;   {runtime_call DeoptimizationBlob}
  0x00000196420661a0: 52e9 fa0a | c6ff f4f4 
[/MachCode]


---------------  P R O C E S S  ---------------

Threads class SMR info:
_java_thread_list=0x0000019697aafc80, length=40, elements={
0x000001963a182020, 0x00000196960068b0, 0x0000019696009a50, 0x00000196960268c0,
0x0000019696027740, 0x000001969602b930, 0x000001969602e220, 0x000001969602f1b0,
0x0000019696032fc0, 0x00000196960dca20, 0x00000196961db7e0, 0x00000196967f89c0,
0x00000196967fca20, 0x000001969693c1d0, 0x00000196971fd470, 0x000001969723ef40,
0x00000196977ba920, 0x00000196977c5960, 0x00000196977c5e40, 0x00000196977c6320,
0x00000196975fd320, 0x00000196975fb4c0, 0x00000196975faaa0, 0x00000196975fb9d0,
0x00000196975fce10, 0x00000196975fc3f0, 0x00000196975fafb0, 0x00000196975fc900,
0x00000196975fd830, 0x00000196975fa080, 0x00000196975fa590, 0x00000196975fbee0,
0x00000196961766b0, 0x0000019696176bc0, 0x000001969617cbf0, 0x00000196961775e0,
0x00000196961770d0, 0x0000019696178a20, 0x0000019696179950, 0x0000019697eb88e0
}

Java Threads: ( => current thread )
=>0x000001963a182020 JavaThread "main" [_thread_in_vm, id=17532, stack(0x00000049cca00000,0x00000049ccb00000)]
  0x00000196960068b0 JavaThread "Reference Handler" daemon [_thread_blocked, id=12020, stack(0x00000049cd100000,0x00000049cd200000)]
  0x0000019696009a50 JavaThread "Finalizer" daemon [_thread_blocked, id=17460, stack(0x00000049cd200000,0x00000049cd300000)]
  0x00000196960268c0 JavaThread "Signal Dispatcher" daemon [_thread_blocked, id=28652, stack(0x00000049cd300000,0x00000049cd400000)]
  0x0000019696027740 JavaThread "Attach Listener" daemon [_thread_blocked, id=15612, stack(0x00000049cd400000,0x00000049cd500000)]
  0x000001969602b930 JavaThread "Service Thread" daemon [_thread_blocked, id=22308, stack(0x00000049cd500000,0x00000049cd600000)]
  0x000001969602e220 JavaThread "Monitor Deflation Thread" daemon [_thread_blocked, id=27192, stack(0x00000049cd600000,0x00000049cd700000)]
  0x000001969602f1b0 JavaThread "C1 CompilerThread0" daemon [_thread_blocked, id=23876, stack(0x00000049cd700000,0x00000049cd800000)]
  0x0000019696032fc0 JavaThread "Sweeper thread" daemon [_thread_blocked, id=20588, stack(0x00000049cd800000,0x00000049cd900000)]
  0x00000196960dca20 JavaThread "Common-Cleaner" daemon [_thread_blocked, id=28616, stack(0x00000049cd900000,0x00000049cda00000)]
  0x00000196961db7e0 JavaThread "C1 CompilerThread1" daemon [_thread_blocked, id=28464, stack(0x00000049cda00000,0x00000049cdb00000)]
  0x00000196967f89c0 JavaThread "Monitor Ctrl-Break" daemon [_thread_in_native, id=11900, stack(0x00000049cdc00000,0x00000049cdd00000)]
  0x00000196967fca20 JavaThread "Notification Thread" daemon [_thread_blocked, id=25332, stack(0x00000049cdd00000,0x00000049cde00000)]
  0x000001969693c1d0 JavaThread "RMI TCP Accept-0" daemon [_thread_in_native, id=25512, stack(0x00000049cde00000,0x00000049cdf00000)]
  0x00000196971fd470 JavaThread "RMI TCP Connection(1)-192.168.3.80" daemon [_thread_in_native, id=27608, stack(0x00000049ce800000,0x00000049ce900000)]
  0x000001969723ef40 JavaThread "RMI Scheduler(0)" daemon [_thread_blocked, id=25296, stack(0x00000049ce900000,0x00000049cea00000)]
  0x00000196977ba920 JavaThread "com.alibaba.nacos.client.auth.ram.identify.watcher.0" daemon [_thread_blocked, id=27932, stack(0x00000049cdb00000,0x00000049cdc00000)]
  0x00000196977c5960 JavaThread "com.alibaba.nacos.client.Worker" daemon [_thread_blocked, id=24376, stack(0x00000049cec00000,0x00000049ced00000)]
  0x00000196977c5e40 JavaThread "com.alibaba.nacos.client.Worker" daemon [_thread_blocked, id=24716, stack(0x00000049ced00000,0x00000049cee00000)]
  0x00000196977c6320 JavaThread "com.alibaba.nacos.client.Worker" daemon [_thread_blocked, id=25092, stack(0x00000049cee00000,0x00000049cef00000)]
  0x00000196975fd320 JavaThread "nacos.publisher-com.alibaba.nacos.common.notify.SlowEvent" daemon [_thread_blocked, id=4716, stack(0x00000049cef00000,0x00000049cf000000)]
  0x00000196975fb4c0 JavaThread "com.alibaba.nacos.client.remote.worker" daemon [_thread_blocked, id=26040, stack(0x00000049cf000000,0x00000049cf100000)]
  0x00000196975faaa0 JavaThread "com.alibaba.nacos.client.remote.worker" daemon [_thread_blocked, id=26148, stack(0x00000049cf100000,0x00000049cf200000)]
  0x00000196975fb9d0 JavaThread "grpc-nio-worker-ELG-1-1" daemon [_thread_in_native, id=19132, stack(0x00000049cea00000,0x00000049ceb00000)]
  0x00000196975fce10 JavaThread "grpc-default-executor-0" daemon [_thread_blocked, id=16732, stack(0x00000049ceb00000,0x00000049cec00000)]
  0x00000196975fc3f0 JavaThread "nacos-grpc-client-executor-47.99.142.201-0" daemon [_thread_blocked, id=5592, stack(0x00000049cf300000,0x00000049cf400000)]
  0x00000196975fafb0 JavaThread "nacos-grpc-client-executor-47.99.142.201-1" daemon [_thread_blocked, id=8124, stack(0x00000049cf400000,0x00000049cf500000)]
  0x00000196975fc900 JavaThread "grpc-nio-worker-ELG-1-2" daemon [_thread_in_native, id=26676, stack(0x00000049cf500000,0x00000049cf600000)]
  0x00000196975fd830 JavaThread "nacos-grpc-client-executor-47.99.142.201-2" daemon [_thread_blocked, id=14616, stack(0x00000049cf700000,0x00000049cf800000)]
  0x00000196975fa080 JavaThread "nacos-grpc-client-executor-47.99.142.201-3" daemon [_thread_blocked, id=22780, stack(0x00000049cf800000,0x00000049cf900000)]
  0x00000196975fa590 JavaThread "nacos-grpc-client-executor-47.99.142.201-4" daemon [_thread_blocked, id=13808, stack(0x00000049cf900000,0x00000049cfa00000)]
  0x00000196975fbee0 JavaThread "nacos-grpc-client-executor-47.99.142.201-5" daemon [_thread_blocked, id=8600, stack(0x00000049cfa00000,0x00000049cfb00000)]
  0x00000196961766b0 JavaThread "nacos-grpc-client-executor-47.99.142.201-6" daemon [_thread_blocked, id=16460, stack(0x00000049cfb00000,0x00000049cfc00000)]
  0x0000019696176bc0 JavaThread "nacos-grpc-client-executor-47.99.142.201-7" daemon [_thread_blocked, id=3160, stack(0x00000049cfc00000,0x00000049cfd00000)]
  0x000001969617cbf0 JavaThread "nacos-grpc-client-executor-47.99.142.201-8" daemon [_thread_blocked, id=27652, stack(0x00000049cfd00000,0x00000049cfe00000)]
  0x00000196961775e0 JavaThread "nacos-grpc-client-executor-47.99.142.201-9" daemon [_thread_blocked, id=14404, stack(0x00000049cfe00000,0x00000049cff00000)]
  0x00000196961770d0 JavaThread "nacos-grpc-client-executor-47.99.142.201-10" daemon [_thread_blocked, id=10200, stack(0x00000049cff00000,0x00000049d0000000)]
  0x0000019696178a20 JavaThread "nacos-grpc-client-executor-47.99.142.201-11" daemon [_thread_blocked, id=13692, stack(0x00000049d0000000,0x00000049d0100000)]
  0x0000019696179950 JavaThread "com.alibaba.nacos.client.Worker" daemon [_thread_blocked, id=12260, stack(0x00000049d0100000,0x00000049d0200000)]
  0x0000019697eb88e0 JavaThread "C1 CompilerThread2" daemon [_thread_blocked, id=19264, stack(0x00000049d0200000,0x00000049d0300000)]

Other Threads:
  0x0000019650ebc6c0 VMThread "VM Thread" [stack: 0x00000049cd000000,0x00000049cd100000] [id=1188]
  0x0000019696978d90 WatcherThread [stack: 0x00000049cdf00000,0x00000049ce000000] [id=11524]
  0x000001963a1edb50 GCTaskThread "GC Thread#0" [stack: 0x00000049ccb00000,0x00000049ccc00000] [id=20420]
  0x0000019696c23bc0 GCTaskThread "GC Thread#1" [stack: 0x00000049ce000000,0x00000049ce100000] [id=26748]
  0x0000019696c23e80 GCTaskThread "GC Thread#2" [stack: 0x00000049ce100000,0x00000049ce200000] [id=22324]
  0x0000019696c24140 GCTaskThread "GC Thread#3" [stack: 0x00000049ce200000,0x00000049ce300000] [id=16080]
  0x0000019696c24400 GCTaskThread "GC Thread#4" [stack: 0x00000049ce300000,0x00000049ce400000] [id=27564]
  0x0000019696c246c0 GCTaskThread "GC Thread#5" [stack: 0x00000049ce400000,0x00000049ce500000] [id=11104]
  0x0000019696c54780 GCTaskThread "GC Thread#6" [stack: 0x00000049ce500000,0x00000049ce600000] [id=12040]
  0x0000019696c56a50 GCTaskThread "GC Thread#7" [stack: 0x00000049ce600000,0x00000049ce700000] [id=19396]
  0x000001963a1ff8c0 ConcurrentGCThread "G1 Main Marker" [stack: 0x00000049ccc00000,0x00000049ccd00000] [id=20380]
  0x000001963a2002e0 ConcurrentGCThread "G1 Conc#0" [stack: 0x00000049ccd00000,0x00000049cce00000] [id=25420]
  0x0000019697840460 ConcurrentGCThread "G1 Conc#1" [stack: 0x00000049cf200000,0x00000049cf300000] [id=21596]
  0x000001963a21ea50 ConcurrentGCThread "G1 Refine#0" [stack: 0x00000049cce00000,0x00000049ccf00000] [id=24524]
  0x00000196969ea930 ConcurrentGCThread "G1 Refine#1" [stack: 0x00000049ce700000,0x00000049ce800000] [id=27512]
  0x0000019650d782d0 ConcurrentGCThread "G1 Service" [stack: 0x00000049ccf00000,0x00000049cd000000] [id=27768]

Threads with active compile tasks:

VM state: not at safepoint (normal execution)

VM Mutex/Monitor currently owned by a thread:  ([mutex/lock_event])
[0x000001963a17c480] Metaspace_lock - owner thread: 0x000001963a182020

Heap address: 0x0000000701e00000, size: 4066 MB, Compressed Oops mode: Zero based, Oop shift amount: 3

CDS archive(s) mapped at: [0x0000019651000000-0x0000019651ba0000-0x0000019651ba0000), size 12189696, SharedBaseAddress: 0x0000019651000000, ArchiveRelocationMode: 1.
Compressed class space mapped at: 0x0000019652000000-0x0000019692000000, reserved size: 1073741824
Narrow klass base: 0x0000019651000000, Narrow klass shift: 0, Narrow klass range: 0x100000000

GC Precious Log:
 CPUs: 8 total, 8 available
 Memory: 16261M
 Large Page Support: Disabled
 NUMA Support: Disabled
 Compressed Oops: Enabled (Zero based)
 Heap Region Size: 2M
 Heap Min Capacity: 8M
 Heap Initial Capacity: 256M
 Heap Max Capacity: 4066M
 Pre-touch: Disabled
 Parallel Workers: 8
 Concurrent Workers: 2
 Concurrent Refinement Workers: 8
 Periodic GC: Disabled

Heap:
 garbage-first heap   total 81920K, used 43131K [0x0000000701e00000, 0x0000000800000000)
  region size 2048K, 12 young (24576K), 2 survivors (4096K)
 Metaspace       used 37904K, committed 38272K, reserved 1114112K
  class space    used 5052K, committed 5248K, reserved 1048576K

Heap Regions: E=young(eden), S=young(survivor), O=old, HS=humongous(starts), HC=humongous(continues), CS=collection set, F=free, OA=open archive, CA=closed archive, TAMS=top-at-mark-start (previous, next)
|   0|0x0000000701e00000, 0x0000000702000000, 0x0000000702000000|100%|HS|  |TAMS 0x0000000702000000, 0x0000000701e00000| Complete 
|   1|0x0000000702000000, 0x0000000702200000, 0x0000000702200000|100%|HC|  |TAMS 0x0000000702200000, 0x0000000702000000| Complete 
|   2|0x0000000702200000, 0x0000000702400000, 0x0000000702400000|100%| O|  |TAMS 0x0000000702400000, 0x0000000702200000| Untracked 
|   3|0x0000000702400000, 0x0000000702600000, 0x0000000702600000|100%| O|  |TAMS 0x0000000702600000, 0x0000000702400000| Untracked 
|   4|0x0000000702600000, 0x0000000702800000, 0x0000000702800000|100%| O|  |TAMS 0x0000000702800000, 0x0000000702600000| Untracked 
|   5|0x0000000702800000, 0x0000000702a00000, 0x0000000702a00000|100%| O|  |TAMS 0x0000000702a00000, 0x0000000702800000| Untracked 
|   6|0x0000000702a00000, 0x0000000702a00000, 0x0000000702c00000|  0%| F|  |TAMS 0x0000000702a00000, 0x0000000702a00000| Untracked 
|   7|0x0000000702c00000, 0x0000000702e00000, 0x0000000702e00000|100%| O|  |TAMS 0x0000000702e00000, 0x0000000702c00000| Untracked 
|   8|0x0000000702e00000, 0x0000000703000000, 0x0000000703000000|100%| O|  |TAMS 0x0000000703000000, 0x0000000702e00000| Untracked 
|   9|0x0000000703000000, 0x0000000703200000, 0x0000000703200000|100%| O|  |TAMS 0x0000000703200000, 0x0000000703000000| Untracked 
|  10|0x0000000703200000, 0x0000000703200000, 0x0000000703400000|  0%| F|  |TAMS 0x0000000703200000, 0x0000000703200000| Untracked 
|  11|0x0000000703400000, 0x0000000703400000, 0x0000000703600000|  0%| F|  |TAMS 0x0000000703400000, 0x0000000703400000| Untracked 
|  12|0x0000000703600000, 0x0000000703600000, 0x0000000703800000|  0%| F|  |TAMS 0x0000000703600000, 0x0000000703600000| Untracked 
|  13|0x0000000703800000, 0x0000000703800000, 0x0000000703a00000|  0%| F|  |TAMS 0x0000000703800000, 0x0000000703800000| Untracked 
|  14|0x0000000703a00000, 0x0000000703c00000, 0x0000000703c00000|100%| O|  |TAMS 0x0000000703c00000, 0x0000000703a00000| Untracked 
|  15|0x0000000703c00000, 0x0000000703ca6c00, 0x0000000703e00000| 32%| O|  |TAMS 0x0000000703ca6c00, 0x0000000703c00000| Untracked 
|  16|0x0000000703e00000, 0x0000000703e00000, 0x0000000704000000|  0%| F|  |TAMS 0x0000000703e00000, 0x0000000703e00000| Untracked 
|  17|0x0000000704000000, 0x0000000704000000, 0x0000000704200000|  0%| F|  |TAMS 0x0000000704000000, 0x0000000704000000| Untracked 
|  18|0x0000000704200000, 0x0000000704200000, 0x0000000704400000|  0%| F|  |TAMS 0x0000000704200000, 0x0000000704200000| Untracked 
|  19|0x0000000704400000, 0x0000000704400000, 0x0000000704600000|  0%| F|  |TAMS 0x0000000704400000, 0x0000000704400000| Untracked 
|  20|0x0000000704600000, 0x0000000704600000, 0x0000000704800000|  0%| F|  |TAMS 0x0000000704600000, 0x0000000704600000| Untracked 
|  21|0x0000000704800000, 0x0000000704800000, 0x0000000704a00000|  0%| F|  |TAMS 0x0000000704800000, 0x0000000704800000| Untracked 
|  22|0x0000000704a00000, 0x0000000704a00000, 0x0000000704c00000|  0%| F|  |TAMS 0x0000000704a00000, 0x0000000704a00000| Untracked 
|  23|0x0000000704c00000, 0x0000000704c00000, 0x0000000704e00000|  0%| F|  |TAMS 0x0000000704c00000, 0x0000000704c00000| Untracked 
|  24|0x0000000704e00000, 0x0000000704e00000, 0x0000000705000000|  0%| F|  |TAMS 0x0000000704e00000, 0x0000000704e00000| Untracked 
|  25|0x0000000705000000, 0x0000000705000000, 0x0000000705200000|  0%| F|  |TAMS 0x0000000705000000, 0x0000000705000000| Untracked 
|  26|0x0000000705200000, 0x0000000705200000, 0x0000000705400000|  0%| F|  |TAMS 0x0000000705200000, 0x0000000705200000| Untracked 
|  27|0x0000000705400000, 0x00000007055782c0, 0x0000000705600000| 73%| S|CS|TAMS 0x0000000705400000, 0x0000000705400000| Complete 
|  28|0x0000000705600000, 0x0000000705800000, 0x0000000705800000|100%| S|CS|TAMS 0x0000000705600000, 0x0000000705600000| Complete 
|  29|0x0000000705800000, 0x0000000705800000, 0x0000000705a00000|  0%| F|  |TAMS 0x0000000705800000, 0x0000000705800000| Untracked 
|  30|0x0000000705a00000, 0x0000000705bc15f0, 0x0000000705c00000| 87%| E|  |TAMS 0x0000000705a00000, 0x0000000705a00000| Complete 
|  31|0x0000000705c00000, 0x0000000705e00000, 0x0000000705e00000|100%| E|CS|TAMS 0x0000000705c00000, 0x0000000705c00000| Complete 
|  32|0x0000000705e00000, 0x0000000706000000, 0x0000000706000000|100%| E|CS|TAMS 0x0000000705e00000, 0x0000000705e00000| Complete 
|  33|0x0000000706000000, 0x0000000706200000, 0x0000000706200000|100%| E|CS|TAMS 0x0000000706000000, 0x0000000706000000| Complete 
|  34|0x0000000706200000, 0x0000000706400000, 0x0000000706400000|100%| E|CS|TAMS 0x0000000706200000, 0x0000000706200000| Complete 
| 110|0x000000070fa00000, 0x000000070fc00000, 0x000000070fc00000|100%| E|CS|TAMS 0x000000070fa00000, 0x000000070fa00000| Complete 
| 111|0x000000070fc00000, 0x000000070fe00000, 0x000000070fe00000|100%| E|CS|TAMS 0x000000070fc00000, 0x000000070fc00000| Complete 
| 112|0x000000070fe00000, 0x0000000710000000, 0x0000000710000000|100%| E|CS|TAMS 0x000000070fe00000, 0x000000070fe00000| Complete 
| 126|0x0000000711a00000, 0x0000000711c00000, 0x0000000711c00000|100%| E|CS|TAMS 0x0000000711a00000, 0x0000000711a00000| Complete 
| 127|0x0000000711c00000, 0x0000000711e00000, 0x0000000711e00000|100%| E|CS|TAMS 0x0000000711c00000, 0x0000000711c00000| Complete 

Card table byte_map: [0x0000019645580000,0x0000019645d80000] _byte_map_base: 0x0000019641d71000

Marking Bits (Prev, Next): (CMBitMap*) 0x000001963a1ef180, (CMBitMap*) 0x000001963a1ef1c0
 Prev Bits: [0x0000019646580000, 0x000001964a508000)
 Next Bits: [0x000001964a510000, 0x000001964e498000)

Polling page: 0x0000019639920000

Metaspace:

Usage:
  Non-class:     32.08 MB used.
      Class:      4.93 MB used.
       Both:     37.02 MB used.

Virtual space:
  Non-class space:       64.00 MB reserved,      32.25 MB ( 50%) committed,  1 nodes.
      Class space:        1.00 GB reserved,       5.12 MB ( <1%) committed,  1 nodes.
             Both:        1.06 GB reserved,      37.38 MB (  3%) committed. 

Chunk freelists:
   Non-Class:  15.73 MB
       Class:  10.92 MB
        Both:  26.66 MB

MaxMetaspaceSize: unlimited
CompressedClassSpaceSize: 1.00 GB
Initial GC threshold: 21.00 MB
Current GC threshold: 58.88 MB
CDS: on
MetaspaceReclaimPolicy: balanced
 - commit_granule_bytes: 65536.
 - commit_granule_words: 8192.
 - virtual_space_node_default_size: 8388608.
 - enlarge_chunks_in_place: 1.
 - new_chunks_are_fully_committed: 0.
 - uncommit_free_chunks: 1.
 - use_allocation_guard: 0.
 - handle_deallocations: 1.


Internal statistics:

num_allocs_failed_limit: 6.
num_arena_births: 456.
num_arena_deaths: 0.
num_vsnodes_births: 2.
num_vsnodes_deaths: 0.
num_space_committed: 598.
num_space_uncommitted: 0.
num_chunks_returned_to_freelist: 6.
num_chunks_taken_from_freelist: 1720.
num_chunk_merges: 6.
num_chunk_splits: 1277.
num_chunks_enlarged: 1004.
num_inconsistent_stats: 0.

CodeCache: size=49152Kb used=8933Kb max_used=8933Kb free=40218Kb
 bounds [0x0000019641c70000, 0x0000019642530000, 0x0000019644c70000]
 total_blobs=4806 nmethods=4216 adapters=514
 compilation: enabled
              stopped_count=0, restarted_count=0
 full_count=0

Compilation events (20 events):
Event: 11.268 Thread 0x0000019697eb88e0 4208       1       org.springframework.beans.factory.support.AbstractBeanFactory::getTempClassLoader (5 bytes)
Event: 11.268 Thread 0x0000019697eb88e0 nmethod 4208 0x0000019642526690 code [0x0000019642526820, 0x00000196425268f8]
Event: 11.291 Thread 0x0000019697eb88e0 4209       1       org.springframework.util.ObjectUtils::nullSafeToString (190 bytes)
Event: 11.291 Thread 0x00000196961db7e0 4210       1       org.springframework.boot.autoconfigure.condition.ConditionOutcome::noMatch (10 bytes)
Event: 11.292 Thread 0x0000019697eb88e0 nmethod 4209 0x0000019642526990 code [0x0000019642526c20, 0x00000196425274f8]
Event: 11.292 Thread 0x00000196961db7e0 nmethod 4210 0x0000019642527710 code [0x00000196425278c0, 0x0000019642527ae8]
Event: 11.295 Thread 0x00000196961db7e0 4211       1       org.springframework.beans.factory.support.DefaultListableBeanFactory::getBeanNamesForType (101 bytes)
Event: 11.295 Thread 0x00000196961db7e0 nmethod 4211 0x0000019642527c10 code [0x0000019642527e20, 0x00000196425282e8]
Event: 11.298 Thread 0x00000196961db7e0 4213       1       org.springframework.boot.autoconfigure.condition.OnBeanCondition$Spec::getStrategy (18 bytes)
Event: 11.298 Thread 0x0000019697eb88e0 4212       1       org.springframework.boot.autoconfigure.condition.OnBeanCondition$Spec::getParameterizedContainers (5 bytes)
Event: 11.298 Thread 0x000001969602f1b0 4214       1       org.springframework.boot.autoconfigure.condition.OnBeanCondition$Spec::getIgnoredTypes (5 bytes)
Event: 11.298 Thread 0x00000196961db7e0 nmethod 4213 0x0000019642528510 code [0x00000196425286a0, 0x0000019642528778]
Event: 11.298 Thread 0x0000019697eb88e0 nmethod 4212 0x0000019642528810 code [0x00000196425289a0, 0x0000019642528a78]
Event: 11.298 Thread 0x000001969602f1b0 nmethod 4214 0x0000019642528b10 code [0x0000019642528ca0, 0x0000019642528d78]
Event: 11.306 Thread 0x000001969602f1b0 4215       1       org.springframework.boot.context.properties.ConfigurationPropertiesBinder$ConfigurationPropertiesBinderFactory::getObjectType (3 bytes)
Event: 11.306 Thread 0x00000196961db7e0 4216       1       org.springframework.boot.autoconfigure.condition.OnBeanCondition$Spec::getAnnotations (5 bytes)
Event: 11.306 Thread 0x0000019697eb88e0 4217       1       org.springframework.boot.autoconfigure.condition.OnBeanCondition$Spec::getNames (5 bytes)
Event: 11.306 Thread 0x000001969602f1b0 nmethod 4215 0x0000019642528e10 code [0x0000019642528fa0, 0x0000019642529078]
Event: 11.307 Thread 0x0000019697eb88e0 nmethod 4217 0x0000019642529110 code [0x00000196425292a0, 0x0000019642529378]
Event: 11.307 Thread 0x00000196961db7e0 nmethod 4216 0x0000019642529410 code [0x00000196425295a0, 0x0000019642529678]

GC Heap History (16 events):
Event: 1.911 GC heap before
{Heap before GC invocations=0 (full 0):
 garbage-first heap   total 262144K, used 24576K [0x0000000701e00000, 0x0000000800000000)
  region size 2048K, 11 young (22528K), 0 survivors (0K)
 Metaspace       used 5829K, committed 5952K, reserved 1114112K
  class space    used 702K, committed 768K, reserved 1048576K
}
Event: 1.922 GC heap after
{Heap after GC invocations=1 (full 0):
 garbage-first heap   total 262144K, used 14189K [0x0000000701e00000, 0x0000000800000000)
  region size 2048K, 2 young (4096K), 2 survivors (4096K)
 Metaspace       used 5829K, committed 5952K, reserved 1114112K
  class space    used 702K, committed 768K, reserved 1048576K
}
Event: 2.548 GC heap before
{Heap before GC invocations=1 (full 0):
 garbage-first heap   total 262144K, used 28525K [0x0000000701e00000, 0x0000000800000000)
  region size 2048K, 9 young (18432K), 2 survivors (4096K)
 Metaspace       used 9181K, committed 9344K, reserved 1114112K
  class space    used 1197K, committed 1280K, reserved 1048576K
}
Event: 2.555 GC heap after
{Heap after GC invocations=2 (full 0):
 garbage-first heap   total 262144K, used 15371K [0x0000000701e00000, 0x0000000800000000)
  region size 2048K, 1 young (2048K), 1 survivors (2048K)
 Metaspace       used 9181K, committed 9344K, reserved 1114112K
  class space    used 1197K, committed 1280K, reserved 1048576K
}
Event: 4.418 GC heap before
{Heap before GC invocations=2 (full 0):
 garbage-first heap   total 262144K, used 58379K [0x0000000701e00000, 0x0000000800000000)
  region size 2048K, 23 young (47104K), 1 survivors (2048K)
 Metaspace       used 18019K, committed 18368K, reserved 1114112K
  class space    used 2410K, committed 2560K, reserved 1048576K
}
Event: 4.426 GC heap after
{Heap after GC invocations=3 (full 0):
 garbage-first heap   total 262144K, used 17907K [0x0000000701e00000, 0x0000000800000000)
  region size 2048K, 2 young (4096K), 2 survivors (4096K)
 Metaspace       used 18019K, committed 18368K, reserved 1114112K
  class space    used 2410K, committed 2560K, reserved 1048576K
}
Event: 5.830 GC heap before
{Heap before GC invocations=3 (full 0):
 garbage-first heap   total 262144K, used 46579K [0x0000000701e00000, 0x0000000800000000)
  region size 2048K, 17 young (34816K), 2 survivors (4096K)
 Metaspace       used 21151K, committed 21504K, reserved 1114112K
  class space    used 2896K, committed 3072K, reserved 1048576K
}
Event: 5.839 GC heap after
{Heap after GC invocations=4 (full 0):
 garbage-first heap   total 262144K, used 19824K [0x0000000701e00000, 0x0000000800000000)
  region size 2048K, 3 young (6144K), 3 survivors (6144K)
 Metaspace       used 21151K, committed 21504K, reserved 1114112K
  class space    used 2896K, committed 3072K, reserved 1048576K
}
Event: 8.408 GC heap before
{Heap before GC invocations=5 (full 0):
 garbage-first heap   total 81920K, used 64880K [0x0000000701e00000, 0x0000000800000000)
  region size 2048K, 26 young (53248K), 3 survivors (6144K)
 Metaspace       used 30598K, committed 30912K, reserved 1114112K
  class space    used 4060K, committed 4224K, reserved 1048576K
}
Event: 8.423 GC heap after
{Heap after GC invocations=6 (full 0):
 garbage-first heap   total 81920K, used 21577K [0x0000000701e00000, 0x0000000800000000)
  region size 2048K, 4 young (8192K), 4 survivors (8192K)
 Metaspace       used 30598K, committed 30912K, reserved 1114112K
  class space    used 4060K, committed 4224K, reserved 1048576K
}
Event: 8.553 GC heap before
{Heap before GC invocations=6 (full 0):
 garbage-first heap   total 81920K, used 21577K [0x0000000701e00000, 0x0000000800000000)
  region size 2048K, 5 young (10240K), 4 survivors (8192K)
 Metaspace       used 31038K, committed 31424K, reserved 1114112K
  class space    used 4118K, committed 4288K, reserved 1048576K
}
Event: 8.572 GC heap after
{Heap after GC invocations=7 (full 0):
 garbage-first heap   total 81920K, used 22481K [0x0000000701e00000, 0x0000000800000000)
  region size 2048K, 1 young (2048K), 1 survivors (2048K)
 Metaspace       used 31038K, committed 31424K, reserved 1114112K
  class space    used 4118K, committed 4288K, reserved 1048576K
}
Event: 9.973 GC heap before
{Heap before GC invocations=7 (full 0):
 garbage-first heap   total 81920K, used 57297K [0x0000000701e00000, 0x0000000800000000)
  region size 2048K, 18 young (36864K), 1 survivors (2048K)
 Metaspace       used 34608K, committed 34944K, reserved 1114112K
  class space    used 4590K, committed 4736K, reserved 1048576K
}
Event: 9.987 GC heap after
{Heap after GC invocations=8 (full 0):
 garbage-first heap   total 81920K, used 24238K [0x0000000701e00000, 0x0000000800000000)
  region size 2048K, 2 young (4096K), 2 survivors (4096K)
 Metaspace       used 34608K, committed 34944K, reserved 1114112K
  class space    used 4590K, committed 4736K, reserved 1048576K
}
Event: 10.599 GC heap before
{Heap before GC invocations=8 (full 0):
 garbage-first heap   total 81920K, used 44718K [0x0000000701e00000, 0x0000000800000000)
  region size 2048K, 13 young (26624K), 2 survivors (4096K)
 Metaspace       used 35617K, committed 35968K, reserved 1114112K
  class space    used 4736K, committed 4928K, reserved 1048576K
}
Event: 10.614 GC heap after
{Heap after GC invocations=9 (full 0):
 garbage-first heap   total 81920K, used 24699K [0x0000000701e00000, 0x0000000800000000)
  region size 2048K, 2 young (4096K), 2 survivors (4096K)
 Metaspace       used 35617K, committed 35968K, reserved 1114112K
  class space    used 4736K, committed 4928K, reserved 1048576K
}

Dll operation events (12 events):
Event: 0.025 Loaded shared library C:\Users\26449\.jdks\corretto-17.0.9\bin\java.dll
Event: 0.066 Loaded shared library C:\Users\26449\.jdks\corretto-17.0.9\bin\jsvml.dll
Event: 0.372 Loaded shared library C:\Users\26449\.jdks\corretto-17.0.9\bin\zip.dll
Event: 0.384 Loaded shared library C:\Users\26449\.jdks\corretto-17.0.9\bin\instrument.dll
Event: 0.395 Loaded shared library C:\Users\26449\.jdks\corretto-17.0.9\bin\net.dll
Event: 0.399 Loaded shared library C:\Users\26449\.jdks\corretto-17.0.9\bin\nio.dll
Event: 0.403 Loaded shared library C:\Users\26449\.jdks\corretto-17.0.9\bin\zip.dll
Event: 0.686 Loaded shared library D:\IntelliJ IDEA 2023.1.1\bin\breakgen64.dll
Event: 0.696 Loaded shared library C:\Users\26449\.jdks\corretto-17.0.9\bin\jimage.dll
Event: 0.748 Loaded shared library C:\Users\26449\.jdks\corretto-17.0.9\bin\management.dll
Event: 0.783 Loaded shared library C:\Users\26449\.jdks\corretto-17.0.9\bin\management_ext.dll
Event: 4.566 Loaded shared library C:\Users\26449\.jdks\corretto-17.0.9\bin\sunmscapi.dll

Deoptimization events (6 events):
Event: 4.553 Thread 0x000001963a182020 DEOPT PACKING pc=0x00000196422d7855 sp=0x00000049ccafde40
Event: 4.553 Thread 0x000001963a182020 DEOPT UNPACKING pc=0x0000019641cc7143 sp=0x00000049ccafd2e8 mode 3
Event: 4.570 Thread 0x000001963a182020 DEOPT PACKING pc=0x00000196422d3779 sp=0x00000049ccafc8e0
Event: 4.570 Thread 0x000001963a182020 DEOPT UNPACKING pc=0x0000019641cc7143 sp=0x00000049ccafbdc0 mode 3
Event: 9.528 Thread 0x000001963a182020 DEOPT PACKING pc=0x00000196421da085 sp=0x00000049ccafe290
Event: 9.528 Thread 0x000001963a182020 DEOPT UNPACKING pc=0x0000019641cc7143 sp=0x00000049ccafd810 mode 3

Classes unloaded (0 events):
No events

Classes redefined (0 events):
No events

Internal exceptions (20 events):
Event: 4.919 Thread 0x000001963a182020 Exception <a 'java/lang/NoSuchMethodError'{0x0000000710a31f68}: 'java.lang.Object java.lang.invoke.DirectMethodHandle$Holder.invokeSpecial(java.lang.Object, java.lang.Object, java.lang.Object, int, java.lang.Object, int)'> (0x0000000710a31f68) 
thrown [s\src\hotspot\share\interpreter\linkResolver.cpp, line 759]
Event: 4.921 Thread 0x000001963a182020 Exception <a 'java/lang/NoSuchMethodError'{0x0000000710a3cb00}: 'void java.lang.invoke.DirectMethodHandle$Holder.invokeVirtual(java.lang.Object, java.lang.Object)'> (0x0000000710a3cb00) 
thrown [s\src\hotspot\share\interpreter\linkResolver.cpp, line 759]
Event: 4.927 Thread 0x000001963a182020 Exception <a 'java/lang/NoSuchMethodError'{0x0000000710a66830}: 'int java.lang.invoke.DirectMethodHandle$Holder.invokeSpecial(java.lang.Object, java.lang.Object, java.lang.Object, java.lang.Object, java.lang.Object)'> (0x0000000710a66830) 
thrown [s\src\hotspot\share\interpreter\linkResolver.cpp, line 759]
Event: 5.390 Thread 0x00000196971fd470 Exception <a 'java/lang/reflect/InvocationTargetException'{0x0000000710d163c8}> (0x0000000710d163c8) 
thrown [s\src\hotspot\share\runtime\reflection.cpp, line 1121]
Event: 5.696 Thread 0x000001963a182020 Exception <a 'java/lang/IncompatibleClassChangeError'{0x0000000710435c58}: Found class java.lang.Object, but interface was expected> (0x0000000710435c58) 
thrown [s\src\hotspot\share\interpreter\linkResolver.cpp, line 826]
Event: 5.901 Thread 0x00000196971fd470 Exception <a 'java/lang/reflect/InvocationTargetException'{0x0000000711a09cf8}> (0x0000000711a09cf8) 
thrown [s\src\hotspot\share\runtime\reflection.cpp, line 1121]
Event: 6.411 Thread 0x00000196971fd470 Exception <a 'java/lang/reflect/InvocationTargetException'{0x0000000711a164b8}> (0x0000000711a164b8) 
thrown [s\src\hotspot\share\runtime\reflection.cpp, line 1121]
Event: 6.922 Thread 0x00000196971fd470 Exception <a 'java/lang/reflect/InvocationTargetException'{0x0000000711a22a28}> (0x0000000711a22a28) 
thrown [s\src\hotspot\share\runtime\reflection.cpp, line 1121]
Event: 7.432 Thread 0x00000196971fd470 Exception <a 'java/lang/reflect/InvocationTargetException'{0x0000000711a2ef98}> (0x0000000711a2ef98) 
thrown [s\src\hotspot\share\runtime\reflection.cpp, line 1121]
Event: 7.941 Thread 0x00000196971fd470 Exception <a 'java/lang/reflect/InvocationTargetException'{0x0000000711a3b418}> (0x0000000711a3b418) 
thrown [s\src\hotspot\share\runtime\reflection.cpp, line 1121]
Event: 8.450 Thread 0x00000196971fd470 Exception <a 'java/lang/reflect/InvocationTargetException'{0x0000000711cb8070}> (0x0000000711cb8070) 
thrown [s\src\hotspot\share\runtime\reflection.cpp, line 1121]
Event: 8.958 Thread 0x00000196971fd470 Exception <a 'java/lang/reflect/InvocationTargetException'{0x000000070fbd8f00}> (0x000000070fbd8f00) 
thrown [s\src\hotspot\share\runtime\reflection.cpp, line 1121]
Event: 9.207 Thread 0x000001963a182020 Exception <a 'sun/nio/fs/WindowsException'{0x0000000706195bc0}> (0x0000000706195bc0) 
thrown [s\src\hotspot\share\prims\jni.cpp, line 516]
Event: 9.467 Thread 0x00000196971fd470 Exception <a 'java/lang/reflect/InvocationTargetException'{0x0000000705b39918}> (0x0000000705b39918) 
thrown [s\src\hotspot\share\runtime\reflection.cpp, line 1121]
Event: 9.667 Thread 0x000001963a182020 Exception <a 'java/lang/IncompatibleClassChangeError'{0x0000000705321858}: Found class java.lang.Object, but interface was expected> (0x0000000705321858) 
thrown [s\src\hotspot\share\interpreter\linkResolver.cpp, line 826]
Event: 9.994 Thread 0x00000196971fd470 Exception <a 'java/lang/reflect/InvocationTargetException'{0x0000000711c9f740}> (0x0000000711c9f740) 
thrown [s\src\hotspot\share\runtime\reflection.cpp, line 1121]
Event: 10.513 Thread 0x000001963a182020 Exception <a 'java/lang/NoSuchMethodError'{0x0000000705dda650}: 'java.lang.Object java.lang.invoke.DirectMethodHandle$Holder.invokeSpecial(java.lang.Object, java.lang.Object, java.lang.Object, java.lang.Object, int)'> (0x0000000705dda650) 
thrown [s\src\hotspot\share\interpreter\linkResolver.cpp, line 759]
Event: 10.513 Thread 0x000001963a182020 Exception <a 'java/lang/NoSuchMethodError'{0x0000000705dde218}: 'java.lang.Object java.lang.invoke.Invokers$Holder.linkToTargetMethod(java.lang.Object, java.lang.Object, int, java.lang.Object)'> (0x0000000705dde218) 
thrown [s\src\hotspot\share\interpreter\linkResolver.cpp, line 759]
Event: 10.521 Thread 0x000001963a182020 Exception <a 'sun/nio/fs/WindowsException'{0x0000000705a0a298}> (0x0000000705a0a298) 
thrown [s\src\hotspot\share\prims\jni.cpp, line 516]
Event: 11.235 Thread 0x000001963a182020 Exception <a 'sun/nio/fs/WindowsException'{0x0000000705d26890}> (0x0000000705d26890) 
thrown [s\src\hotspot\share\prims\jni.cpp, line 516]

VM Operations (20 events):
Event: 8.496 Executing VM operation: HandshakeAllThreads
Event: 8.496 Executing VM operation: HandshakeAllThreads done
Event: 8.553 Executing VM operation: G1CollectForAllocation
Event: 8.572 Executing VM operation: G1CollectForAllocation done
Event: 8.600 Executing VM operation: HandshakeAllThreads
Event: 8.600 Executing VM operation: HandshakeAllThreads done
Event: 9.602 Executing VM operation: Cleanup
Event: 9.602 Executing VM operation: Cleanup done
Event: 9.972 Executing VM operation: G1CollectForAllocation
Event: 9.987 Executing VM operation: G1CollectForAllocation done
Event: 10.599 Executing VM operation: CollectForMetadataAllocation
Event: 10.614 Executing VM operation: CollectForMetadataAllocation done
Event: 10.648 Executing VM operation: G1PauseRemark
Event: 10.654 Executing VM operation: G1PauseRemark done
Event: 10.668 Executing VM operation: G1PauseCleanup
Event: 10.668 Executing VM operation: G1PauseCleanup done
Event: 11.226 Executing VM operation: HandshakeAllThreads
Event: 11.226 Executing VM operation: HandshakeAllThreads done
Event: 11.227 Executing VM operation: HandshakeAllThreads
Event: 11.227 Executing VM operation: HandshakeAllThreads done

Events (20 events):
Event: 9.533 Thread 0x0000019696177af0 Thread added: 0x0000019696177af0
Event: 9.569 loading class javax/naming/ldap/LdapContext
Event: 9.569 loading class javax/naming/directory/DirContext
Event: 9.570 loading class javax/naming/directory/DirContext done
Event: 9.570 loading class javax/naming/ldap/LdapContext done
Event: 9.605 Thread 0x0000019696177af0 Thread exited: 0x0000019696177af0
Event: 9.835 Thread 0x0000019696179950 Thread added: 0x0000019696179950
Event: 9.972 Thread 0x0000019696178510 Thread added: 0x0000019696178510
Event: 9.996 Thread 0x0000019696178510 Thread exited: 0x0000019696178510
Event: 9.998 loading class java/beans/PropertyVetoException
Event: 9.998 loading class java/beans/PropertyVetoException done
Event: 10.499 Thread 0x0000019696179e60 Thread added: 0x0000019696179e60
Event: 10.505 Thread 0x0000019696179e60 Thread exited: 0x0000019696179e60
Event: 10.578 Thread 0x0000019697eb88e0 Thread added: 0x0000019697eb88e0
Event: 10.886 loading class java/lang/UnsupportedClassVersionError
Event: 10.886 loading class java/lang/ClassFormatError
Event: 10.886 loading class java/lang/ClassFormatError done
Event: 10.886 loading class java/lang/UnsupportedClassVersionError done
Event: 11.007 Thread 0x0000019696178510 Thread added: 0x0000019696178510
Event: 11.014 Thread 0x0000019696178510 Thread exited: 0x0000019696178510


Dynamic libraries:
0x00007ff7ea530000 - 0x00007ff7ea53e000 	C:\Users\26449\.jdks\corretto-17.0.9\bin\java.exe
0x00007ff954190000 - 0x00007ff9543a7000 	C:\WINDOWS\SYSTEM32\ntdll.dll
0x00007ff952d10000 - 0x00007ff952dd4000 	C:\WINDOWS\System32\KERNEL32.DLL
0x00007ff9519f0000 - 0x00007ff951d96000 	C:\WINDOWS\System32\KERNELBASE.dll
0x00007ff9514d0000 - 0x00007ff9515e1000 	C:\WINDOWS\System32\ucrtbase.dll
0x00007ff93c750000 - 0x00007ff93c767000 	C:\Users\26449\.jdks\corretto-17.0.9\bin\jli.dll
0x00007ff93c720000 - 0x00007ff93c73b000 	C:\Users\26449\.jdks\corretto-17.0.9\bin\VCRUNTIME140.dll
0x00007ff953310000 - 0x00007ff9534be000 	C:\WINDOWS\System32\USER32.dll
0x00007ff9518a0000 - 0x00007ff9518c6000 	C:\WINDOWS\System32\win32u.dll
0x00007ff934f00000 - 0x00007ff935193000 	C:\WINDOWS\WinSxS\amd64_microsoft.windows.common-controls_6595b64144ccf1df_6.0.22621.2506_none_270c5ae97388e100\COMCTL32.dll
0x00007ff9527a0000 - 0x00007ff952847000 	C:\WINDOWS\System32\msvcrt.dll
0x00007ff952de0000 - 0x00007ff952e09000 	C:\WINDOWS\System32\GDI32.dll
0x00007ff9518d0000 - 0x00007ff9519e8000 	C:\WINDOWS\System32\gdi32full.dll
0x00007ff951790000 - 0x00007ff95182a000 	C:\WINDOWS\System32\msvcp_win.dll
0x00007ff9522c0000 - 0x00007ff9522f1000 	C:\WINDOWS\System32\IMM32.DLL
0x00007ff93c710000 - 0x00007ff93c71c000 	C:\Users\26449\.jdks\corretto-17.0.9\bin\vcruntime140_1.dll
0x00007ff92ac50000 - 0x00007ff92acdd000 	C:\Users\26449\.jdks\corretto-17.0.9\bin\msvcp140.dll
0x00007ff8ab560000 - 0x00007ff8ac1c1000 	C:\Users\26449\.jdks\corretto-17.0.9\bin\server\jvm.dll
0x00007ff952460000 - 0x00007ff952513000 	C:\WINDOWS\System32\ADVAPI32.dll
0x00007ff953690000 - 0x00007ff953738000 	C:\WINDOWS\System32\sechost.dll
0x00007ff951760000 - 0x00007ff951788000 	C:\WINDOWS\System32\bcrypt.dll
0x00007ff952bf0000 - 0x00007ff952d07000 	C:\WINDOWS\System32\RPCRT4.dll
0x00007ff950310000 - 0x00007ff95035d000 	C:\WINDOWS\SYSTEM32\POWRPROF.dll
0x00007ff945510000 - 0x00007ff945519000 	C:\WINDOWS\SYSTEM32\WSOCK32.dll
0x00007ff94a430000 - 0x00007ff94a464000 	C:\WINDOWS\SYSTEM32\WINMM.dll
0x00007ff952e10000 - 0x00007ff952e81000 	C:\WINDOWS\System32\WS2_32.dll
0x00007ff948120000 - 0x00007ff94812a000 	C:\WINDOWS\SYSTEM32\VERSION.dll
0x00007ff9502f0000 - 0x00007ff950303000 	C:\WINDOWS\SYSTEM32\UMPDC.dll
0x00007ff9505b0000 - 0x00007ff9505c8000 	C:\WINDOWS\SYSTEM32\kernel.appcore.dll
0x00007ff931db0000 - 0x00007ff931dba000 	C:\Users\26449\.jdks\corretto-17.0.9\bin\jimage.dll
0x00007ff94ef70000 - 0x00007ff94f1a3000 	C:\WINDOWS\SYSTEM32\DBGHELP.DLL
0x00007ff952860000 - 0x00007ff952be9000 	C:\WINDOWS\System32\combase.dll
0x00007ff951ee0000 - 0x00007ff951fb7000 	C:\WINDOWS\System32\OLEAUT32.dll
0x00007ff948d20000 - 0x00007ff948d52000 	C:\WINDOWS\SYSTEM32\dbgcore.DLL
0x00007ff951e60000 - 0x00007ff951eda000 	C:\WINDOWS\System32\bcryptPrimitives.dll
0x00007ff931300000 - 0x00007ff93130e000 	C:\Users\26449\.jdks\corretto-17.0.9\bin\instrument.dll
0x00007ff931cb0000 - 0x00007ff931cd5000 	C:\Users\26449\.jdks\corretto-17.0.9\bin\java.dll
0x00007ff92aa80000 - 0x00007ff92ab57000 	C:\Users\26449\.jdks\corretto-17.0.9\bin\jsvml.dll
0x00007ff953740000 - 0x00007ff953f9a000 	C:\WINDOWS\System32\SHELL32.dll
0x00007ff94f3e0000 - 0x00007ff94fcd6000 	C:\WINDOWS\SYSTEM32\windows.storage.dll
0x00007ff94f2a0000 - 0x00007ff94f3de000 	C:\WINDOWS\SYSTEM32\wintypes.dll
0x00007ff952300000 - 0x00007ff9523f3000 	C:\WINDOWS\System32\SHCORE.dll
0x00007ff952260000 - 0x00007ff9522be000 	C:\WINDOWS\System32\shlwapi.dll
0x00007ff951400000 - 0x00007ff951426000 	C:\WINDOWS\SYSTEM32\profapi.dll
0x00007ff92ffe0000 - 0x00007ff92fff8000 	C:\Users\26449\.jdks\corretto-17.0.9\bin\zip.dll
0x00007ff930ef0000 - 0x00007ff930f09000 	C:\Users\26449\.jdks\corretto-17.0.9\bin\net.dll
0x00007ff94a9e0000 - 0x00007ff94ab17000 	C:\WINDOWS\SYSTEM32\WINHTTP.dll
0x00007ff950a30000 - 0x00007ff950a99000 	C:\WINDOWS\system32\mswsock.dll
0x00007ff930000000 - 0x00007ff930016000 	C:\Users\26449\.jdks\corretto-17.0.9\bin\nio.dll
0x00007ff9312e0000 - 0x00007ff9312fa000 	D:\IntelliJ IDEA 2023.1.1\bin\breakgen64.dll
0x00007ff950020000 - 0x00007ff950119000 	C:\WINDOWS\SYSTEM32\DNSAPI.dll
0x00007ff94ffb0000 - 0x00007ff94ffdd000 	C:\WINDOWS\SYSTEM32\IPHLPAPI.DLL
0x00007ff952850000 - 0x00007ff952859000 	C:\WINDOWS\System32\NSI.dll
0x00007ff949a70000 - 0x00007ff949a7a000 	C:\Windows\System32\rasadhlp.dll
0x00007ff949b50000 - 0x00007ff949bd3000 	C:\WINDOWS\System32\fwpuclnt.dll
0x00007ff92db30000 - 0x00007ff92db39000 	C:\Users\26449\.jdks\corretto-17.0.9\bin\management.dll
0x00007ff92c900000 - 0x00007ff92c90b000 	C:\Users\26449\.jdks\corretto-17.0.9\bin\management_ext.dll
0x00007ff952700000 - 0x00007ff952708000 	C:\WINDOWS\System32\PSAPI.DLL
0x00007ff950c60000 - 0x00007ff950c7b000 	C:\WINDOWS\SYSTEM32\CRYPTSP.dll
0x00007ff950510000 - 0x00007ff950545000 	C:\WINDOWS\system32\rsaenh.dll
0x00007ff950af0000 - 0x00007ff950b1c000 	C:\WINDOWS\SYSTEM32\USERENV.dll
0x00007ff950c80000 - 0x00007ff950c8c000 	C:\WINDOWS\SYSTEM32\CRYPTBASE.dll
0x00007ff94ab40000 - 0x00007ff94ab59000 	C:\WINDOWS\SYSTEM32\dhcpcsvc6.DLL
0x00007ff94ab20000 - 0x00007ff94ab3f000 	C:\WINDOWS\SYSTEM32\dhcpcsvc.DLL
0x00007ff943000000 - 0x00007ff943017000 	C:\WINDOWS\system32\napinsp.dll
0x00007ff942ec0000 - 0x00007ff942edb000 	C:\WINDOWS\system32\pnrpnsp.dll
0x00007ff942ea0000 - 0x00007ff942eb1000 	C:\WINDOWS\System32\winrnr.dll
0x00007ff94a0c0000 - 0x00007ff94a0d5000 	C:\WINDOWS\system32\wshbth.dll
0x00007ff942e70000 - 0x00007ff942e91000 	C:\WINDOWS\system32\nlansp_c.dll
0x00007ff92c1c0000 - 0x00007ff92c1ce000 	C:\Users\26449\.jdks\corretto-17.0.9\bin\sunmscapi.dll
0x00007ff9515f0000 - 0x00007ff951756000 	C:\WINDOWS\System32\CRYPT32.dll
0x00007ff950e80000 - 0x00007ff950eae000 	C:\WINDOWS\SYSTEM32\ncrypt.dll
0x00007ff950e40000 - 0x00007ff950e77000 	C:\WINDOWS\SYSTEM32\NTASN1.dll
0x00007ff949d60000 - 0x00007ff949d68000 	C:\WINDOWS\system32\wshunix.dll

dbghelp: loaded successfully - version: 4.0.5 - missing functions: none
symbol engine: initialized successfully - sym options: 0x614 - pdb path: .;C:\Users\26449\.jdks\corretto-17.0.9\bin;C:\WINDOWS\SYSTEM32;C:\WINDOWS\WinSxS\amd64_microsoft.windows.common-controls_6595b64144ccf1df_6.0.22621.2506_none_270c5ae97388e100;C:\Users\26449\.jdks\corretto-17.0.9\bin\server;D:\IntelliJ IDEA 2023.1.1\bin

VM Arguments:
jvm_args: -Dvisualvm.id=450891489395000 -XX:TieredStopAtLevel=1 -Dspring.output.ansi.enabled=always -Dcom.sun.management.jmxremote -Dspring.jmx.enabled=true -Dspring.liveBeansView.mbeanDomain -Dspring.application.admin.enabled=true -Dmanagement.endpoints.jmx.exposure.include=* -javaagent:D:\IntelliJ IDEA 2023.1.1\lib\idea_rt.jar=65045:D:\IntelliJ IDEA 2023.1.1\bin -Dfile.encoding=UTF-8 
java_command: com.onlineshopping.order.OnlineshoppingOrderApplication
java_class_path (initial): C:\Users\26449\IdeaProjects\onlineshopping\onlineshopping-order\target\classes;C:\Users\26449\.m2\repository\org\springframework\boot\spring-boot-starter-web\3.2.1\spring-boot-starter-web-3.2.1.jar;C:\Users\26449\.m2\repository\org\springframework\boot\spring-boot-starter\3.2.1\spring-boot-starter-3.2.1.jar;C:\Users\26449\.m2\repository\org\springframework\boot\spring-boot\3.2.1\spring-boot-3.2.1.jar;C:\Users\26449\.m2\repository\org\springframework\boot\spring-boot-starter-logging\3.2.1\spring-boot-starter-logging-3.2.1.jar;C:\Users\26449\.m2\repository\ch\qos\logback\logback-classic\1.4.14\logback-classic-1.4.14.jar;C:\Users\26449\.m2\repository\ch\qos\logback\logback-core\1.4.14\logback-core-1.4.14.jar;C:\Users\26449\.m2\repository\org\apache\logging\log4j\log4j-to-slf4j\2.21.1\log4j-to-slf4j-2.21.1.jar;C:\Users\26449\.m2\repository\org\slf4j\jul-to-slf4j\2.0.9\jul-to-slf4j-2.0.9.jar;C:\Users\26449\.m2\repository\jakarta\annotation\jakarta.annotation-api\2.1.1\jakarta.annotation-api-2.1.1.jar;C:\Users\26449\.m2\repository\org\yaml\snakeyaml\2.2\snakeyaml-2.2.jar;C:\Users\26449\.m2\repository\org\springframework\boot\spring-boot-starter-json\3.2.1\spring-boot-starter-json-3.2.1.jar;C:\Users\26449\.m2\repository\com\fasterxml\jackson\core\jackson-databind\2.15.3\jackson-databind-2.15.3.jar;C:\Users\26449\.m2\repository\com\fasterxml\jackson\core\jackson-annotations\2.15.3\jackson-annotations-2.15.3.jar;C:\Users\26449\.m2\repository\com\fasterxml\jackson\core\jackson-core\2.15.3\jackson-core-2.15.3.jar;C:\Users\26449\.m2\repository\com\fasterxml\jackson\datatype\jackson-datatype-jdk8\2.15.3\jackson-datatype-jdk8-2.15.3.jar;C:\Users\26449\.m2\repository\com\fasterxml\jackson\datatype\jackson-datatype-jsr310\2.15.3\jackson-datatype-jsr310-2.15.3.jar;C:\Users\26449\.m2\repository\com\fasterxml\jackson\module\jackson-module-parameter-names\2.15.3\jackson-module-parameter-names-2.15.3.jar;C:\Users\26449\.m2\repository\org\springframework\boot
Launcher Type: SUN_STANDARD

[Global flags]
     intx CICompilerCount                          = 4                                         {product} {ergonomic}
     uint ConcGCThreads                            = 2                                         {product} {ergonomic}
     uint G1ConcRefinementThreads                  = 8                                         {product} {ergonomic}
   size_t G1HeapRegionSize                         = 2097152                                   {product} {ergonomic}
    uintx GCDrainStackTargetSize                   = 64                                        {product} {ergonomic}
   size_t InitialHeapSize                          = 268435456                                 {product} {ergonomic}
     bool ManagementServer                         = true                                      {product} {command line}
   size_t MarkStackSize                            = 4194304                                   {product} {ergonomic}
   size_t MaxHeapSize                              = 4263510016                                {product} {ergonomic}
   size_t MaxNewSize                               = 2556428288                                {product} {ergonomic}
   size_t MinHeapDeltaBytes                        = 2097152                                   {product} {ergonomic}
   size_t MinHeapSize                              = 8388608                                   {product} {ergonomic}
    uintx NonProfiledCodeHeapSize                  = 0                                      {pd product} {ergonomic}
     bool ProfileInterpreter                       = false                                  {pd product} {command line}
    uintx ProfiledCodeHeapSize                     = 0                                      {pd product} {ergonomic}
   size_t SoftMaxHeapSize                          = 4263510016                             {manageable} {ergonomic}
     intx TieredStopAtLevel                        = 1                                         {product} {command line}
     bool UseCompressedClassPointers               = true                           {product lp64_product} {ergonomic}
     bool UseCompressedOops                        = true                           {product lp64_product} {ergonomic}
     bool UseG1GC                                  = true                                      {product} {ergonomic}
     bool UseLargePagesIndividualAllocation        = false                                  {pd product} {ergonomic}

Logging:
Log output configuration:
 #0: stdout all=warning uptime,level,tags
 #1: stderr all=off uptime,level,tags

Environment Variables:
PATH=D:\VMware Workstation\bin\;C:\Program Files (x86)\Common Files\Oracle\Java\javapath;C:\Program Files\Java\jdk-17\bin;C:\WINDOWS\system32;C:\WINDOWS;C:\WINDOWS\System32\Wbem;C:\WINDOWS\System32\WindowsPowerShell\v1.0\;C:\WINDOWS\System32\OpenSSH\;D:\Xftp7\;D:\Xshell\;C:\Program Files\Git\cmd;D:\nodejs\;C:\Users\26449\.windows-build-tools\python27\;C:\Users\26449\AppData\Local\Microsoft\WindowsApps;;D:\IntelliJ IDEA 2023.1.1\bin;;D:\Microsoft VS Code\bin;C:\Users\26449\AppData\Roaming\npm
USERNAME=123
OS=Windows_NT
PROCESSOR_IDENTIFIER=Intel64 Family 6 Model 142 Stepping 10, GenuineIntel
TMP=C:\Users\26449\AppData\Local\Temp
TEMP=C:\Users\26449\AppData\Local\Temp



Periodic native trim disabled


---------------  S Y S T E M  ---------------

OS:
 Windows 11 , 64 bit Build 22621 (10.0.22621.2506)
OS uptime: 5 days 5:15 hours
Hyper-V role detected

CPU: total 8 (initial active 8) (4 cores per cpu, 2 threads per core) family 6 model 142 stepping 10 microcode 0xe0, cx8, cmov, fxsr, ht, mmx, 3dnowpref, sse, sse2, sse3, ssse3, sse4.1, sse4.2, popcnt, lzcnt, tsc, tscinvbit, avx, avx2, aes, erms, clmul, bmi1, bmi2, adx, fma, vzeroupper, clflush, clflushopt, hv
Processor Information for all 8 processors :
  Max Mhz: 2001, Current Mhz: 2000, Mhz Limit: 1980

Memory: 4k page, system-wide physical 16261M (816M free)
TotalPageFile size 33826M (AvailPageFile size 728M)
current process WorkingSet (physical memory assigned to process): 193M, peak: 193M
current process commit charge ("private bytes"): 235M, peak: 383M

vm_info: OpenJDK 64-Bit Server VM (17.0.9+8-LTS) for windows-amd64 JRE (17.0.9+8-LTS), built on Oct 12 2023 16:15:33 by "Administrator" with MS VC++ 16.10 / 16.11 (VS2019)

END.
