#
# There is insufficient memory for the Java Runtime Environment to continue.
# Native memory allocation (mmap) failed to map 1098907648 bytes for G1 virtual space
# Possible reasons:
#   The system is out of physical RAM or swap space
#   The process is running with CompressedOops enabled, and the Java Heap may be blocking the growth of the native heap
# Possible solutions:
#   Reduce memory load on the system
#   Increase physical memory or swap space
#   Check if swap backing store is full
#   Decrease Java heap size (-Xmx/-Xms)
#   Decrease number of Java threads
#   Decrease Java thread stack sizes (-Xss)
#   Set larger code cache with -XX:ReservedCodeCacheSize=
#   JVM is running with Zero Based Compressed Oops mode in which the Java heap is
#     placed in the first 32GB address space. The Java Heap base address is the
#     maximum limit for the native heap growth. Please use -XX:HeapBaseMinAddress
#     to set the Java Heap base and to place the Java Heap above 32GB virtual address.
# This output file may be truncated or incomplete.
#
#  Out of Memory Error (os_windows.cpp:3613), pid=14324, tid=17076
#
# JRE version: OpenJDK Runtime Environment Corretto-17.0.9.8.1 (17.0.9+8) (build 17.0.9+8-LTS)
# Java VM: OpenJDK 64-Bit Server VM Corretto-17.0.9.8.1 (17.0.9+8-LTS, mixed mode, sharing, tiered, compressed oops, compressed class ptrs, g1 gc, windows-amd64)
# No core dump will be written. Minidumps are not enabled by default on client versions of Windows
#

---------------  S U M M A R Y ------------

Command Line: -Dvisualvm.id=377554265451100 -Dmaven.multiModuleProjectDirectory=C:\Users\26449\IdeaProjects\onlineshopping -Djansi.passthrough=true -Dmaven.home=C:\Users\26449\.m2\wrapper\dists\apache-maven-3.9.5-bin\2adeog8mj13csp1uusqnc1f2mo\apache-maven-3.9.5 -Dclassworlds.conf=C:\Users\26449\.m2\wrapper\dists\apache-maven-3.9.5-bin\2adeog8mj13csp1uusqnc1f2mo\apache-maven-3.9.5\bin\m2.conf -Dmaven.ext.class.path=D:\IntelliJ IDEA 2023.1.1\plugins\maven\lib\maven-event-listener.jar -javaagent:D:\IntelliJ IDEA 2023.1.1\lib\idea_rt.jar=58436:D:\IntelliJ IDEA 2023.1.1\bin -Dfile.encoding=UTF-8 org.codehaus.classworlds.Launcher -Didea.version=2023.3.2 compile -P !native

Host: Intel(R) Core(TM) i7-8550U CPU @ 1.80GHz, 8 cores, 15G,  Windows 11 , 64 bit Build 22621 (10.0.22621.2506)
Time: Mon Jan 15 23:25:01 2024  Windows 11 , 64 bit Build 22621 (10.0.22621.2506) elapsed time: 53.357396 seconds (0d 0h 0m 53s)

---------------  T H R E A D  ---------------

Current thread (0x000001b8d97188a0):  VMThread "VM Thread" [stack: 0x0000007969600000,0x0000007969700000] [id=17076]

Stack: [0x0000007969600000,0x0000007969700000]
Native frames: (J=compiled Java code, j=interpreted, Vv=VM code, C=native code)
V  [jvm.dll+0x67cb49]
V  [jvm.dll+0x8344da]
V  [jvm.dll+0x835f9e]
V  [jvm.dll+0x836603]
V  [jvm.dll+0x247b5f]
V  [jvm.dll+0x679969]
V  [jvm.dll+0x66e2ba]
V  [jvm.dll+0x307a5b]
V  [jvm.dll+0x30ef06]
V  [jvm.dll+0x35ecee]
V  [jvm.dll+0x35ef1f]
V  [jvm.dll+0x2de658]
V  [jvm.dll+0x2dc834]
V  [jvm.dll+0x2dbe3c]
V  [jvm.dll+0x31fedb]
V  [jvm.dll+0x83aafb]
V  [jvm.dll+0x83b841]
V  [jvm.dll+0x83bd5d]
V  [jvm.dll+0x83c134]
V  [jvm.dll+0x83c200]
V  [jvm.dll+0x7e396a]
V  [jvm.dll+0x67ba35]
C  [ucrtbase.dll+0x29363]
C  [KERNEL32.DLL+0x1257d]
C  [ntdll.dll+0x5aa58]

VM_Operation (0x00000079690fbe90): G1CollectForAllocation, mode: safepoint, requested by thread 0x000001b8b675dce0


---------------  P R O C E S S  ---------------

Threads class SMR info:
_java_thread_list=0x000001b91f4e2790, length=13, elements={
0x000001b8b675dce0, 0x000001b8d971f7c0, 0x000001b8d9720440, 0x000001b8d97b0320,
0x000001b8d97b0bf0, 0x000001b8d97b15b0, 0x000001b8d97b3f80, 0x000001b8d97b6ca0,
0x000001b8d97b7c90, 0x000001b8d97e6430, 0x000001b8d970b1e0, 0x000001b8d99b5740,
0x000001b8d99bc410
}

Java Threads: ( => current thread )
  0x000001b8b675dce0 JavaThread "main" [_thread_blocked, id=22384, stack(0x0000007969000000,0x0000007969100000)]
  0x000001b8d971f7c0 JavaThread "Reference Handler" daemon [_thread_blocked, id=15464, stack(0x0000007969700000,0x0000007969800000)]
  0x000001b8d9720440 JavaThread "Finalizer" daemon [_thread_blocked, id=14968, stack(0x0000007969800000,0x0000007969900000)]
  0x000001b8d97b0320 JavaThread "Signal Dispatcher" daemon [_thread_blocked, id=5276, stack(0x0000007969900000,0x0000007969a00000)]
  0x000001b8d97b0bf0 JavaThread "Attach Listener" daemon [_thread_blocked, id=27608, stack(0x0000007969a00000,0x0000007969b00000)]
  0x000001b8d97b15b0 JavaThread "Service Thread" daemon [_thread_blocked, id=21832, stack(0x0000007969b00000,0x0000007969c00000)]
  0x000001b8d97b3f80 JavaThread "Monitor Deflation Thread" daemon [_thread_blocked, id=14264, stack(0x0000007969c00000,0x0000007969d00000)]
  0x000001b8d97b6ca0 JavaThread "C2 CompilerThread0" daemon [_thread_in_native, id=15064, stack(0x0000007969d00000,0x0000007969e00000)]
  0x000001b8d97b7c90 JavaThread "C1 CompilerThread0" daemon [_thread_blocked, id=27424, stack(0x0000007969e00000,0x0000007969f00000)]
  0x000001b8d97e6430 JavaThread "Sweeper thread" daemon [_thread_blocked, id=5592, stack(0x0000007969f00000,0x000000796a000000)]
  0x000001b8d970b1e0 JavaThread "Common-Cleaner" daemon [_thread_blocked, id=25064, stack(0x000000796a000000,0x000000796a100000)]
  0x000001b8d99b5740 JavaThread "Monitor Ctrl-Break" daemon [_thread_in_native, id=15660, stack(0x000000796a100000,0x000000796a200000)]
  0x000001b8d99bc410 JavaThread "Notification Thread" daemon [_thread_blocked, id=15176, stack(0x000000796a200000,0x000000796a300000)]

Other Threads:
=>0x000001b8d97188a0 VMThread "VM Thread" [stack: 0x0000007969600000,0x0000007969700000] [id=17076]
  0x000001b8d99b5c20 WatcherThread [stack: 0x000000796a300000,0x000000796a400000] [id=21036]
  0x000001b8b67ca720 GCTaskThread "GC Thread#0" [stack: 0x0000007969100000,0x0000007969200000] [id=14616]
  0x000001b91f7febe0 GCTaskThread "GC Thread#1" [stack: 0x000000796a500000,0x000000796a600000] [id=18264]
  0x000001b91f8b1b40 GCTaskThread "GC Thread#2" [stack: 0x000000796a600000,0x000000796a700000] [id=2260]
  0x000001b91f8b1e00 GCTaskThread "GC Thread#3" [stack: 0x000000796a700000,0x000000796a800000] [id=15980]
  0x000001b91f8b20c0 GCTaskThread "GC Thread#4" [stack: 0x000000796a800000,0x000000796a900000] [id=19312]
  0x000001b91f8b3010 GCTaskThread "GC Thread#5" [stack: 0x000000796a900000,0x000000796aa00000] [id=23880]
  0x000001b91f85ecc0 GCTaskThread "GC Thread#6" [stack: 0x000000796aa00000,0x000000796ab00000] [id=24196]
  0x000001b91f8e8fc0 GCTaskThread "GC Thread#7" [stack: 0x000000796ab00000,0x000000796ac00000] [id=408]
  0x000001b8b67db380 ConcurrentGCThread "G1 Main Marker" [stack: 0x0000007969200000,0x0000007969300000] [id=19852]
  0x000001b8b67dc440 ConcurrentGCThread "G1 Conc#0" [stack: 0x0000007969300000,0x0000007969400000] [id=27416]
  0x000001b92079e030 ConcurrentGCThread "G1 Conc#1" [stack: 0x000000796af00000,0x000000796b000000] [id=25336]
  0x000001b8b680e610 ConcurrentGCThread "G1 Refine#0" [stack: 0x0000007969400000,0x0000007969500000] [id=6644]
  0x000001b91febadd0 ConcurrentGCThread "G1 Refine#1" [stack: 0x000000796ac00000,0x000000796ad00000] [id=25080]
  0x000001b91fef26e0 ConcurrentGCThread "G1 Refine#2" [stack: 0x000000796ad00000,0x000000796ae00000] [id=24548]
  0x000001b91fef29d0 ConcurrentGCThread "G1 Refine#3" [stack: 0x000000796ae00000,0x000000796af00000] [id=22076]
  0x000001b9218527e0 ConcurrentGCThread "G1 Refine#4" [stack: 0x000000796b000000,0x000000796b100000] [id=20716]
  0x000001b921851350 ConcurrentGCThread "G1 Refine#5" [stack: 0x000000796a400000,0x000000796a500000] [id=20908]
  0x000001b8d95d6190 ConcurrentGCThread "G1 Service" [stack: 0x0000007969500000,0x0000007969600000] [id=26952]

Threads with active compile tasks:
C2 CompilerThread0    53412 15210   !   4       com.sun.tools.javac.parser.JavaTokenizer::readToken (1731 bytes)

VM state: at safepoint (normal execution)

VM Mutex/Monitor currently owned by a thread:  ([mutex/lock_event])
[0x000001b8b675a820] Threads_lock - owner thread: 0x000001b8d97188a0
[0x000001b8b675ae50] Heap_lock - owner thread: 0x000001b8b675dce0

Heap address: 0x0000000701e00000, size: 4066 MB, Compressed Oops mode: Zero based, Oop shift amount: 3

CDS archive(s) mapped at: [0x000001b8da000000-0x000001b8daba0000-0x000001b8daba0000), size 12189696, SharedBaseAddress: 0x000001b8da000000, ArchiveRelocationMode: 1.
Compressed class space mapped at: 0x000001b8db000000-0x000001b91b000000, reserved size: 1073741824
Narrow klass base: 0x000001b8da000000, Narrow klass shift: 0, Narrow klass range: 0x100000000

GC Precious Log:
 CPUs: 8 total, 8 available
 Memory: 16261M
 Large Page Support: Disabled
 NUMA Support: Disabled
 Compressed Oops: Enabled (Zero based)
 Heap Region Size: 2M
 Heap Min Capacity: 8M
 Heap Initial Capacity: 256M
 Heap Max Capacity: 4066M
 Pre-touch: Disabled
 Parallel Workers: 8
 Concurrent Workers: 2
 Concurrent Refinement Workers: 8
 Periodic GC: Disabled

Heap:
 garbage-first heap   total 536576K, used 132280K [0x0000000701e00000, 0x0000000800000000)
  region size 2048K, 2 young (4096K), 2 survivors (4096K)
 Metaspace       used 36372K, committed 37056K, reserved 1114112K
  class space    used 3856K, committed 4352K, reserved 1048576K

Heap Regions: E=young(eden), S=young(survivor), O=old, HS=humongous(starts), HC=humongous(continues), CS=collection set, F=free, OA=open archive, CA=closed archive, TAMS=top-at-mark-start (previous, next)
|   0|0x0000000701e00000, 0x0000000702000000, 0x0000000702000000|100%| O|  |TAMS 0x0000000702000000, 0x0000000701e00000| Untracked 
|   1|0x0000000702000000, 0x0000000702200000, 0x0000000702200000|100%| O|  |TAMS 0x0000000702200000, 0x0000000702000000| Untracked 
|   2|0x0000000702200000, 0x0000000702400000, 0x0000000702400000|100%| O|  |TAMS 0x0000000702400000, 0x0000000702200000| Untracked 
|   3|0x0000000702400000, 0x0000000702600000, 0x0000000702600000|100%| O|  |TAMS 0x0000000702600000, 0x0000000702400000| Untracked 
|   4|0x0000000702600000, 0x0000000702800000, 0x0000000702800000|100%| O|  |TAMS 0x0000000702800000, 0x0000000702600000| Untracked 
|   5|0x0000000702800000, 0x0000000702a00000, 0x0000000702a00000|100%| O|  |TAMS 0x0000000702a00000, 0x0000000702800000| Untracked 
|   6|0x0000000702a00000, 0x0000000702c00000, 0x0000000702c00000|100%| O|  |TAMS 0x0000000702a00000, 0x0000000702a00000| Untracked 
|   7|0x0000000702c00000, 0x0000000702e00000, 0x0000000702e00000|100%| O|  |TAMS 0x0000000702e00000, 0x0000000702c00000| Untracked 
|   8|0x0000000702e00000, 0x0000000703000000, 0x0000000703000000|100%| O|  |TAMS 0x0000000703000000, 0x0000000702e00000| Untracked 
|   9|0x0000000703000000, 0x0000000703200000, 0x0000000703200000|100%| O|  |TAMS 0x0000000703200000, 0x0000000703000000| Untracked 
|  10|0x0000000703200000, 0x0000000703400000, 0x0000000703400000|100%| O|  |TAMS 0x0000000703400000, 0x0000000703200000| Untracked 
|  11|0x0000000703400000, 0x0000000703600000, 0x0000000703600000|100%|HS|  |TAMS 0x0000000703600000, 0x0000000703400000| Complete 
|  12|0x0000000703600000, 0x0000000703800000, 0x0000000703800000|100%| O|  |TAMS 0x0000000703800000, 0x0000000703600000| Untracked 
|  13|0x0000000703800000, 0x0000000703a00000, 0x0000000703a00000|100%| O|  |TAMS 0x0000000703a00000, 0x0000000703800000| Untracked 
|  14|0x0000000703a00000, 0x0000000703c00000, 0x0000000703c00000|100%| O|  |TAMS 0x0000000703c00000, 0x0000000703a00000| Untracked 
|  15|0x0000000703c00000, 0x0000000703c00000, 0x0000000703e00000|  0%| F|  |TAMS 0x0000000703c00000, 0x0000000703c00000| Untracked 
|  16|0x0000000703e00000, 0x0000000704000000, 0x0000000704000000|100%|HS|  |TAMS 0x0000000703e00000, 0x0000000703e00000| Complete 
|  17|0x0000000704000000, 0x0000000704200000, 0x0000000704200000|100%| O|  |TAMS 0x0000000704200000, 0x0000000704000000| Untracked 
|  18|0x0000000704200000, 0x0000000704400000, 0x0000000704400000|100%| O|  |TAMS 0x0000000704400000, 0x0000000704200000| Untracked 
|  19|0x0000000704400000, 0x0000000704600000, 0x0000000704600000|100%| O|  |TAMS 0x0000000704400000, 0x0000000704400000| Untracked 
|  20|0x0000000704600000, 0x0000000704800000, 0x0000000704800000|100%| O|  |TAMS 0x0000000704800000, 0x0000000704600000| Untracked 
|  21|0x0000000704800000, 0x0000000704a00000, 0x0000000704a00000|100%| O|  |TAMS 0x0000000704800000, 0x0000000704800000| Untracked 
|  22|0x0000000704a00000, 0x0000000704c00000, 0x0000000704c00000|100%| O|  |TAMS 0x0000000704c00000, 0x0000000704a00000| Untracked 
|  23|0x0000000704c00000, 0x0000000704e00000, 0x0000000704e00000|100%| O|  |TAMS 0x0000000704e00000, 0x0000000704c00000| Untracked 
|  24|0x0000000704e00000, 0x0000000705000000, 0x0000000705000000|100%| O|  |TAMS 0x0000000705000000, 0x0000000704e00000| Untracked 
|  25|0x0000000705000000, 0x0000000705200000, 0x0000000705200000|100%| O|  |TAMS 0x0000000705200000, 0x0000000705000000| Untracked 
|  26|0x0000000705200000, 0x0000000705400000, 0x0000000705400000|100%| O|  |TAMS 0x0000000705400000, 0x0000000705200000| Untracked 
|  27|0x0000000705400000, 0x0000000705600000, 0x0000000705600000|100%| O|  |TAMS 0x0000000705600000, 0x0000000705400000| Untracked 
|  28|0x0000000705600000, 0x0000000705800000, 0x0000000705800000|100%| O|  |TAMS 0x0000000705800000, 0x0000000705600000| Untracked 
|  29|0x0000000705800000, 0x0000000705a00000, 0x0000000705a00000|100%| O|  |TAMS 0x0000000705a00000, 0x0000000705800000| Untracked 
|  30|0x0000000705a00000, 0x0000000705c00000, 0x0000000705c00000|100%| O|  |TAMS 0x0000000705c00000, 0x0000000705a00000| Untracked 
|  31|0x0000000705c00000, 0x0000000705e00000, 0x0000000705e00000|100%| O|  |TAMS 0x0000000705e00000, 0x0000000705c00000| Untracked 
|  32|0x0000000705e00000, 0x0000000706000000, 0x0000000706000000|100%| O|  |TAMS 0x0000000706000000, 0x0000000705e00000| Untracked 
|  33|0x0000000706000000, 0x0000000706200000, 0x0000000706200000|100%| O|  |TAMS 0x0000000706200000, 0x0000000706000000| Untracked 
|  34|0x0000000706200000, 0x0000000706400000, 0x0000000706400000|100%| O|  |TAMS 0x0000000706400000, 0x0000000706200000| Untracked 
|  35|0x0000000706400000, 0x0000000706600000, 0x0000000706600000|100%| O|  |TAMS 0x0000000706400000, 0x0000000706400000| Untracked 
|  36|0x0000000706600000, 0x0000000706800000, 0x0000000706800000|100%| O|  |TAMS 0x0000000706600000, 0x0000000706600000| Untracked 
|  37|0x0000000706800000, 0x0000000706a00000, 0x0000000706a00000|100%| O|  |TAMS 0x0000000706800000, 0x0000000706800000| Untracked 
|  38|0x0000000706a00000, 0x0000000706c00000, 0x0000000706c00000|100%| O|  |TAMS 0x0000000706a00000, 0x0000000706a00000| Untracked 
|  39|0x0000000706c00000, 0x0000000706e00000, 0x0000000706e00000|100%| O|  |TAMS 0x0000000706c00000, 0x0000000706c00000| Untracked 
|  40|0x0000000706e00000, 0x0000000707000000, 0x0000000707000000|100%| O|  |TAMS 0x0000000706e00000, 0x0000000706e00000| Untracked 
|  41|0x0000000707000000, 0x0000000707200000, 0x0000000707200000|100%| O|  |TAMS 0x0000000707000000, 0x0000000707000000| Untracked 
|  42|0x0000000707200000, 0x0000000707400000, 0x0000000707400000|100%| O|  |TAMS 0x0000000707200000, 0x0000000707200000| Untracked 
|  43|0x0000000707400000, 0x0000000707600000, 0x0000000707600000|100%| O|  |TAMS 0x0000000707400000, 0x0000000707400000| Untracked 
|  44|0x0000000707600000, 0x0000000707800000, 0x0000000707800000|100%| O|  |TAMS 0x0000000707600000, 0x0000000707600000| Untracked 
|  45|0x0000000707800000, 0x0000000707a00000, 0x0000000707a00000|100%| O|  |TAMS 0x0000000707800000, 0x0000000707800000| Untracked 
|  46|0x0000000707a00000, 0x0000000707b2e200, 0x0000000707c00000| 59%| O|  |TAMS 0x0000000707a00000, 0x0000000707a00000| Untracked 
|  47|0x0000000707c00000, 0x0000000707c00000, 0x0000000707e00000|  0%| F|  |TAMS 0x0000000707c00000, 0x0000000707c00000| Untracked 
|  48|0x0000000707e00000, 0x0000000707e00000, 0x0000000708000000|  0%| F|  |TAMS 0x0000000707e00000, 0x0000000707e00000| Untracked 
|  49|0x0000000708000000, 0x0000000708000000, 0x0000000708200000|  0%| F|  |TAMS 0x0000000708000000, 0x0000000708000000| Untracked 
|  50|0x0000000708200000, 0x0000000708200000, 0x0000000708400000|  0%| F|  |TAMS 0x0000000708200000, 0x0000000708200000| Untracked 
|  51|0x0000000708400000, 0x0000000708400000, 0x0000000708600000|  0%| F|  |TAMS 0x0000000708400000, 0x0000000708400000| Untracked 
|  52|0x0000000708600000, 0x0000000708600000, 0x0000000708800000|  0%| F|  |TAMS 0x0000000708600000, 0x0000000708600000| Untracked 
|  53|0x0000000708800000, 0x0000000708800000, 0x0000000708a00000|  0%| F|  |TAMS 0x0000000708800000, 0x0000000708800000| Untracked 
|  54|0x0000000708a00000, 0x0000000708a00000, 0x0000000708c00000|  0%| F|  |TAMS 0x0000000708a00000, 0x0000000708a00000| Untracked 
|  55|0x0000000708c00000, 0x0000000708c00000, 0x0000000708e00000|  0%| F|  |TAMS 0x0000000708c00000, 0x0000000708c00000| Untracked 
|  56|0x0000000708e00000, 0x0000000708e00000, 0x0000000709000000|  0%| F|  |TAMS 0x0000000708e00000, 0x0000000708e00000| Untracked 
|  57|0x0000000709000000, 0x0000000709000000, 0x0000000709200000|  0%| F|  |TAMS 0x0000000709000000, 0x0000000709000000| Untracked 
|  58|0x0000000709200000, 0x0000000709200000, 0x0000000709400000|  0%| F|  |TAMS 0x0000000709200000, 0x0000000709200000| Untracked 
|  59|0x0000000709400000, 0x0000000709400000, 0x0000000709600000|  0%| F|  |TAMS 0x0000000709400000, 0x0000000709400000| Untracked 
|  60|0x0000000709600000, 0x0000000709600000, 0x0000000709800000|  0%| F|  |TAMS 0x0000000709600000, 0x0000000709600000| Untracked 
|  61|0x0000000709800000, 0x0000000709800000, 0x0000000709a00000|  0%| F|  |TAMS 0x0000000709800000, 0x0000000709800000| Untracked 
|  62|0x0000000709a00000, 0x0000000709a00000, 0x0000000709c00000|  0%| F|  |TAMS 0x0000000709a00000, 0x0000000709a00000| Untracked 
|  63|0x0000000709c00000, 0x0000000709c00000, 0x0000000709e00000|  0%| F|  |TAMS 0x0000000709c00000, 0x0000000709c00000| Untracked 
|  64|0x0000000709e00000, 0x0000000709e00000, 0x000000070a000000|  0%| F|  |TAMS 0x0000000709e00000, 0x0000000709e00000| Untracked 
|  65|0x000000070a000000, 0x000000070a000000, 0x000000070a200000|  0%| F|  |TAMS 0x000000070a000000, 0x000000070a000000| Untracked 
|  66|0x000000070a200000, 0x000000070a200000, 0x000000070a400000|  0%| F|  |TAMS 0x000000070a200000, 0x000000070a200000| Untracked 
|  67|0x000000070a400000, 0x000000070a400000, 0x000000070a600000|  0%| F|  |TAMS 0x000000070a400000, 0x000000070a400000| Untracked 
|  68|0x000000070a600000, 0x000000070a600000, 0x000000070a800000|  0%| F|  |TAMS 0x000000070a600000, 0x000000070a600000| Untracked 
|  69|0x000000070a800000, 0x000000070a800000, 0x000000070aa00000|  0%| F|  |TAMS 0x000000070a800000, 0x000000070a800000| Untracked 
|  70|0x000000070aa00000, 0x000000070aa00000, 0x000000070ac00000|  0%| F|  |TAMS 0x000000070aa00000, 0x000000070aa00000| Untracked 
|  71|0x000000070ac00000, 0x000000070ac00000, 0x000000070ae00000|  0%| F|  |TAMS 0x000000070ac00000, 0x000000070ac00000| Untracked 
|  72|0x000000070ae00000, 0x000000070ae00000, 0x000000070b000000|  0%| F|  |TAMS 0x000000070ae00000, 0x000000070ae00000| Untracked 
|  73|0x000000070b000000, 0x000000070b000000, 0x000000070b200000|  0%| F|  |TAMS 0x000000070b000000, 0x000000070b000000| Untracked 
|  74|0x000000070b200000, 0x000000070b200000, 0x000000070b400000|  0%| F|  |TAMS 0x000000070b200000, 0x000000070b200000| Untracked 
|  75|0x000000070b400000, 0x000000070b400000, 0x000000070b600000|  0%| F|  |TAMS 0x000000070b400000, 0x000000070b400000| Untracked 
|  76|0x000000070b600000, 0x000000070b800000, 0x000000070b800000|100%| O|  |TAMS 0x000000070b800000, 0x000000070b600000| Untracked 
|  77|0x000000070b800000, 0x000000070b800000, 0x000000070ba00000|  0%| F|  |TAMS 0x000000070b800000, 0x000000070b800000| Untracked 
|  78|0x000000070ba00000, 0x000000070ba00000, 0x000000070bc00000|  0%| F|  |TAMS 0x000000070ba00000, 0x000000070ba00000| Untracked 
|  79|0x000000070bc00000, 0x000000070bc00000, 0x000000070be00000|  0%| F|  |TAMS 0x000000070bc00000, 0x000000070bc00000| Untracked 
|  80|0x000000070be00000, 0x000000070be00000, 0x000000070c000000|  0%| F|  |TAMS 0x000000070be00000, 0x000000070be00000| Untracked 
|  81|0x000000070c000000, 0x000000070c000000, 0x000000070c200000|  0%| F|  |TAMS 0x000000070c000000, 0x000000070c000000| Untracked 
|  82|0x000000070c200000, 0x000000070c200000, 0x000000070c400000|  0%| F|  |TAMS 0x000000070c200000, 0x000000070c200000| Untracked 
|  83|0x000000070c400000, 0x000000070c400000, 0x000000070c600000|  0%| F|  |TAMS 0x000000070c400000, 0x000000070c400000| Untracked 
|  84|0x000000070c600000, 0x000000070c800000, 0x000000070c800000|100%| O|  |TAMS 0x000000070c800000, 0x000000070c600000| Untracked 
|  85|0x000000070c800000, 0x000000070c800000, 0x000000070ca00000|  0%| F|  |TAMS 0x000000070c800000, 0x000000070c800000| Untracked 
|  86|0x000000070ca00000, 0x000000070ca00000, 0x000000070cc00000|  0%| F|  |TAMS 0x000000070ca00000, 0x000000070ca00000| Untracked 
|  87|0x000000070cc00000, 0x000000070ce00000, 0x000000070ce00000|100%| O|  |TAMS 0x000000070ce00000, 0x000000070cc00000| Untracked 
|  88|0x000000070ce00000, 0x000000070ce00000, 0x000000070d000000|  0%| F|  |TAMS 0x000000070ce00000, 0x000000070ce00000| Untracked 
|  89|0x000000070d000000, 0x000000070d000000, 0x000000070d200000|  0%| F|  |TAMS 0x000000070d000000, 0x000000070d000000| Untracked 
|  90|0x000000070d200000, 0x000000070d400000, 0x000000070d400000|100%| O|  |TAMS 0x000000070d400000, 0x000000070d200000| Untracked 
|  91|0x000000070d400000, 0x000000070d600000, 0x000000070d600000|100%| O|  |TAMS 0x000000070d600000, 0x000000070d400000| Untracked 
|  92|0x000000070d600000, 0x000000070d600000, 0x000000070d800000|  0%| F|  |TAMS 0x000000070d600000, 0x000000070d600000| Untracked 
|  93|0x000000070d800000, 0x000000070d800000, 0x000000070da00000|  0%| F|  |TAMS 0x000000070d800000, 0x000000070d800000| Untracked 
|  94|0x000000070da00000, 0x000000070da00000, 0x000000070dc00000|  0%| F|  |TAMS 0x000000070da00000, 0x000000070da00000| Untracked 
|  95|0x000000070dc00000, 0x000000070dc00000, 0x000000070de00000|  0%| F|  |TAMS 0x000000070dc00000, 0x000000070dc00000| Untracked 
|  96|0x000000070de00000, 0x000000070de00000, 0x000000070e000000|  0%| F|  |TAMS 0x000000070de00000, 0x000000070de00000| Untracked 
|  97|0x000000070e000000, 0x000000070e200000, 0x000000070e200000|100%| O|  |TAMS 0x000000070e200000, 0x000000070e000000| Untracked 
|  98|0x000000070e200000, 0x000000070e200000, 0x000000070e400000|  0%| F|  |TAMS 0x000000070e200000, 0x000000070e200000| Untracked 
|  99|0x000000070e400000, 0x000000070e400000, 0x000000070e600000|  0%| F|  |TAMS 0x000000070e400000, 0x000000070e400000| Untracked 
| 100|0x000000070e600000, 0x000000070e600000, 0x000000070e800000|  0%| F|  |TAMS 0x000000070e600000, 0x000000070e600000| Untracked 
| 101|0x000000070e800000, 0x000000070ea00000, 0x000000070ea00000|100%| O|  |TAMS 0x000000070ea00000, 0x000000070e800000| Untracked 
| 102|0x000000070ea00000, 0x000000070ea00000, 0x000000070ec00000|  0%| F|  |TAMS 0x000000070ea00000, 0x000000070ea00000| Untracked 
| 103|0x000000070ec00000, 0x000000070ec00000, 0x000000070ee00000|  0%| F|  |TAMS 0x000000070ec00000, 0x000000070ec00000| Untracked 
| 104|0x000000070ee00000, 0x000000070ee00000, 0x000000070f000000|  0%| F|  |TAMS 0x000000070ee00000, 0x000000070ee00000| Untracked 
| 105|0x000000070f000000, 0x000000070f000000, 0x000000070f200000|  0%| F|  |TAMS 0x000000070f000000, 0x000000070f000000| Untracked 
| 106|0x000000070f200000, 0x000000070f400000, 0x000000070f400000|100%|HS|  |TAMS 0x000000070f400000, 0x000000070f200000| Complete 
| 107|0x000000070f400000, 0x000000070f600000, 0x000000070f600000|100%|HC|  |TAMS 0x000000070f600000, 0x000000070f400000| Complete 
| 108|0x000000070f600000, 0x000000070f800000, 0x000000070f800000|100%|HC|  |TAMS 0x000000070f800000, 0x000000070f600000| Complete 
| 109|0x000000070f800000, 0x000000070f800000, 0x000000070fa00000|  0%| F|  |TAMS 0x000000070f800000, 0x000000070f800000| Untracked 
| 110|0x000000070fa00000, 0x000000070fa00000, 0x000000070fc00000|  0%| F|  |TAMS 0x000000070fa00000, 0x000000070fa00000| Untracked 
| 111|0x000000070fc00000, 0x000000070fc00000, 0x000000070fe00000|  0%| F|  |TAMS 0x000000070fc00000, 0x000000070fc00000| Untracked 
| 112|0x000000070fe00000, 0x000000070fe00000, 0x0000000710000000|  0%| F|  |TAMS 0x000000070fe00000, 0x000000070fe00000| Untracked 
| 113|0x0000000710000000, 0x0000000710000000, 0x0000000710200000|  0%| F|  |TAMS 0x0000000710000000, 0x0000000710000000| Untracked 
| 114|0x0000000710200000, 0x0000000710200000, 0x0000000710400000|  0%| F|  |TAMS 0x0000000710200000, 0x0000000710200000| Untracked 
| 115|0x0000000710400000, 0x0000000710400000, 0x0000000710600000|  0%| F|  |TAMS 0x0000000710400000, 0x0000000710400000| Untracked 
| 116|0x0000000710600000, 0x0000000710600000, 0x0000000710800000|  0%| F|  |TAMS 0x0000000710600000, 0x0000000710600000| Untracked 
| 117|0x0000000710800000, 0x0000000710800000, 0x0000000710a00000|  0%| F|  |TAMS 0x0000000710800000, 0x0000000710800000| Untracked 
| 118|0x0000000710a00000, 0x0000000710a00000, 0x0000000710c00000|  0%| F|  |TAMS 0x0000000710a00000, 0x0000000710a00000| Untracked 
| 119|0x0000000710c00000, 0x0000000710c00000, 0x0000000710e00000|  0%| F|  |TAMS 0x0000000710c00000, 0x0000000710c00000| Untracked 
| 120|0x0000000710e00000, 0x0000000710e00000, 0x0000000711000000|  0%| F|  |TAMS 0x0000000710e00000, 0x0000000710e00000| Untracked 
| 121|0x0000000711000000, 0x0000000711000000, 0x0000000711200000|  0%| F|  |TAMS 0x0000000711000000, 0x0000000711000000| Untracked 
| 122|0x0000000711200000, 0x0000000711200000, 0x0000000711400000|  0%| F|  |TAMS 0x0000000711200000, 0x0000000711200000| Untracked 
| 123|0x0000000711400000, 0x0000000711400000, 0x0000000711600000|  0%| F|  |TAMS 0x0000000711400000, 0x0000000711400000| Untracked 
| 124|0x0000000711600000, 0x0000000711600000, 0x0000000711800000|  0%| F|  |TAMS 0x0000000711600000, 0x0000000711600000| Untracked 
| 125|0x0000000711800000, 0x0000000711800000, 0x0000000711a00000|  0%| F|  |TAMS 0x0000000711800000, 0x0000000711800000| Untracked 
| 126|0x0000000711a00000, 0x0000000711a00000, 0x0000000711c00000|  0%| F|  |TAMS 0x0000000711a00000, 0x0000000711a00000| Untracked 
| 127|0x0000000711c00000, 0x0000000711e00000, 0x0000000711e00000|100%| O|  |TAMS 0x0000000711e00000, 0x0000000711c00000| Untracked 
| 128|0x0000000711e00000, 0x0000000712000000, 0x0000000712000000|100%| O|  |TAMS 0x0000000712000000, 0x0000000711e00000| Untracked 
| 129|0x0000000712000000, 0x0000000712200000, 0x0000000712200000|100%| O|  |TAMS 0x0000000712200000, 0x0000000712000000| Untracked 
| 130|0x0000000712200000, 0x0000000712400000, 0x0000000712400000|100%| O|  |TAMS 0x0000000712400000, 0x0000000712200000| Untracked 
| 131|0x0000000712400000, 0x0000000712600000, 0x0000000712600000|100%| O|  |TAMS 0x0000000712600000, 0x0000000712400000| Untracked 
| 132|0x0000000712600000, 0x0000000712600000, 0x0000000712800000|  0%| F|  |TAMS 0x0000000712600000, 0x0000000712600000| Untracked 
| 133|0x0000000712800000, 0x0000000712800000, 0x0000000712a00000|  0%| F|  |TAMS 0x0000000712800000, 0x0000000712800000| Untracked 
| 134|0x0000000712a00000, 0x0000000712a00000, 0x0000000712c00000|  0%| F|  |TAMS 0x0000000712a00000, 0x0000000712a00000| Untracked 
| 135|0x0000000712c00000, 0x0000000712e00000, 0x0000000712e00000|100%| O|  |TAMS 0x0000000712e00000, 0x0000000712c00000| Untracked 
| 136|0x0000000712e00000, 0x0000000713000000, 0x0000000713000000|100%| O|  |TAMS 0x0000000713000000, 0x0000000712e00000| Untracked 
| 137|0x0000000713000000, 0x0000000713000000, 0x0000000713200000|  0%| F|  |TAMS 0x0000000713000000, 0x0000000713000000| Untracked 
| 138|0x0000000713200000, 0x0000000713200000, 0x0000000713400000|  0%| F|  |TAMS 0x0000000713200000, 0x0000000713200000| Untracked 
| 139|0x0000000713400000, 0x0000000713400000, 0x0000000713600000|  0%| F|  |TAMS 0x0000000713400000, 0x0000000713400000| Untracked 
| 140|0x0000000713600000, 0x0000000713600000, 0x0000000713800000|  0%| F|  |TAMS 0x0000000713600000, 0x0000000713600000| Untracked 
| 141|0x0000000713800000, 0x0000000713800000, 0x0000000713a00000|  0%| F|  |TAMS 0x0000000713800000, 0x0000000713800000| Untracked 
| 142|0x0000000713a00000, 0x0000000713a00000, 0x0000000713c00000|  0%| F|  |TAMS 0x0000000713a00000, 0x0000000713a00000| Untracked 
| 143|0x0000000713c00000, 0x0000000713c00000, 0x0000000713e00000|  0%| F|  |TAMS 0x0000000713c00000, 0x0000000713c00000| Untracked 
| 144|0x0000000713e00000, 0x0000000713e00000, 0x0000000714000000|  0%| F|  |TAMS 0x0000000713e00000, 0x0000000713e00000| Untracked 
| 145|0x0000000714000000, 0x0000000714000000, 0x0000000714200000|  0%| F|  |TAMS 0x0000000714000000, 0x0000000714000000| Untracked 
| 146|0x0000000714200000, 0x0000000714200000, 0x0000000714400000|  0%| F|  |TAMS 0x0000000714200000, 0x0000000714200000| Untracked 
| 147|0x0000000714400000, 0x0000000714400000, 0x0000000714600000|  0%| F|  |TAMS 0x0000000714400000, 0x0000000714400000| Untracked 
| 148|0x0000000714600000, 0x0000000714600000, 0x0000000714800000|  0%| F|  |TAMS 0x0000000714600000, 0x0000000714600000| Untracked 
| 149|0x0000000714800000, 0x0000000714800000, 0x0000000714a00000|  0%| F|  |TAMS 0x0000000714800000, 0x0000000714800000| Untracked 
| 150|0x0000000714a00000, 0x0000000714a00000, 0x0000000714c00000|  0%| F|  |TAMS 0x0000000714a00000, 0x0000000714a00000| Untracked 
| 151|0x0000000714c00000, 0x0000000714c00000, 0x0000000714e00000|  0%| F|  |TAMS 0x0000000714c00000, 0x0000000714c00000| Untracked 
| 152|0x0000000714e00000, 0x0000000714e00000, 0x0000000715000000|  0%| F|  |TAMS 0x0000000714e00000, 0x0000000714e00000| Untracked 
| 153|0x0000000715000000, 0x0000000715000000, 0x0000000715200000|  0%| F|  |TAMS 0x0000000715000000, 0x0000000715000000| Untracked 
| 154|0x0000000715200000, 0x0000000715200000, 0x0000000715400000|  0%| F|  |TAMS 0x0000000715200000, 0x0000000715200000| Untracked 
| 155|0x0000000715400000, 0x0000000715400000, 0x0000000715600000|  0%| F|  |TAMS 0x0000000715400000, 0x0000000715400000| Untracked 
| 156|0x0000000715600000, 0x0000000715600000, 0x0000000715800000|  0%| F|  |TAMS 0x0000000715600000, 0x0000000715600000| Untracked 
| 157|0x0000000715800000, 0x0000000715800000, 0x0000000715a00000|  0%| F|  |TAMS 0x0000000715800000, 0x0000000715800000| Untracked 
| 158|0x0000000715a00000, 0x0000000715a00000, 0x0000000715c00000|  0%| F|  |TAMS 0x0000000715a00000, 0x0000000715a00000| Untracked 
| 159|0x0000000715c00000, 0x0000000715c00000, 0x0000000715e00000|  0%| F|  |TAMS 0x0000000715c00000, 0x0000000715c00000| Untracked 
| 160|0x0000000715e00000, 0x0000000715e00000, 0x0000000716000000|  0%| F|  |TAMS 0x0000000715e00000, 0x0000000715e00000| Untracked 
| 161|0x0000000716000000, 0x0000000716000000, 0x0000000716200000|  0%| F|  |TAMS 0x0000000716000000, 0x0000000716000000| Untracked 
| 162|0x0000000716200000, 0x0000000716200000, 0x0000000716400000|  0%| F|  |TAMS 0x0000000716200000, 0x0000000716200000| Untracked 
| 163|0x0000000716400000, 0x0000000716400000, 0x0000000716600000|  0%| F|  |TAMS 0x0000000716400000, 0x0000000716400000| Untracked 
| 164|0x0000000716600000, 0x0000000716600000, 0x0000000716800000|  0%| F|  |TAMS 0x0000000716600000, 0x0000000716600000| Untracked 
| 165|0x0000000716800000, 0x0000000716800000, 0x0000000716a00000|  0%| F|  |TAMS 0x0000000716800000, 0x0000000716800000| Untracked 
| 166|0x0000000716a00000, 0x0000000716a00000, 0x0000000716c00000|  0%| F|  |TAMS 0x0000000716a00000, 0x0000000716a00000| Untracked 
| 167|0x0000000716c00000, 0x0000000716c00000, 0x0000000716e00000|  0%| F|  |TAMS 0x0000000716c00000, 0x0000000716c00000| Untracked 
| 168|0x0000000716e00000, 0x0000000716e00000, 0x0000000717000000|  0%| F|  |TAMS 0x0000000716e00000, 0x0000000716e00000| Untracked 
| 169|0x0000000717000000, 0x0000000717000000, 0x0000000717200000|  0%| F|  |TAMS 0x0000000717000000, 0x0000000717000000| Untracked 
| 170|0x0000000717200000, 0x0000000717200000, 0x0000000717400000|  0%| F|  |TAMS 0x0000000717200000, 0x0000000717200000| Untracked 
| 171|0x0000000717400000, 0x0000000717400000, 0x0000000717600000|  0%| F|  |TAMS 0x0000000717400000, 0x0000000717400000| Untracked 
| 172|0x0000000717600000, 0x0000000717600000, 0x0000000717800000|  0%| F|  |TAMS 0x0000000717600000, 0x0000000717600000| Untracked 
| 173|0x0000000717800000, 0x0000000717800000, 0x0000000717a00000|  0%| F|  |TAMS 0x0000000717800000, 0x0000000717800000| Untracked 
| 174|0x0000000717a00000, 0x0000000717a00000, 0x0000000717c00000|  0%| F|  |TAMS 0x0000000717a00000, 0x0000000717a00000| Untracked 
| 175|0x0000000717c00000, 0x0000000717c00000, 0x0000000717e00000|  0%| F|  |TAMS 0x0000000717c00000, 0x0000000717c00000| Untracked 
| 176|0x0000000717e00000, 0x0000000717e00000, 0x0000000718000000|  0%| F|  |TAMS 0x0000000717e00000, 0x0000000717e00000| Untracked 
| 177|0x0000000718000000, 0x0000000718000000, 0x0000000718200000|  0%| F|  |TAMS 0x0000000718000000, 0x0000000718000000| Untracked 
| 178|0x0000000718200000, 0x0000000718200000, 0x0000000718400000|  0%| F|  |TAMS 0x0000000718200000, 0x0000000718200000| Untracked 
| 179|0x0000000718400000, 0x0000000718400000, 0x0000000718600000|  0%| F|  |TAMS 0x0000000718400000, 0x0000000718400000| Untracked 
| 180|0x0000000718600000, 0x0000000718600000, 0x0000000718800000|  0%| F|  |TAMS 0x0000000718600000, 0x0000000718600000| Untracked 
| 181|0x0000000718800000, 0x0000000718800000, 0x0000000718a00000|  0%| F|  |TAMS 0x0000000718800000, 0x0000000718800000| Untracked 
| 182|0x0000000718a00000, 0x0000000718a00000, 0x0000000718c00000|  0%| F|  |TAMS 0x0000000718a00000, 0x0000000718a00000| Untracked 
| 183|0x0000000718c00000, 0x0000000718c00000, 0x0000000718e00000|  0%| F|  |TAMS 0x0000000718c00000, 0x0000000718c00000| Untracked 
| 184|0x0000000718e00000, 0x0000000718e00000, 0x0000000719000000|  0%| F|  |TAMS 0x0000000718e00000, 0x0000000718e00000| Untracked 
| 185|0x0000000719000000, 0x0000000719000000, 0x0000000719200000|  0%| F|  |TAMS 0x0000000719000000, 0x0000000719000000| Untracked 
| 186|0x0000000719200000, 0x0000000719200000, 0x0000000719400000|  0%| F|  |TAMS 0x0000000719200000, 0x0000000719200000| Untracked 
| 187|0x0000000719400000, 0x0000000719400000, 0x0000000719600000|  0%| F|  |TAMS 0x0000000719400000, 0x0000000719400000| Untracked 
| 188|0x0000000719600000, 0x0000000719600000, 0x0000000719800000|  0%| F|  |TAMS 0x0000000719600000, 0x0000000719600000| Untracked 
| 189|0x0000000719800000, 0x0000000719800000, 0x0000000719a00000|  0%| F|  |TAMS 0x0000000719800000, 0x0000000719800000| Untracked 
| 190|0x0000000719a00000, 0x0000000719a00000, 0x0000000719c00000|  0%| F|  |TAMS 0x0000000719a00000, 0x0000000719a00000| Untracked 
| 191|0x0000000719c00000, 0x0000000719c00000, 0x0000000719e00000|  0%| F|  |TAMS 0x0000000719c00000, 0x0000000719c00000| Untracked 
| 192|0x0000000719e00000, 0x0000000719e00000, 0x000000071a000000|  0%| F|  |TAMS 0x0000000719e00000, 0x0000000719e00000| Untracked 
| 193|0x000000071a000000, 0x000000071a000000, 0x000000071a200000|  0%| F|  |TAMS 0x000000071a000000, 0x000000071a000000| Untracked 
| 194|0x000000071a200000, 0x000000071a200000, 0x000000071a400000|  0%| F|  |TAMS 0x000000071a200000, 0x000000071a200000| Untracked 
| 195|0x000000071a400000, 0x000000071a400000, 0x000000071a600000|  0%| F|  |TAMS 0x000000071a400000, 0x000000071a400000| Untracked 
| 196|0x000000071a600000, 0x000000071a600000, 0x000000071a800000|  0%| F|  |TAMS 0x000000071a600000, 0x000000071a600000| Untracked 
| 197|0x000000071a800000, 0x000000071a800000, 0x000000071aa00000|  0%| F|  |TAMS 0x000000071a800000, 0x000000071a800000| Untracked 
| 198|0x000000071aa00000, 0x000000071aa00000, 0x000000071ac00000|  0%| F|  |TAMS 0x000000071aa00000, 0x000000071aa00000| Untracked 
| 199|0x000000071ac00000, 0x000000071ac00000, 0x000000071ae00000|  0%| F|  |TAMS 0x000000071ac00000, 0x000000071ac00000| Untracked 
| 200|0x000000071ae00000, 0x000000071ae00000, 0x000000071b000000|  0%| F|  |TAMS 0x000000071ae00000, 0x000000071ae00000| Untracked 
| 201|0x000000071b000000, 0x000000071b000000, 0x000000071b200000|  0%| F|  |TAMS 0x000000071b000000, 0x000000071b000000| Untracked 
| 202|0x000000071b200000, 0x000000071b200000, 0x000000071b400000|  0%| F|  |TAMS 0x000000071b200000, 0x000000071b200000| Untracked 
| 203|0x000000071b400000, 0x000000071b400000, 0x000000071b600000|  0%| F|  |TAMS 0x000000071b400000, 0x000000071b400000| Untracked 
| 204|0x000000071b600000, 0x000000071b600000, 0x000000071b800000|  0%| F|  |TAMS 0x000000071b600000, 0x000000071b600000| Untracked 
| 205|0x000000071b800000, 0x000000071b800000, 0x000000071ba00000|  0%| F|  |TAMS 0x000000071b800000, 0x000000071b800000| Untracked 
| 206|0x000000071ba00000, 0x000000071ba00000, 0x000000071bc00000|  0%| F|  |TAMS 0x000000071ba00000, 0x000000071ba00000| Untracked 
| 207|0x000000071bc00000, 0x000000071bc00000, 0x000000071be00000|  0%| F|  |TAMS 0x000000071bc00000, 0x000000071bc00000| Untracked 
| 208|0x000000071be00000, 0x000000071be00000, 0x000000071c000000|  0%| F|  |TAMS 0x000000071be00000, 0x000000071be00000| Untracked 
| 209|0x000000071c000000, 0x000000071c000000, 0x000000071c200000|  0%| F|  |TAMS 0x000000071c000000, 0x000000071c000000| Untracked 
| 210|0x000000071c200000, 0x000000071c200000, 0x000000071c400000|  0%| F|  |TAMS 0x000000071c200000, 0x000000071c200000| Untracked 
| 211|0x000000071c400000, 0x000000071c400000, 0x000000071c600000|  0%| F|  |TAMS 0x000000071c400000, 0x000000071c400000| Untracked 
| 212|0x000000071c600000, 0x000000071c600000, 0x000000071c800000|  0%| F|  |TAMS 0x000000071c600000, 0x000000071c600000| Untracked 
| 213|0x000000071c800000, 0x000000071c800000, 0x000000071ca00000|  0%| F|  |TAMS 0x000000071c800000, 0x000000071c800000| Untracked 
| 214|0x000000071ca00000, 0x000000071ca00000, 0x000000071cc00000|  0%| F|  |TAMS 0x000000071ca00000, 0x000000071ca00000| Untracked 
| 215|0x000000071cc00000, 0x000000071cc00000, 0x000000071ce00000|  0%| F|  |TAMS 0x000000071cc00000, 0x000000071cc00000| Untracked 
| 216|0x000000071ce00000, 0x000000071ce00000, 0x000000071d000000|  0%| F|  |TAMS 0x000000071ce00000, 0x000000071ce00000| Untracked 
| 217|0x000000071d000000, 0x000000071d000000, 0x000000071d200000|  0%| F|  |TAMS 0x000000071d000000, 0x000000071d000000| Untracked 
| 218|0x000000071d200000, 0x000000071d200000, 0x000000071d400000|  0%| F|  |TAMS 0x000000071d200000, 0x000000071d200000| Untracked 
| 219|0x000000071d400000, 0x000000071d400000, 0x000000071d600000|  0%| F|  |TAMS 0x000000071d400000, 0x000000071d400000| Untracked 
| 220|0x000000071d600000, 0x000000071d600000, 0x000000071d800000|  0%| F|  |TAMS 0x000000071d600000, 0x000000071d600000| Untracked 
| 221|0x000000071d800000, 0x000000071d800000, 0x000000071da00000|  0%| F|  |TAMS 0x000000071d800000, 0x000000071d800000| Untracked 
| 222|0x000000071da00000, 0x000000071da00000, 0x000000071dc00000|  0%| F|  |TAMS 0x000000071da00000, 0x000000071da00000| Untracked 
| 223|0x000000071dc00000, 0x000000071dc00000, 0x000000071de00000|  0%| F|  |TAMS 0x000000071dc00000, 0x000000071dc00000| Untracked 
| 224|0x000000071de00000, 0x000000071de00000, 0x000000071e000000|  0%| F|  |TAMS 0x000000071de00000, 0x000000071de00000| Untracked 
| 225|0x000000071e000000, 0x000000071e000000, 0x000000071e200000|  0%| F|  |TAMS 0x000000071e000000, 0x000000071e000000| Untracked 
| 226|0x000000071e200000, 0x000000071e200000, 0x000000071e400000|  0%| F|  |TAMS 0x000000071e200000, 0x000000071e200000| Untracked 
| 227|0x000000071e400000, 0x000000071e400000, 0x000000071e600000|  0%| F|  |TAMS 0x000000071e400000, 0x000000071e400000| Untracked 
| 228|0x000000071e600000, 0x000000071e600000, 0x000000071e800000|  0%| F|  |TAMS 0x000000071e600000, 0x000000071e600000| Untracked 
| 229|0x000000071e800000, 0x000000071e800000, 0x000000071ea00000|  0%| F|  |TAMS 0x000000071e800000, 0x000000071e800000| Untracked 
| 230|0x000000071ea00000, 0x000000071ea00000, 0x000000071ec00000|  0%| F|  |TAMS 0x000000071ea00000, 0x000000071ea00000| Untracked 
| 231|0x000000071ec00000, 0x000000071ec00000, 0x000000071ee00000|  0%| F|  |TAMS 0x000000071ec00000, 0x000000071ec00000| Untracked 
| 232|0x000000071ee00000, 0x000000071ee00000, 0x000000071f000000|  0%| F|  |TAMS 0x000000071ee00000, 0x000000071ee00000| Untracked 
| 233|0x000000071f000000, 0x000000071f000000, 0x000000071f200000|  0%| F|  |TAMS 0x000000071f000000, 0x000000071f000000| Untracked 
| 234|0x000000071f200000, 0x000000071f200000, 0x000000071f400000|  0%| F|  |TAMS 0x000000071f200000, 0x000000071f200000| Untracked 
| 235|0x000000071f400000, 0x000000071f400000, 0x000000071f600000|  0%| F|  |TAMS 0x000000071f400000, 0x000000071f400000| Untracked 
| 236|0x000000071f600000, 0x000000071f600000, 0x000000071f800000|  0%| F|  |TAMS 0x000000071f600000, 0x000000071f600000| Untracked 
| 237|0x000000071f800000, 0x000000071f800000, 0x000000071fa00000|  0%| F|  |TAMS 0x000000071f800000, 0x000000071f800000| Untracked 
| 238|0x000000071fa00000, 0x000000071fa00000, 0x000000071fc00000|  0%| F|  |TAMS 0x000000071fa00000, 0x000000071fa00000| Untracked 
| 239|0x000000071fc00000, 0x000000071fc00000, 0x000000071fe00000|  0%| F|  |TAMS 0x000000071fc00000, 0x000000071fc00000| Untracked 
| 240|0x000000071fe00000, 0x000000071fe00000, 0x0000000720000000|  0%| F|  |TAMS 0x000000071fe00000, 0x000000071fe00000| Untracked 
| 241|0x0000000720000000, 0x0000000720000000, 0x0000000720200000|  0%| F|  |TAMS 0x0000000720000000, 0x0000000720000000| Untracked 
| 242|0x0000000720200000, 0x0000000720200000, 0x0000000720400000|  0%| F|  |TAMS 0x0000000720200000, 0x0000000720200000| Untracked 
| 243|0x0000000720400000, 0x0000000720400000, 0x0000000720600000|  0%| F|  |TAMS 0x0000000720400000, 0x0000000720400000| Untracked 
| 244|0x0000000720600000, 0x0000000720600000, 0x0000000720800000|  0%| F|  |TAMS 0x0000000720600000, 0x0000000720600000| Untracked 
| 245|0x0000000720800000, 0x0000000720800000, 0x0000000720a00000|  0%| F|  |TAMS 0x0000000720800000, 0x0000000720800000| Untracked 
| 246|0x0000000720a00000, 0x0000000720a00000, 0x0000000720c00000|  0%| F|  |TAMS 0x0000000720a00000, 0x0000000720a00000| Untracked 
| 247|0x0000000720c00000, 0x0000000720e00000, 0x0000000720e00000|100%| S|CS|TAMS 0x0000000720c00000, 0x0000000720c00000| Complete 
| 248|0x0000000720e00000, 0x0000000721000000, 0x0000000721000000|100%| S|CS|TAMS 0x0000000720e00000, 0x0000000720e00000| Complete 
| 249|0x0000000721000000, 0x0000000721000000, 0x0000000721200000|  0%| F|  |TAMS 0x0000000721000000, 0x0000000721000000| Untracked 
| 250|0x0000000721200000, 0x0000000721200000, 0x0000000721400000|  0%| F|  |TAMS 0x0000000721200000, 0x0000000721200000| Untracked 
| 251|0x0000000721400000, 0x0000000721400000, 0x0000000721600000|  0%| F|  |TAMS 0x0000000721400000, 0x0000000721400000| Untracked 
| 252|0x0000000721600000, 0x0000000721600000, 0x0000000721800000|  0%| F|  |TAMS 0x0000000721600000, 0x0000000721600000| Untracked 
| 253|0x0000000721800000, 0x0000000721800000, 0x0000000721a00000|  0%| F|  |TAMS 0x0000000721800000, 0x0000000721800000| Untracked 
| 254|0x0000000721a00000, 0x0000000721a00000, 0x0000000721c00000|  0%| F|  |TAMS 0x0000000721a00000, 0x0000000721a00000| Untracked 
| 255|0x0000000721c00000, 0x0000000721c00000, 0x0000000721e00000|  0%| F|  |TAMS 0x0000000721c00000, 0x0000000721c00000| Untracked 
| 256|0x0000000721e00000, 0x0000000721e00000, 0x0000000722000000|  0%| F|  |TAMS 0x0000000721e00000, 0x0000000721e00000| Untracked 
| 257|0x0000000722000000, 0x0000000722000000, 0x0000000722200000|  0%| F|  |TAMS 0x0000000722000000, 0x0000000722000000| Untracked 
| 258|0x0000000722200000, 0x0000000722200000, 0x0000000722400000|  0%| F|  |TAMS 0x0000000722200000, 0x0000000722200000| Untracked 
| 259|0x0000000722400000, 0x0000000722400000, 0x0000000722600000|  0%| F|  |TAMS 0x0000000722400000, 0x0000000722400000| Untracked 
| 260|0x0000000722600000, 0x0000000722600000, 0x0000000722800000|  0%| F|  |TAMS 0x0000000722600000, 0x0000000722600000| Untracked 
| 261|0x0000000722800000, 0x0000000722800000, 0x0000000722a00000|  0%| F|  |TAMS 0x0000000722800000, 0x0000000722800000| Untracked 

Card table byte_map: [0x000001b8cdd90000,0x000001b8ce590000] _byte_map_base: 0x000001b8ca581000

Marking Bits (Prev, Next): (CMBitMap*) 0x000001b8b67cac80, (CMBitMap*) 0x000001b8b67cac40
 Prev Bits: [0x000001b8d2d20000, 0x000001b8d6ca8000)
 Next Bits: [0x000001b8ced90000, 0x000001b8d2d18000)

Polling page: 0x000001b8b5f10000

Metaspace:

Usage:
  Non-class:     31.75 MB used.
      Class:      3.77 MB used.
       Both:     35.52 MB used.

Virtual space:
  Non-class space:       64.00 MB reserved,      31.94 MB ( 50%) committed,  1 nodes.
      Class space:        1.00 GB reserved,       4.25 MB ( <1%) committed,  1 nodes.
             Both:        1.06 GB reserved,      36.19 MB (  3%) committed. 

Chunk freelists:
   Non-Class:  15.50 MB
       Class:  12.05 MB
        Both:  27.55 MB

MaxMetaspaceSize: unlimited
CompressedClassSpaceSize: 1.00 GB
Initial GC threshold: 21.00 MB
Current GC threshold: 64.38 MB
CDS: on
MetaspaceReclaimPolicy: balanced
 - commit_granule_bytes: 65536.
 - commit_granule_words: 8192.
 - virtual_space_node_default_size: 8388608.
 - enlarge_chunks_in_place: 1.
 - new_chunks_are_fully_committed: 0.
 - uncommit_free_chunks: 1.
 - use_allocation_guard: 0.
 - handle_deallocations: 1.


Internal statistics:

num_allocs_failed_limit: 6.
num_arena_births: 386.
num_arena_deaths: 76.
num_vsnodes_births: 2.
num_vsnodes_deaths: 0.
num_space_committed: 773.
num_space_uncommitted: 194.
num_chunks_returned_to_freelist: 771.
num_chunks_taken_from_freelist: 2514.
num_chunk_merges: 246.
num_chunk_splits: 1670.
num_chunks_enlarged: 1267.
num_inconsistent_stats: 0.

CodeHeap 'non-profiled nmethods': size=120000Kb used=8606Kb max_used=10332Kb free=111393Kb
 bounds [0x000001b8c5d30000, 0x000001b8c6750000, 0x000001b8cd260000]
CodeHeap 'profiled nmethods': size=120000Kb used=21263Kb max_used=25087Kb free=98736Kb
 bounds [0x000001b8be260000, 0x000001b8bfaf0000, 0x000001b8c5790000]
CodeHeap 'non-nmethods': size=5760Kb used=1222Kb max_used=1386Kb free=4537Kb
 bounds [0x000001b8c5790000, 0x000001b8c5a00000, 0x000001b8c5d30000]
 total_blobs=10411 nmethods=9884 adapters=439
 compilation: enabled
              stopped_count=0, restarted_count=0
 full_count=0

Compilation events (20 events):
Event: 53.079 Thread 0x000001b8d97b7c90 15223       3       com.sun.tools.javac.jvm.PoolReader::<init> (12 bytes)
Event: 53.080 Thread 0x000001b8d97b7c90 nmethod 15223 0x000001b8bf742e10 code [0x000001b8bf742fc0, 0x000001b8bf743318]
Event: 53.080 Thread 0x000001b8d97b7c90 15216       3       jdk.internal.jrtfs.JrtPath::toRealPath (6 bytes)
Event: 53.080 Thread 0x000001b8d97b7c90 nmethod 15216 0x000001b8bf4af710 code [0x000001b8bf4af8c0, 0x000001b8bf4afa68]
Event: 53.080 Thread 0x000001b8d97b7c90 15215       3       com.sun.tools.javac.file.JavacFileManager::hasLocation (14 bytes)
Event: 53.080 Thread 0x000001b8d97b7c90 nmethod 15215 0x000001b8bef8c210 code [0x000001b8bef8c400, 0x000001b8bef8c8c8]
Event: 53.081 Thread 0x000001b8d97b7c90 15222       3       javax.tools.ForwardingFileObject::openInputStream (10 bytes)
Event: 53.081 Thread 0x000001b8d97b7c90 nmethod 15222 0x000001b8bee03a10 code [0x000001b8bee03bc0, 0x000001b8bee03da8]
Event: 53.081 Thread 0x000001b8d97b7c90 15225       3       com.sun.tools.javac.jvm.ClassReader$24::accepts (24 bytes)
Event: 53.081 Thread 0x000001b8d97b7c90 nmethod 15225 0x000001b8beeb9190 code [0x000001b8beeb9340, 0x000001b8beeb9528]
Event: 53.081 Thread 0x000001b8d97b7c90 15226       3       com.sun.tools.javac.jvm.ClassReader$24$$Lambda$285/0x000001b8db304af8::map (11 bytes)
Event: 53.082 Thread 0x000001b8d97b7c90 nmethod 15226 0x000001b8bef8e710 code [0x000001b8bef8e8c0, 0x000001b8bef8ea68]
Event: 53.082 Thread 0x000001b8d97b7c90 15227       3       com.sun.tools.javac.jvm.ClassReader$24$$Lambda$286/0x000001b8db304d18::apply (9 bytes)
Event: 53.082 Thread 0x000001b8d97b7c90 nmethod 15227 0x000001b8befeb790 code [0x000001b8befeb940, 0x000001b8befebc08]
Event: 53.082 Thread 0x000001b8d97b7c90 15224       3       com.sun.tools.javac.code.ModuleFinder$1::complete (18 bytes)
Event: 53.083 Thread 0x000001b8d97b7c90 nmethod 15224 0x000001b8bf1db310 code [0x000001b8bf1db4c0, 0x000001b8bf1db628]
Event: 53.083 Thread 0x000001b8d97b7c90 15214       3       com.sun.tools.javac.parser.JavacParser::classCreatorRest (112 bytes)
Event: 53.084 Thread 0x000001b8d97b7c90 nmethod 15214 0x000001b8bed40d90 code [0x000001b8bed41020, 0x000001b8bed41ae8]
Event: 53.088 Thread 0x000001b8d97b6ca0 nmethod 15204 0x000001b8c65bda10 code [0x000001b8c65bdce0, 0x000001b8c65c1060]
Event: 53.089 Thread 0x000001b8d97b6ca0 15210   !   4       com.sun.tools.javac.parser.JavaTokenizer::readToken (1731 bytes)

GC Heap History (20 events):
Event: 42.899 GC heap after
{Heap after GC invocations=23 (full 0):
 garbage-first heap   total 524288K, used 237512K [0x0000000701e00000, 0x0000000800000000)
  region size 2048K, 2 young (4096K), 2 survivors (4096K)
 Metaspace       used 44724K, committed 45376K, reserved 1114112K
  class space    used 4823K, committed 5120K, reserved 1048576K
}
Event: 43.288 GC heap before
{Heap before GC invocations=23 (full 0):
 garbage-first heap   total 524288K, used 264136K [0x0000000701e00000, 0x0000000800000000)
  region size 2048K, 10 young (20480K), 2 survivors (4096K)
 Metaspace       used 44730K, committed 45376K, reserved 1114112K
  class space    used 4823K, committed 5120K, reserved 1048576K
}
Event: 43.294 GC heap after
{Heap after GC invocations=24 (full 0):
 garbage-first heap   total 524288K, used 216896K [0x0000000701e00000, 0x0000000800000000)
  region size 2048K, 2 young (4096K), 2 survivors (4096K)
 Metaspace       used 44730K, committed 45376K, reserved 1114112K
  class space    used 4823K, committed 5120K, reserved 1048576K
}
Event: 45.515 GC heap before
{Heap before GC invocations=24 (full 0):
 garbage-first heap   total 524288K, used 411456K [0x0000000701e00000, 0x0000000800000000)
  region size 2048K, 97 young (198656K), 2 survivors (4096K)
 Metaspace       used 46561K, committed 47232K, reserved 1114112K
  class space    used 5026K, committed 5312K, reserved 1048576K
}
Event: 45.538 GC heap after
{Heap after GC invocations=25 (full 0):
 garbage-first heap   total 524288K, used 245213K [0x0000000701e00000, 0x0000000800000000)
  region size 2048K, 13 young (26624K), 13 survivors (26624K)
 Metaspace       used 46561K, committed 47232K, reserved 1114112K
  class space    used 5026K, committed 5312K, reserved 1048576K
}
Event: 46.807 GC heap before
{Heap before GC invocations=25 (full 0):
 garbage-first heap   total 524288K, used 359901K [0x0000000701e00000, 0x0000000800000000)
  region size 2048K, 66 young (135168K), 13 survivors (26624K)
 Metaspace       used 46762K, committed 47424K, reserved 1114112K
  class space    used 5036K, committed 5312K, reserved 1048576K
}
Event: 46.830 GC heap after
{Heap after GC invocations=26 (full 0):
 garbage-first heap   total 524288K, used 248528K [0x0000000701e00000, 0x0000000800000000)
  region size 2048K, 3 young (6144K), 3 survivors (6144K)
 Metaspace       used 46762K, committed 47424K, reserved 1114112K
  class space    used 5036K, committed 5312K, reserved 1048576K
}
Event: 49.141 GC heap before
{Heap before GC invocations=27 (full 0):
 garbage-first heap   total 524288K, used 441040K [0x0000000701e00000, 0x0000000800000000)
  region size 2048K, 88 young (180224K), 3 survivors (6144K)
 Metaspace       used 39443K, committed 40192K, reserved 1114112K
  class space    used 4219K, committed 4672K, reserved 1048576K
}
Event: 49.167 GC heap after
{Heap after GC invocations=28 (full 0):
 garbage-first heap   total 524288K, used 270293K [0x0000000701e00000, 0x0000000800000000)
  region size 2048K, 11 young (22528K), 11 survivors (22528K)
 Metaspace       used 39443K, committed 40192K, reserved 1114112K
  class space    used 4219K, committed 4672K, reserved 1048576K
}
Event: 49.183 GC heap before
{Heap before GC invocations=28 (full 0):
 garbage-first heap   total 524288K, used 272341K [0x0000000701e00000, 0x0000000800000000)
  region size 2048K, 12 young (24576K), 11 survivors (22528K)
 Metaspace       used 39457K, committed 40192K, reserved 1114112K
  class space    used 4220K, committed 4672K, reserved 1048576K
}
Event: 49.208 GC heap after
{Heap after GC invocations=29 (full 0):
 garbage-first heap   total 524288K, used 221742K [0x0000000701e00000, 0x0000000800000000)
  region size 2048K, 2 young (4096K), 2 survivors (4096K)
 Metaspace       used 39457K, committed 40192K, reserved 1114112K
  class space    used 4220K, committed 4672K, reserved 1048576K
}
Event: 49.303 GC heap before
{Heap before GC invocations=29 (full 0):
 garbage-first heap   total 524288K, used 240174K [0x0000000701e00000, 0x0000000800000000)
  region size 2048K, 12 young (24576K), 2 survivors (4096K)
 Metaspace       used 39477K, committed 40192K, reserved 1114112K
  class space    used 4220K, committed 4672K, reserved 1048576K
}
Event: 49.319 GC heap after
{Heap after GC invocations=30 (full 0):
 garbage-first heap   total 524288K, used 187117K [0x0000000701e00000, 0x0000000800000000)
  region size 2048K, 1 young (2048K), 1 survivors (2048K)
 Metaspace       used 39477K, committed 40192K, reserved 1114112K
  class space    used 4220K, committed 4672K, reserved 1048576K
}
Event: 50.031 GC heap before
{Heap before GC invocations=30 (full 0):
 garbage-first heap   total 524288K, used 217837K [0x0000000701e00000, 0x0000000800000000)
  region size 2048K, 17 young (34816K), 1 survivors (2048K)
 Metaspace       used 39975K, committed 40640K, reserved 1114112K
  class space    used 4266K, committed 4672K, reserved 1048576K
}
Event: 50.038 GC heap after
{Heap after GC invocations=31 (full 0):
 garbage-first heap   total 524288K, used 188632K [0x0000000701e00000, 0x0000000800000000)
  region size 2048K, 2 young (4096K), 2 survivors (4096K)
 Metaspace       used 39975K, committed 40640K, reserved 1114112K
  class space    used 4266K, committed 4672K, reserved 1048576K
}
Event: 53.028 GC heap before
{Heap before GC invocations=32 (full 0):
 garbage-first heap   total 536576K, used 493784K [0x0000000701e00000, 0x0000000800000000)
  region size 2048K, 101 young (206848K), 2 survivors (4096K)
 Metaspace       used 36360K, committed 37056K, reserved 1114112K
  class space    used 3855K, committed 4352K, reserved 1048576K
}
Event: 53.038 GC heap after
{Heap after GC invocations=33 (full 0):
 garbage-first heap   total 536576K, used 202845K [0x0000000701e00000, 0x0000000800000000)
  region size 2048K, 9 young (18432K), 9 survivors (18432K)
 Metaspace       used 36360K, committed 37056K, reserved 1114112K
  class space    used 3855K, committed 4352K, reserved 1048576K
}
Event: 53.122 GC heap before
{Heap before GC invocations=33 (full 0):
 garbage-first heap   total 536576K, used 211037K [0x0000000701e00000, 0x0000000800000000)
  region size 2048K, 13 young (26624K), 9 survivors (18432K)
 Metaspace       used 36372K, committed 37056K, reserved 1114112K
  class space    used 3856K, committed 4352K, reserved 1048576K
}
Event: 53.135 GC heap after
{Heap after GC invocations=34 (full 0):
 garbage-first heap   total 536576K, used 142998K [0x0000000701e00000, 0x0000000800000000)
  region size 2048K, 2 young (4096K), 2 survivors (4096K)
 Metaspace       used 36372K, committed 37056K, reserved 1114112K
  class space    used 3856K, committed 4352K, reserved 1048576K
}
Event: 53.337 GC heap before
{Heap before GC invocations=34 (full 0):
 garbage-first heap   total 536576K, used 165526K [0x0000000701e00000, 0x0000000800000000)
  region size 2048K, 13 young (26624K), 2 survivors (4096K)
 Metaspace       used 36372K, committed 37056K, reserved 1114112K
  class space    used 3856K, committed 4352K, reserved 1048576K
}

Dll operation events (11 events):
Event: 0.024 Loaded shared library C:\Users\26449\.jdks\corretto-17.0.9\bin\java.dll
Event: 0.070 Loaded shared library C:\Users\26449\.jdks\corretto-17.0.9\bin\jsvml.dll
Event: 0.194 Loaded shared library C:\Users\26449\.jdks\corretto-17.0.9\bin\zip.dll
Event: 0.208 Loaded shared library C:\Users\26449\.jdks\corretto-17.0.9\bin\instrument.dll
Event: 0.216 Loaded shared library C:\Users\26449\.jdks\corretto-17.0.9\bin\net.dll
Event: 0.221 Loaded shared library C:\Users\26449\.jdks\corretto-17.0.9\bin\nio.dll
Event: 0.228 Loaded shared library C:\Users\26449\.jdks\corretto-17.0.9\bin\zip.dll
Event: 0.250 Loaded shared library D:\IntelliJ IDEA 2023.1.1\bin\breakgen64.dll
Event: 0.584 Loaded shared library C:\Users\26449\.jdks\corretto-17.0.9\bin\jimage.dll
Event: 0.656 Loaded shared library C:\Users\26449\AppData\Local\Temp\jansi-2.4.0-3eb319de6e356bff-jansi.dll
Event: 0.702 Loaded shared library C:\Users\26449\.jdks\corretto-17.0.9\bin\verify.dll

Deoptimization events (20 events):
Event: 52.270 Thread 0x000001b8b675dce0 Uncommon trap: trap_request=0xffffffc6 fr.pc=0x000001b8c6694d3c relative=0x000000000000173c
Event: 52.270 Thread 0x000001b8b675dce0 Uncommon trap: reason=bimorphic_or_optimized_type_check action=maybe_recompile pc=0x000001b8c6694d3c method=com.sun.tools.javac.comp.Annotate.attributeAnnotationValue(Lcom/sun/tools/javac/code/Type;Lcom/sun/tools/javac/tree/JCTree$JCExpression;Lcom/sun/to
Event: 52.270 Thread 0x000001b8b675dce0 DEOPT PACKING pc=0x000001b8c6694d3c sp=0x00000079690fccd0
Event: 52.270 Thread 0x000001b8b675dce0 DEOPT UNPACKING pc=0x000001b8c57e69a3 sp=0x00000079690fccc0 mode 2
Event: 52.270 Thread 0x000001b8b675dce0 Uncommon trap: trap_request=0xffffffc6 fr.pc=0x000001b8c6694d3c relative=0x000000000000173c
Event: 52.270 Thread 0x000001b8b675dce0 Uncommon trap: reason=bimorphic_or_optimized_type_check action=maybe_recompile pc=0x000001b8c6694d3c method=com.sun.tools.javac.comp.Annotate.attributeAnnotationValue(Lcom/sun/tools/javac/code/Type;Lcom/sun/tools/javac/tree/JCTree$JCExpression;Lcom/sun/to
Event: 52.270 Thread 0x000001b8b675dce0 DEOPT PACKING pc=0x000001b8c6694d3c sp=0x00000079690fccd0
Event: 52.270 Thread 0x000001b8b675dce0 DEOPT UNPACKING pc=0x000001b8c57e69a3 sp=0x00000079690fccc0 mode 2
Event: 52.275 Thread 0x000001b8b675dce0 DEOPT PACKING pc=0x000001b8be86535b sp=0x00000079690fcdf0
Event: 52.275 Thread 0x000001b8b675dce0 DEOPT UNPACKING pc=0x000001b8c57e7143 sp=0x00000079690fc310 mode 0
Event: 52.342 Thread 0x000001b8b675dce0 Uncommon trap: trap_request=0xffffff45 fr.pc=0x000001b8c65ddbe0 relative=0x00000000000021c0
Event: 52.342 Thread 0x000001b8b675dce0 Uncommon trap: reason=unstable_if action=reinterpret pc=0x000001b8c65ddbe0 method=lombok.launch.PackageShader.apply([B)Z @ 190 c2
Event: 52.342 Thread 0x000001b8b675dce0 DEOPT PACKING pc=0x000001b8c65ddbe0 sp=0x00000079690fc430
Event: 52.342 Thread 0x000001b8b675dce0 DEOPT UNPACKING pc=0x000001b8c57e69a3 sp=0x00000079690fc410 mode 2
Event: 52.344 Thread 0x000001b8b675dce0 DEOPT PACKING pc=0x000001b8be75f96d sp=0x00000079690f8d60
Event: 52.344 Thread 0x000001b8b675dce0 DEOPT UNPACKING pc=0x000001b8c57e7143 sp=0x00000079690f8210 mode 0
Event: 52.346 Thread 0x000001b8b675dce0 DEOPT PACKING pc=0x000001b8be75f96d sp=0x00000079690f7640
Event: 52.346 Thread 0x000001b8b675dce0 DEOPT UNPACKING pc=0x000001b8c57e7143 sp=0x00000079690f6af0 mode 0
Event: 52.351 Thread 0x000001b8b675dce0 DEOPT PACKING pc=0x000001b8be75f96d sp=0x00000079690fc6f0
Event: 52.351 Thread 0x000001b8b675dce0 DEOPT UNPACKING pc=0x000001b8c57e7143 sp=0x00000079690fbba0 mode 0

Classes unloaded (20 events):
Event: 50.215 Thread 0x000001b8d97188a0 Unloading class 0x000001b8db326218 'lombok/permit/dummy/Parent'
Event: 50.215 Thread 0x000001b8d97188a0 Unloading class 0x000001b8db326000 'lombok/core/CleanupRegistry'
Event: 50.215 Thread 0x000001b8d97188a0 Unloading class 0x000001b8db325de8 'lombok/permit/Permit$Fake'
Event: 50.215 Thread 0x000001b8d97188a0 Unloading class 0x000001b8db325be8 'lombok/permit/Permit'
Event: 50.215 Thread 0x000001b8d97188a0 Unloading class 0x000001b8db3258f8 'lombok/javac/apt/LombokProcessor$1'
Event: 50.215 Thread 0x000001b8d97188a0 Unloading class 0x000001b8db325700 'lombok/core/DiagnosticsReceiver'
Event: 50.215 Thread 0x000001b8d97188a0 Unloading class 0x000001b8db325468 'lombok/javac/apt/LombokProcessor'
Event: 50.215 Thread 0x000001b8d97188a0 Unloading class 0x000001b8db325238 'lombok/core/AnnotationProcessor$EcjDescriptor'
Event: 50.215 Thread 0x000001b8d97188a0 Unloading class 0x000001b8db325000 'lombok/core/AnnotationProcessor$JavacDescriptor'
Event: 50.215 Thread 0x000001b8d97188a0 Unloading class 0x000001b8db324a80 'lombok/core/AnnotationProcessor$ProcessorDescriptor'
Event: 50.215 Thread 0x000001b8d97188a0 Unloading class 0x000001b8db324800 'lombok/core/AnnotationProcessor'
Event: 50.215 Thread 0x000001b8d97188a0 Unloading class 0x000001b8db35dd00 'org/apache/logging/log4j/core/config/plugins/processor/PluginCache'
Event: 50.215 Thread 0x000001b8d97188a0 Unloading class 0x000001b8db35da80 'org/apache/logging/log4j/core/config/plugins/processor/PluginProcessor'
Event: 50.215 Thread 0x000001b8d97188a0 Unloading class 0x000001b8db35d800 'lombok/launch/AnnotationProcessorHider$ClaimingProcessor'
Event: 50.215 Thread 0x000001b8d97188a0 Unloading class 0x000001b8db324498 'lombok/launch/AnnotationProcessorHider$AstModificationNotifierData'
Event: 50.215 Thread 0x000001b8d97188a0 Unloading class 0x000001b8db324218 'lombok/launch/ClassFileMetaData'
Event: 50.215 Thread 0x000001b8d97188a0 Unloading class 0x000001b8db324000 'lombok/launch/PackageShader'
Event: 50.215 Thread 0x000001b8d97188a0 Unloading class 0x000001b8db2fc480 'lombok/launch/ShadowClassLoader'
Event: 50.215 Thread 0x000001b8d97188a0 Unloading class 0x000001b8db2fc280 'lombok/launch/Main'
Event: 50.215 Thread 0x000001b8d97188a0 Unloading class 0x000001b8db2fc000 'lombok/launch/AnnotationProcessorHider$AnnotationProcessor'

Classes redefined (0 events):
No events

Internal exceptions (20 events):
Event: 52.430 Thread 0x000001b8b675dce0 Exception <a 'sun/nio/fs/WindowsException'{0x00000007170708b8}> (0x00000007170708b8) 
thrown [s\src\hotspot\share\prims\jni.cpp, line 516]
Event: 52.434 Thread 0x000001b8b675dce0 Exception <a 'sun/nio/fs/WindowsException'{0x0000000717086c50}> (0x0000000717086c50) 
thrown [s\src\hotspot\share\prims\jni.cpp, line 516]
Event: 52.434 Thread 0x000001b8b675dce0 Exception <a 'sun/nio/fs/WindowsException'{0x0000000717087330}> (0x0000000717087330) 
thrown [s\src\hotspot\share\prims\jni.cpp, line 516]
Event: 52.435 Thread 0x000001b8b675dce0 Exception <a 'sun/nio/fs/WindowsException'{0x0000000717087c60}> (0x0000000717087c60) 
thrown [s\src\hotspot\share\prims\jni.cpp, line 516]
Event: 52.439 Thread 0x000001b8b675dce0 Exception <a 'sun/nio/fs/WindowsException'{0x00000007170c1d88}> (0x00000007170c1d88) 
thrown [s\src\hotspot\share\prims\jni.cpp, line 516]
Event: 52.439 Thread 0x000001b8b675dce0 Exception <a 'sun/nio/fs/WindowsException'{0x00000007170c2458}> (0x00000007170c2458) 
thrown [s\src\hotspot\share\prims\jni.cpp, line 516]
Event: 52.439 Thread 0x000001b8b675dce0 Exception <a 'sun/nio/fs/WindowsException'{0x00000007170c2d48}> (0x00000007170c2d48) 
thrown [s\src\hotspot\share\prims\jni.cpp, line 516]
Event: 52.443 Thread 0x000001b8b675dce0 Exception <a 'sun/nio/fs/WindowsException'{0x00000007170fa2e0}> (0x00000007170fa2e0) 
thrown [s\src\hotspot\share\prims\jni.cpp, line 516]
Event: 52.443 Thread 0x000001b8b675dce0 Exception <a 'sun/nio/fs/WindowsException'{0x00000007170fa9d0}> (0x00000007170fa9d0) 
thrown [s\src\hotspot\share\prims\jni.cpp, line 516]
Event: 52.444 Thread 0x000001b8b675dce0 Exception <a 'sun/nio/fs/WindowsException'{0x00000007170fb358}> (0x00000007170fb358) 
thrown [s\src\hotspot\share\prims\jni.cpp, line 516]
Event: 52.982 Thread 0x000001b8b675dce0 Exception <a 'sun/nio/fs/WindowsException'{0x000000071279a598}> (0x000000071279a598) 
thrown [s\src\hotspot\share\prims\jni.cpp, line 516]
Event: 52.982 Thread 0x000001b8b675dce0 Exception <a 'sun/nio/fs/WindowsException'{0x000000071279a778}> (0x000000071279a778) 
thrown [s\src\hotspot\share\prims\jni.cpp, line 516]
Event: 52.984 Thread 0x000001b8b675dce0 Exception <a 'sun/nio/fs/WindowsException'{0x00000007127fc9e0}> (0x00000007127fc9e0) 
thrown [s\src\hotspot\share\prims\jni.cpp, line 516]
Event: 52.984 Thread 0x000001b8b675dce0 Exception <a 'sun/nio/fs/WindowsException'{0x00000007127fcb48}> (0x00000007127fcb48) 
thrown [s\src\hotspot\share\prims\jni.cpp, line 516]
Event: 53.069 Thread 0x000001b8b675dce0 Exception <a 'sun/nio/fs/WindowsException'{0x00000007226c0b38}> (0x00000007226c0b38) 
thrown [s\src\hotspot\share\prims\jni.cpp, line 516]
Event: 53.069 Thread 0x000001b8b675dce0 Exception <a 'sun/nio/fs/WindowsException'{0x00000007226c0d20}> (0x00000007226c0d20) 
thrown [s\src\hotspot\share\prims\jni.cpp, line 516]
Event: 53.069 Thread 0x000001b8b675dce0 Exception <a 'sun/nio/fs/WindowsException'{0x00000007226c1e28}> (0x00000007226c1e28) 
thrown [s\src\hotspot\share\prims\jni.cpp, line 516]
Event: 53.069 Thread 0x000001b8b675dce0 Exception <a 'sun/nio/fs/WindowsException'{0x00000007226c2058}> (0x00000007226c2058) 
thrown [s\src\hotspot\share\prims\jni.cpp, line 516]
Event: 53.070 Thread 0x000001b8b675dce0 Exception <a 'sun/nio/fs/WindowsException'{0x00000007226c3210}> (0x00000007226c3210) 
thrown [s\src\hotspot\share\prims\jni.cpp, line 516]
Event: 53.070 Thread 0x000001b8b675dce0 Exception <a 'sun/nio/fs/WindowsException'{0x00000007226c3408}> (0x00000007226c3408) 
thrown [s\src\hotspot\share\prims\jni.cpp, line 516]

VM Operations (20 events):
Event: 49.491 Executing VM operation: ICBufferFull done
Event: 50.031 Executing VM operation: G1TryInitiateConcMark
Event: 50.038 Executing VM operation: G1TryInitiateConcMark done
Event: 50.201 Executing VM operation: G1PauseRemark
Event: 50.248 Executing VM operation: G1PauseRemark done
Event: 50.248 Executing VM operation: HandshakeAllThreads
Event: 50.249 Executing VM operation: HandshakeAllThreads done
Event: 50.288 Executing VM operation: HandshakeAllThreads
Event: 50.288 Executing VM operation: HandshakeAllThreads done
Event: 50.334 Executing VM operation: G1PauseCleanup
Event: 50.335 Executing VM operation: G1PauseCleanup done
Event: 51.337 Executing VM operation: Cleanup
Event: 51.337 Executing VM operation: Cleanup done
Event: 52.341 Executing VM operation: Cleanup
Event: 52.341 Executing VM operation: Cleanup done
Event: 53.028 Executing VM operation: G1CollectForAllocation
Event: 53.038 Executing VM operation: G1CollectForAllocation done
Event: 53.122 Executing VM operation: G1CollectForAllocation
Event: 53.135 Executing VM operation: G1CollectForAllocation done
Event: 53.337 Executing VM operation: G1CollectForAllocation

Events (20 events):
Event: 50.328 Thread 0x000001b8d97e6430 flushing nmethod 0x000001b8bf905090
Event: 50.328 Thread 0x000001b8d97e6430 flushing nmethod 0x000001b8bf90d890
Event: 50.329 Thread 0x000001b8d97e6430 flushing nmethod 0x000001b8bf9a2e90
Event: 50.330 Thread 0x000001b8d97e6430 flushing nmethod 0x000001b8bfaa7190
Event: 50.330 Thread 0x000001b8d97e6430 flushing nmethod 0x000001b8bfaac210
Event: 50.330 Thread 0x000001b8d97e6430 flushing nmethod 0x000001b8bfab4010
Event: 50.330 Thread 0x000001b8d97e6430 flushing nmethod 0x000001b8bfab8590
Event: 50.330 Thread 0x000001b8d97e6430 flushing nmethod 0x000001b8bfabcc10
Event: 51.189 loading class jdk/internal/module/IllegalAccessLogger
Event: 51.189 loading class jdk/internal/module/IllegalAccessLogger done
Event: 52.404 loading class java/util/stream/ReferencePipeline$4
Event: 52.404 loading class java/util/stream/ReferencePipeline$4 done
Event: 52.405 loading class java/util/stream/Nodes$IntFixedNodeBuilder
Event: 52.406 loading class java/util/stream/Node$Builder$OfInt
Event: 52.406 loading class java/util/stream/Node$Builder$OfInt done
Event: 52.406 loading class java/util/stream/Nodes$IntArrayNode
Event: 52.406 loading class java/util/stream/Nodes$IntArrayNode done
Event: 52.406 loading class java/util/stream/Nodes$IntFixedNodeBuilder done
Event: 52.407 loading class java/util/stream/ReferencePipeline$4$1
Event: 52.407 loading class java/util/stream/ReferencePipeline$4$1 done


Dynamic libraries:
0x00007ff7ea530000 - 0x00007ff7ea53e000 	C:\Users\26449\.jdks\corretto-17.0.9\bin\java.exe
0x00007ff954190000 - 0x00007ff9543a7000 	C:\WINDOWS\SYSTEM32\ntdll.dll
0x00007ff952d10000 - 0x00007ff952dd4000 	C:\WINDOWS\System32\KERNEL32.DLL
0x00007ff9519f0000 - 0x00007ff951d96000 	C:\WINDOWS\System32\KERNELBASE.dll
0x00007ff9514d0000 - 0x00007ff9515e1000 	C:\WINDOWS\System32\ucrtbase.dll
0x00007ff931cc0000 - 0x00007ff931cdb000 	C:\Users\26449\.jdks\corretto-17.0.9\bin\VCRUNTIME140.dll
0x00007ff931da0000 - 0x00007ff931db7000 	C:\Users\26449\.jdks\corretto-17.0.9\bin\jli.dll
0x00007ff953310000 - 0x00007ff9534be000 	C:\WINDOWS\System32\USER32.dll
0x00007ff934f00000 - 0x00007ff935193000 	C:\WINDOWS\WinSxS\amd64_microsoft.windows.common-controls_6595b64144ccf1df_6.0.22621.2506_none_270c5ae97388e100\COMCTL32.dll
0x00007ff9518a0000 - 0x00007ff9518c6000 	C:\WINDOWS\System32\win32u.dll
0x00007ff9527a0000 - 0x00007ff952847000 	C:\WINDOWS\System32\msvcrt.dll
0x00007ff952de0000 - 0x00007ff952e09000 	C:\WINDOWS\System32\GDI32.dll
0x00007ff9518d0000 - 0x00007ff9519e8000 	C:\WINDOWS\System32\gdi32full.dll
0x00007ff951790000 - 0x00007ff95182a000 	C:\WINDOWS\System32\msvcp_win.dll
0x00007ff9522c0000 - 0x00007ff9522f1000 	C:\WINDOWS\System32\IMM32.DLL
0x00007ff931d90000 - 0x00007ff931d9c000 	C:\Users\26449\.jdks\corretto-17.0.9\bin\vcruntime140_1.dll
0x00007ff92b850000 - 0x00007ff92b8dd000 	C:\Users\26449\.jdks\corretto-17.0.9\bin\msvcp140.dll
0x00007ff8c6e10000 - 0x00007ff8c7a71000 	C:\Users\26449\.jdks\corretto-17.0.9\bin\server\jvm.dll
0x00007ff952460000 - 0x00007ff952513000 	C:\WINDOWS\System32\ADVAPI32.dll
0x00007ff953690000 - 0x00007ff953738000 	C:\WINDOWS\System32\sechost.dll
0x00007ff951760000 - 0x00007ff951788000 	C:\WINDOWS\System32\bcrypt.dll
0x00007ff952bf0000 - 0x00007ff952d07000 	C:\WINDOWS\System32\RPCRT4.dll
0x00007ff945510000 - 0x00007ff945519000 	C:\WINDOWS\SYSTEM32\WSOCK32.dll
0x00007ff94a430000 - 0x00007ff94a464000 	C:\WINDOWS\SYSTEM32\WINMM.dll
0x00007ff950310000 - 0x00007ff95035d000 	C:\WINDOWS\SYSTEM32\POWRPROF.dll
0x00007ff952e10000 - 0x00007ff952e81000 	C:\WINDOWS\System32\WS2_32.dll
0x00007ff948120000 - 0x00007ff94812a000 	C:\WINDOWS\SYSTEM32\VERSION.dll
0x00007ff9502f0000 - 0x00007ff950303000 	C:\WINDOWS\SYSTEM32\UMPDC.dll
0x00007ff9505b0000 - 0x00007ff9505c8000 	C:\WINDOWS\SYSTEM32\kernel.appcore.dll
0x00007ff931cb0000 - 0x00007ff931cba000 	C:\Users\26449\.jdks\corretto-17.0.9\bin\jimage.dll
0x00007ff94ef70000 - 0x00007ff94f1a3000 	C:\WINDOWS\SYSTEM32\DBGHELP.DLL
0x00007ff952860000 - 0x00007ff952be9000 	C:\WINDOWS\System32\combase.dll
0x00007ff951ee0000 - 0x00007ff951fb7000 	C:\WINDOWS\System32\OLEAUT32.dll
0x00007ff948d20000 - 0x00007ff948d52000 	C:\WINDOWS\SYSTEM32\dbgcore.DLL
0x00007ff951e60000 - 0x00007ff951eda000 	C:\WINDOWS\System32\bcryptPrimitives.dll
0x00007ff93c760000 - 0x00007ff93c76e000 	C:\Users\26449\.jdks\corretto-17.0.9\bin\instrument.dll
0x00007ff92e010000 - 0x00007ff92e035000 	C:\Users\26449\.jdks\corretto-17.0.9\bin\java.dll
0x00007ff92ac00000 - 0x00007ff92acd7000 	C:\Users\26449\.jdks\corretto-17.0.9\bin\jsvml.dll
0x00007ff953740000 - 0x00007ff953f9a000 	C:\WINDOWS\System32\SHELL32.dll
0x00007ff94f3e0000 - 0x00007ff94fcd6000 	C:\WINDOWS\SYSTEM32\windows.storage.dll
0x00007ff94f2a0000 - 0x00007ff94f3de000 	C:\WINDOWS\SYSTEM32\wintypes.dll
0x00007ff952300000 - 0x00007ff9523f3000 	C:\WINDOWS\System32\SHCORE.dll
0x00007ff952260000 - 0x00007ff9522be000 	C:\WINDOWS\System32\shlwapi.dll
0x00007ff951400000 - 0x00007ff951426000 	C:\WINDOWS\SYSTEM32\profapi.dll
0x00007ff92ffd0000 - 0x00007ff92ffe8000 	C:\Users\26449\.jdks\corretto-17.0.9\bin\zip.dll
0x00007ff930ef0000 - 0x00007ff930f09000 	C:\Users\26449\.jdks\corretto-17.0.9\bin\net.dll
0x00007ff94a9e0000 - 0x00007ff94ab17000 	C:\WINDOWS\SYSTEM32\WINHTTP.dll
0x00007ff950a30000 - 0x00007ff950a99000 	C:\WINDOWS\system32\mswsock.dll
0x00007ff92fff0000 - 0x00007ff930006000 	C:\Users\26449\.jdks\corretto-17.0.9\bin\nio.dll
0x00007ff93c720000 - 0x00007ff93c73a000 	D:\IntelliJ IDEA 2023.1.1\bin\breakgen64.dll
0x0000000069ac0000 - 0x0000000069ae4000 	C:\Users\26449\AppData\Local\Temp\jansi-2.4.0-3eb319de6e356bff-jansi.dll
0x00007ff92ff00000 - 0x00007ff92ff10000 	C:\Users\26449\.jdks\corretto-17.0.9\bin\verify.dll

dbghelp: loaded successfully - version: 4.0.5 - missing functions: none
symbol engine: initialized successfully - sym options: 0x614 - pdb path: .;C:\Users\26449\.jdks\corretto-17.0.9\bin;C:\WINDOWS\SYSTEM32;C:\WINDOWS\WinSxS\amd64_microsoft.windows.common-controls_6595b64144ccf1df_6.0.22621.2506_none_270c5ae97388e100;C:\Users\26449\.jdks\corretto-17.0.9\bin\server;D:\IntelliJ IDEA 2023.1.1\bin;C:\Users\26449\AppData\Local\Temp

VM Arguments:
jvm_args: -Dvisualvm.id=377554265451100 -Dmaven.multiModuleProjectDirectory=C:\Users\26449\IdeaProjects\onlineshopping -Djansi.passthrough=true -Dmaven.home=C:\Users\26449\.m2\wrapper\dists\apache-maven-3.9.5-bin\2adeog8mj13csp1uusqnc1f2mo\apache-maven-3.9.5 -Dclassworlds.conf=C:\Users\26449\.m2\wrapper\dists\apache-maven-3.9.5-bin\2adeog8mj13csp1uusqnc1f2mo\apache-maven-3.9.5\bin\m2.conf -Dmaven.ext.class.path=D:\IntelliJ IDEA 2023.1.1\plugins\maven\lib\maven-event-listener.jar -javaagent:D:\IntelliJ IDEA 2023.1.1\lib\idea_rt.jar=58436:D:\IntelliJ IDEA 2023.1.1\bin -Dfile.encoding=UTF-8 
java_command: org.codehaus.classworlds.Launcher -Didea.version=2023.3.2 compile -P !native
java_class_path (initial): C:\Users\26449\.m2\wrapper\dists\apache-maven-3.9.5-bin\2adeog8mj13csp1uusqnc1f2mo\apache-maven-3.9.5\boot\plexus-classworlds-2.7.0.jar;C:\Users\26449\.m2\wrapper\dists\apache-maven-3.9.5-bin\2adeog8mj13csp1uusqnc1f2mo\apache-maven-3.9.5\boot\plexus-classworlds.license
Launcher Type: SUN_STANDARD

[Global flags]
     intx CICompilerCount                          = 4                                         {product} {ergonomic}
     uint ConcGCThreads                            = 2                                         {product} {ergonomic}
     uint G1ConcRefinementThreads                  = 8                                         {product} {ergonomic}
   size_t G1HeapRegionSize                         = 2097152                                   {product} {ergonomic}
    uintx GCDrainStackTargetSize                   = 64                                        {product} {ergonomic}
   size_t InitialHeapSize                          = 268435456                                 {product} {ergonomic}
   size_t MarkStackSize                            = 4194304                                   {product} {ergonomic}
   size_t MaxHeapSize                              = 4263510016                                {product} {ergonomic}
   size_t MaxNewSize                               = 2556428288                                {product} {ergonomic}
   size_t MinHeapDeltaBytes                        = 2097152                                   {product} {ergonomic}
   size_t MinHeapSize                              = 8388608                                   {product} {ergonomic}
    uintx NonNMethodCodeHeapSize                   = 5839372                                {pd product} {ergonomic}
    uintx NonProfiledCodeHeapSize                  = 122909434                              {pd product} {ergonomic}
    uintx ProfiledCodeHeapSize                     = 122909434                              {pd product} {ergonomic}
    uintx ReservedCodeCacheSize                    = 251658240                              {pd product} {ergonomic}
     bool SegmentedCodeCache                       = true                                      {product} {ergonomic}
   size_t SoftMaxHeapSize                          = 4263510016                             {manageable} {ergonomic}
     bool UseCompressedClassPointers               = true                           {product lp64_product} {ergonomic}
     bool UseCompressedOops                        = true                           {product lp64_product} {ergonomic}
     bool UseG1GC                                  = true                                      {product} {ergonomic}
     bool UseLargePagesIndividualAllocation        = false                                  {pd product} {ergonomic}

Logging:
Log output configuration:
 #0: stdout all=warning uptime,level,tags
 #1: stderr all=off uptime,level,tags

Environment Variables:
PATH=D:\VMware Workstation\bin\;C:\Program Files (x86)\Common Files\Oracle\Java\javapath;C:\Program Files\Java\jdk-17\bin;C:\WINDOWS\system32;C:\WINDOWS;C:\WINDOWS\System32\Wbem;C:\WINDOWS\System32\WindowsPowerShell\v1.0\;C:\WINDOWS\System32\OpenSSH\;D:\Xftp7\;D:\Xshell\;C:\Program Files\Git\cmd;D:\nodejs\;C:\Users\26449\.windows-build-tools\python27\;C:\Users\26449\AppData\Local\Microsoft\WindowsApps;;D:\IntelliJ IDEA 2023.1.1\bin;;D:\Microsoft VS Code\bin;C:\Users\26449\AppData\Roaming\npm
USERNAME=123
OS=Windows_NT
PROCESSOR_IDENTIFIER=Intel64 Family 6 Model 142 Stepping 10, GenuineIntel
TMP=C:\Users\26449\AppData\Local\Temp
TEMP=C:\Users\26449\AppData\Local\Temp



Periodic native trim disabled


---------------  S Y S T E M  ---------------

OS:
 Windows 11 , 64 bit Build 22621 (10.0.22621.2506)
OS uptime: 4 days 8:53 hours
Hyper-V role detected

CPU: total 8 (initial active 8) (4 cores per cpu, 2 threads per core) family 6 model 142 stepping 10 microcode 0xe0, cx8, cmov, fxsr, ht, mmx, 3dnowpref, sse, sse2, sse3, ssse3, sse4.1, sse4.2, popcnt, lzcnt, tsc, tscinvbit, avx, avx2, aes, erms, clmul, bmi1, bmi2, adx, fma, vzeroupper, clflush, clflushopt, hv
Processor Information for all 8 processors :
  Max Mhz: 2001, Current Mhz: 2000, Mhz Limit: 1980

Memory: 4k page, system-wide physical 16261M (263M free)
TotalPageFile size 33780M (AvailPageFile size 163M)
current process WorkingSet (physical memory assigned to process): 744M, peak: 758M
current process commit charge ("private bytes"): 776M, peak: 1823M

vm_info: OpenJDK 64-Bit Server VM (17.0.9+8-LTS) for windows-amd64 JRE (17.0.9+8-LTS), built on Oct 12 2023 16:15:33 by "Administrator" with MS VC++ 16.10 / 16.11 (VS2019)

END.
